2020-07-29 04:59:20,132--__main__--INFO--><StreamHandler <stderr> (NOTSET)>
2020-07-29 05:03:11,634--__main__--INFO-->0
2020-07-29 05:03:28,270--__main__--DEBUG-->0
2020-07-29 05:04:20,111--__main__--DEBUG-->1
2020-07-30 04:37:54,939--__main__--INFO-->0
2020-07-30 04:40:32,779--__main__--INFO-->First time SSH to 192.168.0.2
2020-07-30 04:41:02,293--__main__--DEBUG-->First time SSH to 192.168.0.2
2020-08-02 05:05:43,847--__main__--DEBUG-->Connect to 192.168.0.1
2020-08-02 05:05:43,904--__main__--DEBUG-->Enter password
2020-08-02 05:05:44,684--__main__--DEBUG-->Enable Exec Mode
2020-08-02 05:05:44,947--__main__--DEBUG-->Disable terminal length
2020-08-02 05:05:45,046--__main__--DEBUG-->Enter configuration mode
2020-08-02 05:06:32,642--__main__--DEBUG-->Connect to 192.168.0.1 
2020-08-02 05:06:32,693--__main__--DEBUG-->Enter password 
2020-08-02 05:06:33,490--__main__--DEBUG-->Enable Exec Mode 
2020-08-02 05:06:33,553--__main__--DEBUG-->Disable terminal length 
2020-08-02 05:06:33,653--__main__--DEBUG-->Enter configuration mode 
2020-08-02 05:06:47,055--__main__--DEBUG-->Connect to 192.168.0.1 
2020-08-02 05:06:47,107--__main__--DEBUG-->Enter password 
2020-08-02 05:06:47,941--__main__--DEBUG-->Enable Exec Mode 
2020-08-02 05:06:48,003--__main__--DEBUG-->Disable terminal length 
2020-08-02 05:06:48,101--__main__--DEBUG-->Enter configuration mode 
2020-08-02 05:07:20,852--__main__--DEBUG--> Connect to 192.168.0.1
2020-08-02 05:07:20,904--__main__--DEBUG--> Enter password
2020-08-02 05:07:21,692--__main__--DEBUG--> Enable Exec Mode
2020-08-02 05:07:21,756--__main__--DEBUG--> Disable terminal length
2020-08-02 05:07:21,853--__main__--DEBUG--> Enter configuration mode
2020-08-02 05:07:40,422--__main__--DEBUG--> Connect to 192.168.0.1
2020-08-02 05:07:40,474--__main__--DEBUG--> Enter password
2020-08-02 05:07:41,273--__main__--DEBUG--> Enable Exec Mode
2020-08-02 05:07:41,336--__main__--DEBUG--> Disable terminal length
2020-08-02 05:07:41,434--__main__--DEBUG--> Enter configuration mode
2020-08-02 05:08:02,094--__main__--DEBUG--> Connect to 192.168.0.1
2020-08-02 05:08:02,145--__main__--DEBUG--> Enter password
2020-08-02 05:08:02,933--__main__--DEBUG--> Enable Exec Mode
2020-08-02 05:08:02,997--__main__--DEBUG--> Disable terminal length
2020-08-02 05:08:03,102--__main__--DEBUG--> Enter configuration mode
2020-08-02 05:09:11,746--__main__--DEBUG--> Connect to 192.168.0.1
2020-08-02 05:09:11,804--__main__--DEBUG--> Enter password
2020-08-02 05:09:12,598--__main__--DEBUG--> Enable Exec Mode
2020-08-02 05:09:12,665--__main__--DEBUG--> Disable terminal length
2020-08-02 05:09:12,764--__main__--DEBUG--> Enter configuration mode
2020-08-02 05:09:55,237--__main__--DEBUG--> First time SSH to 192.168.0.2
2020-08-02 05:09:55,500--__main__--DEBUG--> Connect to 192.168.0.2
2020-08-02 05:09:55,550--__main__--DEBUG--> Enter password
2020-08-02 05:09:57,196--__main__--DEBUG--> Enable Exec Mode
2020-08-02 05:09:57,266--__main__--DEBUG--> Disable terminal length
2020-08-02 05:09:57,371--__main__--DEBUG--> Enter configuration mode
2020-08-02 05:10:21,443--__main__--DEBUG--> Connect to 192.168.0.2
2020-08-02 05:10:21,494--__main__--DEBUG--> Enter password
2020-08-02 05:10:22,931--__main__--DEBUG--> Enable Exec Mode
2020-08-02 05:10:22,993--__main__--DEBUG--> Disable terminal length
2020-08-02 05:10:23,090--__main__--DEBUG--> Enter configuration mode
2020-08-02 05:12:08,238--__main__--DEBUG--> Connect to 192.168.0.2
2020-08-02 05:12:08,290--__main__--DEBUG--> 192.168.0.2 Enter password
2020-08-02 05:12:09,980--__main__--DEBUG--> 192.168.0.2 Enable Exec Mode
2020-08-02 05:12:10,055--__main__--DEBUG--> 192.168.0.2 Disable terminal length
2020-08-02 05:12:10,152--__main__--DEBUG--> 192.168.0.2 Enter configuration mode
2020-08-02 05:19:39,970--__main__--DEBUG--> Connect to 192.168.0.2
2020-08-02 05:19:40,033--__main__--DEBUG--> 192.168.0.2 Enter password
2020-08-02 05:19:41,781--__main__--DEBUG--> 192.168.0.2 Enable Exec Mode
2020-08-02 05:19:41,846--__main__--DEBUG--> 192.168.0.2 Disable terminal length
2020-08-02 05:19:41,947--__main__--DEBUG--> 192.168.0.2 Enter configuration mode
2020-08-02 05:19:42,045--__main__--DEBUG--> 192.168.0.2 configure vlan 0
2020-08-02 05:19:42,340--__main__--DEBUG--> 192.168.0.2 configure vlan 1
2020-08-02 05:19:42,467--__main__--DEBUG--> 192.168.0.2 configure vlan 2
2020-08-02 05:19:42,683--__main__--DEBUG--> 192.168.0.2 Save config
2020-08-02 05:23:27,380--__main__--DEBUG--> Connect to 192.168.0.2
2020-08-02 05:23:27,431--__main__--DEBUG--> 192.168.0.2 Enter password
2020-08-02 05:23:29,172--__main__--DEBUG--> 192.168.0.2 Enable Exec Mode
2020-08-02 05:23:29,238--__main__--DEBUG--> 192.168.0.2 Disable terminal length
2020-08-02 05:23:29,341--__main__--DEBUG--> 192.168.0.2 Enter configuration mode
2020-08-02 05:23:29,445--__main__--DEBUG--> 192.168.0.2 Configure VLAN 0
2020-08-02 05:23:29,592--__main__--DEBUG--> 192.168.0.2 Configure VLAN 1
2020-08-02 05:23:29,715--__main__--DEBUG--> 192.168.0.2 Configure VLAN 2
2020-08-02 05:23:37,599--__main__--DEBUG--> 192.168.0.2 Save config
2020-08-02 05:24:15,509--__main__--DEBUG--> Connect to 192.168.0.2
2020-08-02 05:24:15,560--__main__--DEBUG--> 192.168.0.2 Enter password
2020-08-02 05:24:17,389--__main__--DEBUG--> 192.168.0.2 Enable Exec Mode
2020-08-02 05:24:17,459--__main__--DEBUG--> 192.168.0.2 Disable terminal length
2020-08-02 05:24:17,560--__main__--DEBUG--> 192.168.0.2 Enter configuration mode
2020-08-02 05:24:17,666--__main__--DEBUG--> 192.168.0.2 Configure VLAN 0
2020-08-02 05:24:17,829--__main__--DEBUG--> 192.168.0.2 Configure VLAN 1
2020-08-02 05:24:17,947--__main__--DEBUG--> 192.168.0.2 Configure VLAN 2
2020-08-02 05:24:23,958--__main__--DEBUG--> 192.168.0.2 Save config
2020-08-02 05:25:21,903--__main__--DEBUG--> Connect to 192.168.0.2
2020-08-02 05:25:21,956--__main__--DEBUG--> 192.168.0.2 Enter password
2020-08-02 05:25:23,775--__main__--DEBUG--> 192.168.0.2 Enable Exec Mode
2020-08-02 05:25:23,839--__main__--DEBUG--> 192.168.0.2 Disable terminal length
2020-08-02 05:25:23,942--__main__--DEBUG--> 192.168.0.2 Enter configuration mode
2020-08-02 05:25:24,041--__main__--DEBUG--> 192.168.0.2 Configure VLAN 0
2020-08-02 05:25:24,198--__main__--DEBUG--> 192.168.0.2 Configure VLAN 1
2020-08-02 05:25:24,318--__main__--DEBUG--> 192.168.0.2 Configure VLAN 2
2020-08-02 05:25:31,169--__main__--ERROR--> 192.168.0.2 Save config
NoneType: None
2020-08-02 05:26:42,040--__main__--DEBUG--> Connect to 192.168.0.2
2020-08-02 05:26:42,092--__main__--DEBUG--> 192.168.0.2 Enter password
2020-08-02 05:26:44,235--__main__--DEBUG--> 192.168.0.2 Enable Exec Mode
2020-08-02 05:26:44,298--__main__--DEBUG--> 192.168.0.2 Disable terminal length
2020-08-02 05:26:44,396--__main__--DEBUG--> 192.168.0.2 Enter configuration mode
2020-08-02 05:26:44,499--__main__--DEBUG--> 192.168.0.2 Configure VLAN 0
2020-08-02 05:26:44,643--__main__--DEBUG--> 192.168.0.2 Configure VLAN 1
2020-08-02 05:26:44,755--__main__--DEBUG--> 192.168.0.2 Configure VLAN 2
2020-08-02 05:26:52,092--__main__--DEBUG--> 192.168.0.2 Save config
2020-08-02 05:27:31,469--__main__--DEBUG--> Connect to 192.168.0.2
2020-08-02 05:27:31,526--__main__--DEBUG--> 192.168.0.2 Enter password
2020-08-02 05:27:33,825--__main__--DEBUG--> 192.168.0.2 Enable Exec Mode
2020-08-02 05:27:33,889--__main__--DEBUG--> 192.168.0.2 Disable terminal length
2020-08-02 05:27:33,988--__main__--DEBUG--> 192.168.0.2 Enter configuration mode
2020-08-02 05:27:34,095--__main__--DEBUG--> 192.168.0.2 Configure VLAN 0
2020-08-02 05:27:34,242--__main__--DEBUG--> 192.168.0.2 Configure VLAN 1
2020-08-02 05:27:34,444--__main__--DEBUG--> 192.168.0.2 Configure VLAN 2
2020-08-02 05:27:41,774--__main__--DEBUG--> 192.168.0.2 Save config
2020-08-02 05:27:43,341--__main__--DEBUG--> b'show run\r\n! Command: show running-config\r\n! device: Arista2 (vEOS, EOS-4.20.15M)\r\n!\r\n! boot system flash:/vEOS-lab.swi\r\n!\r\ntransceiver qsfp default-mode 4x10G\r\n!\r\nhostname Arista2\r\n!\r\nspanning-tree mode mstp\r\n!\r\nno aaa root\r\n!\r\nusername admin role network-admin secret sha512 $6$SjLK3OKP8H4Sd2gu$SHbqCs.J5o9dIJvF7uet0OX57Ho7z66EspJ1zoPFEUx7L/TYMZvqYPDTzDBw4GiUFxTx7RSfKxldvGe19VJZq1\r\n!\r\nno vlan 1\r\n!\r\ninterface Management1\r\n   ip address 192.168.0.2/24\r\n!\r\nno ip routing\r\n!\r\nend\r\nArista2'
2020-08-02 05:28:35,814--__main__--DEBUG--> Connect to 192.168.0.2
2020-08-02 05:28:35,864--__main__--DEBUG--> 192.168.0.2 Enter password
2020-08-02 05:28:37,889--__main__--DEBUG--> 192.168.0.2 Enable Exec Mode
2020-08-02 05:28:37,954--__main__--DEBUG--> 192.168.0.2 Disable terminal length
2020-08-02 05:28:38,056--__main__--DEBUG--> 192.168.0.2 Enter configuration mode
2020-08-02 05:28:38,157--__main__--DEBUG--> 192.168.0.2 Configure VLAN 0
2020-08-02 05:28:38,297--__main__--DEBUG--> 192.168.0.2 Configure VLAN 1
2020-08-02 05:28:38,413--__main__--DEBUG--> 192.168.0.2 Configure VLAN 2
2020-08-02 05:28:38,595--__main__--DEBUG--> 192.168.0.2 Save config
2020-08-02 05:28:40,183--__main__--DEBUG--> b'show run\r\n! Command: show running-config\r\n! device: Arista2 (vEOS, EOS-4.20.15M)\r\n!\r\n! boot system flash:/vEOS-lab.swi\r\n!\r\ntransceiver qsfp default-mode 4x10G\r\n!\r\nhostname Arista2\r\n!\r\nspanning-tree mode mstp\r\n!\r\nno aaa root\r\n!\r\nusername admin role network-admin secret sha512 $6$SjLK3OKP8H4Sd2gu$SHbqCs.J5o9dIJvF7uet0OX57Ho7z66EspJ1zoPFEUx7L/TYMZvqYPDTzDBw4GiUFxTx7RSfKxldvGe19VJZq1\r\n!\r\nvlan 2\r\n!\r\ninterface Management1\r\n   ip address 192.168.0.2/24\r\n!\r\nno ip routing\r\n!\r\nend\r\nArista2'
2020-08-02 05:28:40,183--__main__--DEBUG--> b'#'
2020-08-03 03:02:10,789--__main__--DEBUG--> Connect to 192.168.0.2
2020-08-03 03:02:10,855--__main__--DEBUG--> 192.168.0.2 Enter password
2020-08-03 03:02:10,956--__main__--ERROR--> Cannot SSH to 192.168.0.2
Traceback (most recent call last):
  File "/usr/lib/python3/dist-packages/pexpect/spawnbase.py", line 166, in read_nonblocking
    s = os.read(self.child_fd, size)
OSError: [Errno 5] Input/output error

During handling of the above exception, another exception occurred:

Traceback (most recent call last):
  File "/usr/lib/python3/dist-packages/pexpect/expect.py", line 111, in expect_loop
    incoming = spawn.read_nonblocking(spawn.maxread, timeout)
  File "/usr/lib/python3/dist-packages/pexpect/pty_spawn.py", line 485, in read_nonblocking
    return super(spawn, self).read_nonblocking(size)
  File "/usr/lib/python3/dist-packages/pexpect/spawnbase.py", line 171, in read_nonblocking
    raise EOF('End Of File (EOF). Exception style platform.')
pexpect.exceptions.EOF: End Of File (EOF). Exception style platform.

During handling of the above exception, another exception occurred:

Traceback (most recent call last):
  File "/home/do/Desktop/Projects/DevOps/3_pexpect_logging_new-ssh-key.py", line 56, in <module>
    result = ssh.expect(read_mode)
  File "/usr/lib/python3/dist-packages/pexpect/spawnbase.py", line 340, in expect
    return self.expect_list(compiled_pattern_list,
  File "/usr/lib/python3/dist-packages/pexpect/spawnbase.py", line 369, in expect_list
    return exp.expect_loop(timeout)
  File "/usr/lib/python3/dist-packages/pexpect/expect.py", line 117, in expect_loop
    return self.eof(e)
  File "/usr/lib/python3/dist-packages/pexpect/expect.py", line 63, in eof
    raise EOF(msg)
pexpect.exceptions.EOF: End Of File (EOF). Exception style platform.
<pexpect.pty_spawn.spawn object at 0x7ff5497c6070>
command: /usr/bin/ssh
args: ['/usr/bin/ssh', 'admin@192.168.0.2']
buffer (last 100 chars): b''
before (last 100 chars): b'devops\r\n'
after: <class 'pexpect.exceptions.EOF'>
match: None
match_index: None
exitstatus: 255
flag_eof: True
pid: 2415
child_fd: 6
closed: False
timeout: 30
delimiter: <class 'pexpect.exceptions.EOF'>
logfile: None
logfile_read: None
logfile_send: None
maxread: 2000
ignorecase: False
searchwindowsize: None
delaybeforesend: 0.05
delayafterclose: 0.1
delayafterterminate: 0.1
searcher: searcher_re:
    0: re.compile(b'>')
2020-08-03 03:03:32,416--__main__--DEBUG--> Connect to 192.168.0.1
2020-08-03 03:03:32,467--__main__--DEBUG--> 192.168.0.1 Enter password
2020-08-03 03:03:33,302--__main__--DEBUG--> 192.168.0.1 Enable Exec Mode
2020-08-03 03:03:33,371--__main__--DEBUG--> 192.168.0.1 Disable terminal length
2020-08-03 03:03:33,477--__main__--DEBUG--> 192.168.0.1 Enter configuration mode
2020-08-03 03:03:33,605--__main__--DEBUG--> 192.168.0.1 Configure VLAN 0
2020-08-03 03:03:34,014--__main__--DEBUG--> 192.168.0.1 Configure VLAN 1
2020-08-03 03:03:34,137--__main__--DEBUG--> 192.168.0.1 Configure VLAN 2
2020-08-03 03:03:34,261--__main__--DEBUG--> 192.168.0.1 Configure VLAN 3
2020-08-03 03:03:34,378--__main__--DEBUG--> 192.168.0.1 Configure VLAN 4
2020-08-03 03:03:34,499--__main__--DEBUG--> 192.168.0.1 Configure VLAN 5
2020-08-03 03:03:34,626--__main__--DEBUG--> 192.168.0.1 Configure VLAN 6
2020-08-03 03:03:34,744--__main__--DEBUG--> 192.168.0.1 Configure VLAN 7
2020-08-03 03:03:34,872--__main__--DEBUG--> 192.168.0.1 Configure VLAN 8
2020-08-03 03:03:34,987--__main__--DEBUG--> 192.168.0.1 Configure VLAN 9
2020-08-03 03:03:35,184--__main__--DEBUG--> 192.168.0.1 Save config
2020-08-03 03:04:45,384--__main__--DEBUG--> Connect to 192.168.0.1
2020-08-03 03:04:45,442--__main__--DEBUG--> 192.168.0.1 Enter password
2020-08-03 03:04:46,247--__main__--DEBUG--> 192.168.0.1 Enable Exec Mode
2020-08-03 03:04:46,308--__main__--DEBUG--> 192.168.0.1 Disable terminal length
2020-08-03 03:04:46,409--__main__--DEBUG--> 192.168.0.1 Enter configuration mode
2020-08-03 03:04:46,508--__main__--DEBUG--> 192.168.0.1 Configure VLAN 0
2020-08-03 03:04:46,790--__main__--DEBUG--> 192.168.0.1 Configure VLAN 1
2020-08-03 03:04:46,903--__main__--DEBUG--> 192.168.0.1 Configure VLAN 2
2020-08-03 03:04:47,016--__main__--DEBUG--> 192.168.0.1 Configure VLAN 3
2020-08-03 03:04:47,129--__main__--DEBUG--> 192.168.0.1 Configure VLAN 4
2020-08-03 03:04:47,257--__main__--DEBUG--> 192.168.0.1 Configure VLAN 5
2020-08-03 03:04:47,378--__main__--DEBUG--> 192.168.0.1 Configure VLAN 6
2020-08-03 03:04:47,491--__main__--DEBUG--> 192.168.0.1 Configure VLAN 7
2020-08-03 03:04:47,605--__main__--DEBUG--> 192.168.0.1 Configure VLAN 8
2020-08-03 03:04:47,725--__main__--DEBUG--> 192.168.0.1 Configure VLAN 9
2020-08-03 03:04:47,944--__main__--DEBUG--> 192.168.0.1 Save config
2020-08-03 03:07:00,007--__main__--DEBUG--> Connect to 192.168.0.1
2020-08-03 03:07:00,063--__main__--DEBUG--> 192.168.0.1 Enter password
2020-08-03 03:07:01,065--__main__--DEBUG--> 192.168.0.1 Enable Exec Mode
2020-08-03 03:07:01,206--__main__--DEBUG--> 192.168.0.1 Disable terminal length
2020-08-03 03:07:01,308--__main__--DEBUG--> 192.168.0.1 Enter configuration mode
2020-08-03 03:07:01,616--__main__--DEBUG--> 192.168.0.1 Configure VLAN 0
2020-08-03 03:07:01,754--__main__--DEBUG--> 192.168.0.1 Configure VLAN 1
2020-08-03 03:07:01,865--__main__--DEBUG--> 192.168.0.1 Configure VLAN 2
2020-08-03 03:07:01,992--__main__--DEBUG--> 192.168.0.1 Configure VLAN 3
2020-08-03 03:07:02,104--__main__--DEBUG--> 192.168.0.1 Configure VLAN 4
2020-08-03 03:07:02,221--__main__--DEBUG--> 192.168.0.1 Configure VLAN 5
2020-08-03 03:07:02,335--__main__--DEBUG--> 192.168.0.1 Configure VLAN 6
2020-08-03 03:07:02,464--__main__--DEBUG--> 192.168.0.1 Configure VLAN 7
2020-08-03 03:07:02,715--__main__--DEBUG--> 192.168.0.1 Configure VLAN 8
2020-08-03 03:07:02,892--__main__--DEBUG--> 192.168.0.1 Configure VLAN 9
2020-08-03 03:07:03,124--__main__--DEBUG--> 192.168.0.1 Save config
2020-08-03 03:13:07,853--__main__--DEBUG--> Connect to ['192.168.0.1', '192.168.0.2', '192.168.0.3']
2020-08-03 03:13:07,904--__main__--DEBUG--> ['192.168.0.1', '192.168.0.2', '192.168.0.3'] Enter password
2020-08-03 03:13:08,009--__main__--ERROR--> Cannot SSH to ['192.168.0.1', '192.168.0.2', '192.168.0.3']
Traceback (most recent call last):
  File "/usr/lib/python3/dist-packages/pexpect/spawnbase.py", line 166, in read_nonblocking
    s = os.read(self.child_fd, size)
OSError: [Errno 5] Input/output error

During handling of the above exception, another exception occurred:

Traceback (most recent call last):
  File "/usr/lib/python3/dist-packages/pexpect/expect.py", line 111, in expect_loop
    incoming = spawn.read_nonblocking(spawn.maxread, timeout)
  File "/usr/lib/python3/dist-packages/pexpect/pty_spawn.py", line 485, in read_nonblocking
    return super(spawn, self).read_nonblocking(size)
  File "/usr/lib/python3/dist-packages/pexpect/spawnbase.py", line 171, in read_nonblocking
    raise EOF('End Of File (EOF). Exception style platform.')
pexpect.exceptions.EOF: End Of File (EOF). Exception style platform.

During handling of the above exception, another exception occurred:

Traceback (most recent call last):
  File "/home/do/Desktop/Projects/DevOps/3_pexpect_logging_new-ssh-key.py", line 62, in network_device
    result = ssh.expect(read_mode)
  File "/usr/lib/python3/dist-packages/pexpect/spawnbase.py", line 340, in expect
    return self.expect_list(compiled_pattern_list,
  File "/usr/lib/python3/dist-packages/pexpect/spawnbase.py", line 369, in expect_list
    return exp.expect_loop(timeout)
  File "/usr/lib/python3/dist-packages/pexpect/expect.py", line 117, in expect_loop
    return self.eof(e)
  File "/usr/lib/python3/dist-packages/pexpect/expect.py", line 63, in eof
    raise EOF(msg)
pexpect.exceptions.EOF: End Of File (EOF). Exception style platform.
<pexpect.pty_spawn.spawn object at 0x7fb2fc7a4160>
command: /usr/bin/ssh
args: ['/usr/bin/ssh', 'admin@[192.168.0.1,', '192.168.0.2,', '192.168.0.3]']
buffer (last 100 chars): b''
before (last 100 chars): b'devops\r\n'
after: <class 'pexpect.exceptions.EOF'>
match: None
match_index: None
exitstatus: 255
flag_eof: True
pid: 2835
child_fd: 6
closed: False
timeout: 30
delimiter: <class 'pexpect.exceptions.EOF'>
logfile: None
logfile_read: None
logfile_send: None
maxread: 2000
ignorecase: False
searchwindowsize: None
delaybeforesend: 0.05
delayafterclose: 0.1
delayafterterminate: 0.1
searcher: searcher_re:
    0: re.compile(b'>')
2020-08-03 03:14:46,412--__main__--DEBUG--> Connect to 192.168.0.1
2020-08-03 03:14:46,474--__main__--DEBUG--> 192.168.0.1 Enter password
2020-08-03 03:14:47,257--__main__--DEBUG--> 192.168.0.1 Enable Exec Mode
2020-08-03 03:14:47,321--__main__--DEBUG--> 192.168.0.1 Disable terminal length
2020-08-03 03:14:47,423--__main__--DEBUG--> 192.168.0.1 Enter configuration mode
2020-08-03 03:14:47,537--__main__--DEBUG--> 192.168.0.1 Configure VLAN 0
2020-08-03 03:14:47,711--__main__--DEBUG--> 192.168.0.1 Configure VLAN 1
2020-08-03 03:14:47,839--__main__--DEBUG--> 192.168.0.1 Configure VLAN 2
2020-08-03 03:14:47,956--__main__--DEBUG--> 192.168.0.1 Configure VLAN 3
2020-08-03 03:14:48,086--__main__--DEBUG--> 192.168.0.1 Configure VLAN 4
2020-08-03 03:14:48,213--__main__--DEBUG--> 192.168.0.1 Configure VLAN 5
2020-08-03 03:14:48,333--__main__--DEBUG--> 192.168.0.1 Configure VLAN 6
2020-08-03 03:14:48,459--__main__--DEBUG--> 192.168.0.1 Configure VLAN 7
2020-08-03 03:14:48,578--__main__--DEBUG--> 192.168.0.1 Configure VLAN 8
2020-08-03 03:14:48,695--__main__--DEBUG--> 192.168.0.1 Configure VLAN 9
2020-08-03 03:14:48,880--__main__--DEBUG--> 192.168.0.1 Save config
2020-08-03 03:14:54,226--__main__--DEBUG--> Connect to 192.168.0.2
2020-08-03 03:14:54,276--__main__--DEBUG--> 192.168.0.2 Enter password
2020-08-03 03:14:54,377--__main__--ERROR--> Cannot SSH to 192.168.0.2
Traceback (most recent call last):
  File "/usr/lib/python3/dist-packages/pexpect/spawnbase.py", line 166, in read_nonblocking
    s = os.read(self.child_fd, size)
OSError: [Errno 5] Input/output error

During handling of the above exception, another exception occurred:

Traceback (most recent call last):
  File "/usr/lib/python3/dist-packages/pexpect/expect.py", line 111, in expect_loop
    incoming = spawn.read_nonblocking(spawn.maxread, timeout)
  File "/usr/lib/python3/dist-packages/pexpect/pty_spawn.py", line 485, in read_nonblocking
    return super(spawn, self).read_nonblocking(size)
  File "/usr/lib/python3/dist-packages/pexpect/spawnbase.py", line 171, in read_nonblocking
    raise EOF('End Of File (EOF). Exception style platform.')
pexpect.exceptions.EOF: End Of File (EOF). Exception style platform.

During handling of the above exception, another exception occurred:

Traceback (most recent call last):
  File "/home/do/Desktop/Projects/DevOps/3_pexpect_logging_new-ssh-key.py", line 62, in network_device
    result = ssh.expect(read_mode)
  File "/usr/lib/python3/dist-packages/pexpect/spawnbase.py", line 340, in expect
    return self.expect_list(compiled_pattern_list,
  File "/usr/lib/python3/dist-packages/pexpect/spawnbase.py", line 369, in expect_list
    return exp.expect_loop(timeout)
  File "/usr/lib/python3/dist-packages/pexpect/expect.py", line 117, in expect_loop
    return self.eof(e)
  File "/usr/lib/python3/dist-packages/pexpect/expect.py", line 63, in eof
    raise EOF(msg)
pexpect.exceptions.EOF: End Of File (EOF). Exception style platform.
<pexpect.pty_spawn.spawn object at 0x7fba0aa75b80>
command: /usr/bin/ssh
args: ['/usr/bin/ssh', 'admin@192.168.0.2']
buffer (last 100 chars): b''

after: <class 'pexpect.exceptions.EOF'>
match: None
match_index: None
exitstatus: 255
flag_eof: True
pid: 2879
child_fd: 6
closed: False
timeout: 30
delimiter: <class 'pexpect.exceptions.EOF'>
logfile: None
logfile_read: None
logfile_send: None
maxread: 2000
ignorecase: False
searchwindowsize: None
delaybeforesend: 0.05
delayafterclose: 0.1
delayafterterminate: 0.1
searcher: searcher_re:
    0: re.compile(b'>')
2020-08-03 03:14:58,012--__main__--DEBUG--> Connect to 192.168.0.3
2020-08-03 03:14:58,063--__main__--DEBUG--> 192.168.0.3 Enter password
2020-08-03 03:14:58,168--__main__--ERROR--> Cannot SSH to 192.168.0.3
Traceback (most recent call last):
  File "/usr/lib/python3/dist-packages/pexpect/spawnbase.py", line 166, in read_nonblocking
    s = os.read(self.child_fd, size)
OSError: [Errno 5] Input/output error

During handling of the above exception, another exception occurred:

Traceback (most recent call last):
  File "/usr/lib/python3/dist-packages/pexpect/expect.py", line 111, in expect_loop
    incoming = spawn.read_nonblocking(spawn.maxread, timeout)
  File "/usr/lib/python3/dist-packages/pexpect/pty_spawn.py", line 485, in read_nonblocking
    return super(spawn, self).read_nonblocking(size)
  File "/usr/lib/python3/dist-packages/pexpect/spawnbase.py", line 171, in read_nonblocking
    raise EOF('End Of File (EOF). Exception style platform.')
pexpect.exceptions.EOF: End Of File (EOF). Exception style platform.

During handling of the above exception, another exception occurred:

Traceback (most recent call last):
  File "/home/do/Desktop/Projects/DevOps/3_pexpect_logging_new-ssh-key.py", line 62, in network_device
    result = ssh.expect(read_mode)
  File "/usr/lib/python3/dist-packages/pexpect/spawnbase.py", line 340, in expect
    return self.expect_list(compiled_pattern_list,
  File "/usr/lib/python3/dist-packages/pexpect/spawnbase.py", line 369, in expect_list
    return exp.expect_loop(timeout)
  File "/usr/lib/python3/dist-packages/pexpect/expect.py", line 117, in expect_loop
    return self.eof(e)
  File "/usr/lib/python3/dist-packages/pexpect/expect.py", line 63, in eof
    raise EOF(msg)
pexpect.exceptions.EOF: End Of File (EOF). Exception style platform.
<pexpect.pty_spawn.spawn object at 0x7fba0aa75b80>
command: /usr/bin/ssh
args: ['/usr/bin/ssh', 'admin@192.168.0.3']
buffer (last 100 chars): b''
before (last 100 chars): b'devops\r\n'
after: <class 'pexpect.exceptions.EOF'>
match: None
match_index: None
exitstatus: 255
flag_eof: True
pid: 2880
child_fd: 6
closed: False
timeout: 30
delimiter: <class 'pexpect.exceptions.EOF'>
logfile: None
logfile_read: None
logfile_send: None
maxread: 2000
ignorecase: False
searchwindowsize: None
delaybeforesend: 0.05
delayafterclose: 0.1
delayafterterminate: 0.1
searcher: searcher_re:
    0: re.compile(b'>')
2020-08-03 03:18:32,356--__main__--DEBUG--> Connect to 192.168.0.1
2020-08-03 03:18:32,408--__main__--DEBUG--> 192.168.0.1 Enter password
2020-08-03 03:18:33,213--__main__--DEBUG--> 192.168.0.1 Enable Exec Mode
2020-08-03 03:18:33,280--__main__--DEBUG--> 192.168.0.1 Disable terminal length
2020-08-03 03:18:33,380--__main__--DEBUG--> 192.168.0.1 Enter configuration mode
2020-08-03 03:18:33,480--__main__--DEBUG--> 192.168.0.1 Configure VLAN 0
2020-08-03 03:18:33,619--__main__--DEBUG--> 192.168.0.1 Configure VLAN 1
2020-08-03 03:18:33,733--__main__--DEBUG--> 192.168.0.1 Configure VLAN 2
2020-08-03 03:18:33,850--__main__--DEBUG--> 192.168.0.1 Configure VLAN 3
2020-08-03 03:18:33,965--__main__--DEBUG--> 192.168.0.1 Configure VLAN 4
2020-08-03 03:18:34,083--__main__--DEBUG--> 192.168.0.1 Configure VLAN 5
2020-08-03 03:18:34,196--__main__--DEBUG--> 192.168.0.1 Configure VLAN 6
2020-08-03 03:18:34,310--__main__--DEBUG--> 192.168.0.1 Configure VLAN 7
2020-08-03 03:18:34,426--__main__--DEBUG--> 192.168.0.1 Configure VLAN 8
2020-08-03 03:18:34,540--__main__--DEBUG--> 192.168.0.1 Configure VLAN 9
2020-08-03 03:18:34,728--__main__--DEBUG--> 192.168.0.1 Save config
2020-08-03 03:18:37,964--__main__--DEBUG--> Connect to 192.168.0.2
2020-08-03 03:18:38,018--__main__--DEBUG--> 192.168.0.2 Enter password
2020-08-03 03:18:39,756--__main__--DEBUG--> 192.168.0.2 Enable Exec Mode
2020-08-03 03:18:39,826--__main__--DEBUG--> 192.168.0.2 Disable terminal length
2020-08-03 03:18:39,933--__main__--DEBUG--> 192.168.0.2 Enter configuration mode
2020-08-03 03:18:40,036--__main__--DEBUG--> 192.168.0.2 Configure VLAN 0
2020-08-03 03:18:40,356--__main__--DEBUG--> 192.168.0.2 Configure VLAN 1
2020-08-03 03:18:40,473--__main__--DEBUG--> 192.168.0.2 Configure VLAN 2
2020-08-03 03:18:40,589--__main__--DEBUG--> 192.168.0.2 Configure VLAN 3
2020-08-03 03:18:40,705--__main__--DEBUG--> 192.168.0.2 Configure VLAN 4
2020-08-03 03:18:40,828--__main__--DEBUG--> 192.168.0.2 Configure VLAN 5
2020-08-03 03:18:40,949--__main__--DEBUG--> 192.168.0.2 Configure VLAN 6
2020-08-03 03:18:41,063--__main__--DEBUG--> 192.168.0.2 Configure VLAN 7
2020-08-03 03:18:41,179--__main__--DEBUG--> 192.168.0.2 Configure VLAN 8
2020-08-03 03:18:41,294--__main__--DEBUG--> 192.168.0.2 Configure VLAN 9
2020-08-03 03:18:41,489--__main__--DEBUG--> 192.168.0.2 Save config
2020-08-03 03:18:45,437--__main__--DEBUG--> First time SSH to 192.168.0.3
2020-08-03 03:18:45,710--__main__--DEBUG--> Connect to 192.168.0.3
2020-08-03 03:18:45,762--__main__--DEBUG--> 192.168.0.3 Enter password
2020-08-03 03:18:47,620--__main__--DEBUG--> 192.168.0.3 Enable Exec Mode
2020-08-03 03:18:47,713--__main__--DEBUG--> 192.168.0.3 Disable terminal length
2020-08-03 03:18:47,814--__main__--DEBUG--> 192.168.0.3 Enter configuration mode
2020-08-03 03:18:47,916--__main__--DEBUG--> 192.168.0.3 Configure VLAN 0
2020-08-03 03:18:48,208--__main__--DEBUG--> 192.168.0.3 Configure VLAN 1
2020-08-03 03:18:48,320--__main__--DEBUG--> 192.168.0.3 Configure VLAN 2
2020-08-03 03:18:48,434--__main__--DEBUG--> 192.168.0.3 Configure VLAN 3
2020-08-03 03:18:48,566--__main__--DEBUG--> 192.168.0.3 Configure VLAN 4
2020-08-03 03:18:48,679--__main__--DEBUG--> 192.168.0.3 Configure VLAN 5
2020-08-03 03:18:48,792--__main__--DEBUG--> 192.168.0.3 Configure VLAN 6
2020-08-03 03:18:48,909--__main__--DEBUG--> 192.168.0.3 Configure VLAN 7
2020-08-03 03:18:49,023--__main__--DEBUG--> 192.168.0.3 Configure VLAN 8
2020-08-03 03:18:49,147--__main__--DEBUG--> 192.168.0.3 Configure VLAN 9
2020-08-03 03:18:49,322--__main__--DEBUG--> 192.168.0.3 Save config
2020-08-03 03:19:07,597--__main__--DEBUG--> Connect to 192.168.0.1
2020-08-03 03:19:07,648--__main__--DEBUG--> 192.168.0.1 Enter password
2020-08-03 03:19:08,445--__main__--DEBUG--> 192.168.0.1 Enable Exec Mode
2020-08-03 03:19:08,529--__main__--DEBUG--> 192.168.0.1 Disable terminal length
2020-08-03 03:19:08,632--__main__--DEBUG--> 192.168.0.1 Enter configuration mode
2020-08-03 03:19:08,746--__main__--DEBUG--> 192.168.0.1 Configure VLAN 0
2020-08-03 03:19:08,887--__main__--DEBUG--> 192.168.0.1 Configure VLAN 1
2020-08-03 03:19:09,009--__main__--DEBUG--> 192.168.0.1 Configure VLAN 2
2020-08-03 03:19:09,125--__main__--DEBUG--> 192.168.0.1 Configure VLAN 3
2020-08-03 03:19:09,242--__main__--DEBUG--> 192.168.0.1 Configure VLAN 4
2020-08-03 03:19:09,390--__main__--DEBUG--> 192.168.0.1 Configure VLAN 5
2020-08-03 03:19:09,506--__main__--DEBUG--> 192.168.0.1 Configure VLAN 6
2020-08-03 03:19:09,629--__main__--DEBUG--> 192.168.0.1 Configure VLAN 7
2020-08-03 03:19:09,744--__main__--DEBUG--> 192.168.0.1 Configure VLAN 8
2020-08-03 03:19:09,861--__main__--DEBUG--> 192.168.0.1 Configure VLAN 9
2020-08-03 03:19:16,024--__main__--DEBUG--> 192.168.0.1 Save config
2020-08-03 03:19:18,928--__main__--DEBUG--> Connect to 192.168.0.2
2020-08-03 03:19:18,979--__main__--DEBUG--> 192.168.0.2 Enter password
2020-08-03 03:19:19,898--__main__--DEBUG--> 192.168.0.2 Enable Exec Mode
2020-08-03 03:19:19,970--__main__--DEBUG--> 192.168.0.2 Disable terminal length
2020-08-03 03:19:20,069--__main__--DEBUG--> 192.168.0.2 Enter configuration mode
2020-08-03 03:19:20,176--__main__--DEBUG--> 192.168.0.2 Configure VLAN 0
2020-08-03 03:19:20,327--__main__--DEBUG--> 192.168.0.2 Configure VLAN 1
2020-08-03 03:19:20,445--__main__--DEBUG--> 192.168.0.2 Configure VLAN 2
2020-08-03 03:19:20,559--__main__--DEBUG--> 192.168.0.2 Configure VLAN 3
2020-08-03 03:19:20,676--__main__--DEBUG--> 192.168.0.2 Configure VLAN 4
2020-08-03 03:19:20,800--__main__--DEBUG--> 192.168.0.2 Configure VLAN 5
2020-08-03 03:19:20,921--__main__--DEBUG--> 192.168.0.2 Configure VLAN 6
2020-08-03 03:19:21,039--__main__--DEBUG--> 192.168.0.2 Configure VLAN 7
2020-08-03 03:19:21,156--__main__--DEBUG--> 192.168.0.2 Configure VLAN 8
2020-08-03 03:19:21,271--__main__--DEBUG--> 192.168.0.2 Configure VLAN 9
2020-08-03 03:19:28,509--__main__--DEBUG--> 192.168.0.2 Save config
2020-08-03 03:19:31,589--__main__--DEBUG--> Connect to 192.168.0.3
2020-08-03 03:19:31,643--__main__--DEBUG--> 192.168.0.3 Enter password
2020-08-03 03:19:32,767--__main__--DEBUG--> 192.168.0.3 Enable Exec Mode
2020-08-03 03:19:32,830--__main__--DEBUG--> 192.168.0.3 Disable terminal length
2020-08-03 03:19:32,933--__main__--DEBUG--> 192.168.0.3 Enter configuration mode
2020-08-03 03:19:33,030--__main__--DEBUG--> 192.168.0.3 Configure VLAN 0
2020-08-03 03:19:33,169--__main__--DEBUG--> 192.168.0.3 Configure VLAN 1
2020-08-03 03:19:33,284--__main__--DEBUG--> 192.168.0.3 Configure VLAN 2
2020-08-03 03:19:33,396--__main__--DEBUG--> 192.168.0.3 Configure VLAN 3
2020-08-03 03:19:33,508--__main__--DEBUG--> 192.168.0.3 Configure VLAN 4
2020-08-03 03:19:33,621--__main__--DEBUG--> 192.168.0.3 Configure VLAN 5
2020-08-03 03:19:33,733--__main__--DEBUG--> 192.168.0.3 Configure VLAN 6
2020-08-03 03:19:33,848--__main__--DEBUG--> 192.168.0.3 Configure VLAN 7
2020-08-03 03:19:33,963--__main__--DEBUG--> 192.168.0.3 Configure VLAN 8
2020-08-03 03:19:34,076--__main__--DEBUG--> 192.168.0.3 Configure VLAN 9
2020-08-03 03:19:40,203--__main__--DEBUG--> 192.168.0.3 Save config
2020-08-03 03:23:02,112--__main__--DEBUG--> Connect to 192.168.0.1
2020-08-03 03:23:02,165--__main__--DEBUG--> 192.168.0.1 Enter password
2020-08-03 03:23:02,950--__main__--DEBUG--> 192.168.0.1 Enable Exec Mode
2020-08-03 03:23:03,013--__main__--DEBUG--> 192.168.0.1 Disable terminal length
2020-08-03 03:23:03,113--__main__--DEBUG--> 192.168.0.1 Enter configuration mode
2020-08-03 03:23:03,224--__main__--DEBUG--> 192.168.0.1 Configure VLAN 0
2020-08-03 03:23:03,365--__main__--DEBUG--> 192.168.0.1 Configure VLAN 1
2020-08-03 03:23:03,483--__main__--DEBUG--> 192.168.0.1 Configure VLAN 2
2020-08-03 03:23:03,601--__main__--DEBUG--> 192.168.0.1 Configure VLAN 3
2020-08-03 03:23:03,716--__main__--DEBUG--> 192.168.0.1 Configure VLAN 4
2020-08-03 03:23:03,845--__main__--DEBUG--> 192.168.0.1 Configure VLAN 5
2020-08-03 03:23:03,961--__main__--DEBUG--> 192.168.0.1 Configure VLAN 6
2020-08-03 03:23:04,103--__main__--DEBUG--> 192.168.0.1 Configure VLAN 7
2020-08-03 03:23:04,240--__main__--DEBUG--> 192.168.0.1 Configure VLAN 8
2020-08-03 03:23:04,361--__main__--DEBUG--> 192.168.0.1 Configure VLAN 9
2020-08-03 03:23:04,486--__main__--DEBUG--> 192.168.0.1 Configure VLAN 10
2020-08-03 03:23:04,622--__main__--DEBUG--> 192.168.0.1 Configure VLAN 11
2020-08-03 03:23:04,762--__main__--DEBUG--> 192.168.0.1 Configure VLAN 12
2020-08-03 03:23:04,924--__main__--DEBUG--> 192.168.0.1 Configure VLAN 13
2020-08-03 03:23:05,070--__main__--DEBUG--> 192.168.0.1 Configure VLAN 14
2020-08-03 03:23:05,212--__main__--DEBUG--> 192.168.0.1 Configure VLAN 15
2020-08-03 03:23:05,360--__main__--DEBUG--> 192.168.0.1 Configure VLAN 16
2020-08-03 03:23:05,513--__main__--DEBUG--> 192.168.0.1 Configure VLAN 17
2020-08-03 03:23:05,642--__main__--DEBUG--> 192.168.0.1 Configure VLAN 18
2020-08-03 03:23:05,807--__main__--DEBUG--> 192.168.0.1 Configure VLAN 19
2020-08-03 03:23:05,932--__main__--DEBUG--> 192.168.0.1 Configure VLAN 20
2020-08-03 03:23:06,050--__main__--DEBUG--> 192.168.0.1 Configure VLAN 21
2020-08-03 03:23:06,200--__main__--DEBUG--> 192.168.0.1 Configure VLAN 22
2020-08-03 03:23:06,329--__main__--DEBUG--> 192.168.0.1 Configure VLAN 23
2020-08-03 03:23:06,445--__main__--DEBUG--> 192.168.0.1 Configure VLAN 24
2020-08-03 03:23:06,608--__main__--DEBUG--> 192.168.0.1 Configure VLAN 25
2020-08-03 03:23:06,733--__main__--DEBUG--> 192.168.0.1 Configure VLAN 26
2020-08-03 03:23:06,861--__main__--DEBUG--> 192.168.0.1 Configure VLAN 27
2020-08-03 03:23:07,027--__main__--DEBUG--> 192.168.0.1 Configure VLAN 28
2020-08-03 03:23:07,177--__main__--DEBUG--> 192.168.0.1 Configure VLAN 29
2020-08-03 03:23:07,307--__main__--DEBUG--> 192.168.0.1 Configure VLAN 30
2020-08-03 03:23:07,443--__main__--DEBUG--> 192.168.0.1 Configure VLAN 31
2020-08-03 03:23:07,591--__main__--DEBUG--> 192.168.0.1 Configure VLAN 32
2020-08-03 03:23:07,736--__main__--DEBUG--> 192.168.0.1 Configure VLAN 33
2020-08-03 03:23:07,859--__main__--DEBUG--> 192.168.0.1 Configure VLAN 34
2020-08-03 03:23:07,983--__main__--DEBUG--> 192.168.0.1 Configure VLAN 35
2020-08-03 03:23:08,123--__main__--DEBUG--> 192.168.0.1 Configure VLAN 36
2020-08-03 03:23:08,245--__main__--DEBUG--> 192.168.0.1 Configure VLAN 37
2020-08-03 03:23:08,370--__main__--DEBUG--> 192.168.0.1 Configure VLAN 38
2020-08-03 03:23:08,488--__main__--DEBUG--> 192.168.0.1 Configure VLAN 39
2020-08-03 03:23:08,615--__main__--DEBUG--> 192.168.0.1 Configure VLAN 40
2020-08-03 03:23:08,745--__main__--DEBUG--> 192.168.0.1 Configure VLAN 41
2020-08-03 03:23:08,928--__main__--DEBUG--> 192.168.0.1 Configure VLAN 42
2020-08-03 03:23:09,068--__main__--DEBUG--> 192.168.0.1 Configure VLAN 43
2020-08-03 03:23:09,213--__main__--DEBUG--> 192.168.0.1 Configure VLAN 44
2020-08-03 03:23:09,335--__main__--DEBUG--> 192.168.0.1 Configure VLAN 45
2020-08-03 03:23:09,487--__main__--DEBUG--> 192.168.0.1 Configure VLAN 46
2020-08-03 03:23:09,626--__main__--DEBUG--> 192.168.0.1 Configure VLAN 47
2020-08-03 03:23:09,752--__main__--DEBUG--> 192.168.0.1 Configure VLAN 48
2020-08-03 03:23:09,871--__main__--DEBUG--> 192.168.0.1 Configure VLAN 49
2020-08-03 03:23:09,988--__main__--DEBUG--> 192.168.0.1 Configure VLAN 50
2020-08-03 03:23:10,131--__main__--DEBUG--> 192.168.0.1 Configure VLAN 51
2020-08-03 03:23:10,253--__main__--DEBUG--> 192.168.0.1 Configure VLAN 52
2020-08-03 03:23:10,375--__main__--DEBUG--> 192.168.0.1 Configure VLAN 53
2020-08-03 03:23:10,518--__main__--DEBUG--> 192.168.0.1 Configure VLAN 54
2020-08-03 03:23:10,647--__main__--DEBUG--> 192.168.0.1 Configure VLAN 55
2020-08-03 03:23:10,797--__main__--DEBUG--> 192.168.0.1 Configure VLAN 56
2020-08-03 03:23:10,926--__main__--DEBUG--> 192.168.0.1 Configure VLAN 57
2020-08-03 03:23:11,062--__main__--DEBUG--> 192.168.0.1 Configure VLAN 58
2020-08-03 03:23:11,192--__main__--DEBUG--> 192.168.0.1 Configure VLAN 59
2020-08-03 03:23:11,355--__main__--DEBUG--> 192.168.0.1 Configure VLAN 60
2020-08-03 03:23:11,506--__main__--DEBUG--> 192.168.0.1 Configure VLAN 61
2020-08-03 03:23:11,624--__main__--DEBUG--> 192.168.0.1 Configure VLAN 62
2020-08-03 03:23:11,751--__main__--DEBUG--> 192.168.0.1 Configure VLAN 63
2020-08-03 03:23:11,895--__main__--DEBUG--> 192.168.0.1 Configure VLAN 64
2020-08-03 03:23:12,021--__main__--DEBUG--> 192.168.0.1 Configure VLAN 65
2020-08-03 03:23:12,139--__main__--DEBUG--> 192.168.0.1 Configure VLAN 66
2020-08-03 03:23:12,290--__main__--DEBUG--> 192.168.0.1 Configure VLAN 67
2020-08-03 03:23:12,417--__main__--DEBUG--> 192.168.0.1 Configure VLAN 68
2020-08-03 03:23:12,541--__main__--DEBUG--> 192.168.0.1 Configure VLAN 69
2020-08-03 03:23:12,667--__main__--DEBUG--> 192.168.0.1 Configure VLAN 70
2020-08-03 03:23:12,805--__main__--DEBUG--> 192.168.0.1 Configure VLAN 71
2020-08-03 03:23:12,922--__main__--DEBUG--> 192.168.0.1 Configure VLAN 72
2020-08-03 03:23:13,063--__main__--DEBUG--> 192.168.0.1 Configure VLAN 73
2020-08-03 03:23:13,178--__main__--DEBUG--> 192.168.0.1 Configure VLAN 74
2020-08-03 03:23:13,301--__main__--DEBUG--> 192.168.0.1 Configure VLAN 75
2020-08-03 03:23:13,449--__main__--DEBUG--> 192.168.0.1 Configure VLAN 76
2020-08-03 03:23:13,578--__main__--DEBUG--> 192.168.0.1 Configure VLAN 77
2020-08-03 03:23:13,743--__main__--DEBUG--> 192.168.0.1 Configure VLAN 78
2020-08-03 03:23:13,868--__main__--DEBUG--> 192.168.0.1 Configure VLAN 79
2020-08-03 03:23:14,019--__main__--DEBUG--> 192.168.0.1 Configure VLAN 80
2020-08-03 03:23:14,140--__main__--DEBUG--> 192.168.0.1 Configure VLAN 81
2020-08-03 03:23:14,283--__main__--DEBUG--> 192.168.0.1 Configure VLAN 82
2020-08-03 03:23:14,401--__main__--DEBUG--> 192.168.0.1 Configure VLAN 83
2020-08-03 03:23:14,545--__main__--DEBUG--> 192.168.0.1 Configure VLAN 84
2020-08-03 03:23:14,709--__main__--DEBUG--> 192.168.0.1 Configure VLAN 85
2020-08-03 03:23:14,835--__main__--DEBUG--> 192.168.0.1 Configure VLAN 86
2020-08-03 03:23:14,964--__main__--DEBUG--> 192.168.0.1 Configure VLAN 87
2020-08-03 03:23:15,103--__main__--DEBUG--> 192.168.0.1 Configure VLAN 88
2020-08-03 03:23:15,243--__main__--DEBUG--> 192.168.0.1 Configure VLAN 89
2020-08-03 03:23:15,372--__main__--DEBUG--> 192.168.0.1 Configure VLAN 90
2020-08-03 03:23:15,522--__main__--DEBUG--> 192.168.0.1 Configure VLAN 91
2020-08-03 03:23:15,662--__main__--DEBUG--> 192.168.0.1 Configure VLAN 92
2020-08-03 03:23:15,812--__main__--DEBUG--> 192.168.0.1 Configure VLAN 93
2020-08-03 03:23:15,929--__main__--DEBUG--> 192.168.0.1 Configure VLAN 94
2020-08-03 03:23:16,070--__main__--DEBUG--> 192.168.0.1 Configure VLAN 95
2020-08-03 03:23:16,215--__main__--DEBUG--> 192.168.0.1 Configure VLAN 96
2020-08-03 03:23:16,336--__main__--DEBUG--> 192.168.0.1 Configure VLAN 97
2020-08-03 03:23:16,499--__main__--DEBUG--> 192.168.0.1 Configure VLAN 98
2020-08-03 03:23:16,702--__main__--DEBUG--> 192.168.0.1 Save config
2020-08-03 03:23:18,738--__main__--DEBUG--> b'show run\r\n! Command: show running-config\r\n! device: Arista1 (vEOS, EOS-4.20.15M)\r\n!\r\n! boot system flash:/vEOS-lab.swi\r\n!\r\ntransceiver qsfp default-mode 4x10G\r\n!\r\nhostname Arista1\r\n!\r\nspanning-tree mode mstp\r\n!\r\nno aaa root\r\n!\r\nusername admin role network-admin secret sha512 $6$SjLK3OKP8H4Sd2gu$SHbqCs.J5o9dIJvF7uet0OX57Ho7z66EspJ1zoPFEUx7L/TYMZvqYPDTzDBw4GiUFxTx7RSfKxldvGe19VJZq1\r\n!\r\nvlan 1\r\n   name DevOps_VLAN_1\r\n!\r\nvlan 2\r\n   name DevOps_VLAN_2\r\n!\r\nvlan 3\r\n   name DevOps_VLAN_3\r\n!\r\nvlan 4\r\n   name DevOps_VLAN_4\r\n!\r\nvlan 5\r\n   name DevOps_VLAN_5\r\n!\r\nvlan 6\r\n   name DevOps_VLAN_6\r\n!\r\nvlan 7\r\n   name DevOps_VLAN_7\r\n!\r\nvlan 8\r\n   name DevOps_VLAN_8\r\n!\r\nvlan 9\r\n   name DevOps_VLAN_9\r\n!\r\nvlan 10\r\n   name DevOps_VLAN_10\r\n!\r\nvlan 11\r\n   name DevOps_VLAN_11\r\n!\r\nvlan 12\r\n   name DevOps_VLAN_12\r\n!\r\nvlan 13\r\n   name DevOps_VLAN_13\r\n!\r\nvlan 14\r\n   name DevOps_VLAN_14\r\n!\r\nvlan 15\r\n   name DevOps_VLAN_15\r\n!\r\nvlan 16\r\n   name DevOps_VLAN_16\r\n!\r\nvlan 17\r\n   name DevOps_VLAN_17\r\n!\r\nvlan 18\r\n   name DevOps_VLAN_18\r\n!\r\nvlan 19\r\n   name DevOps_VLAN_19\r\n!\r\nvlan 20\r\n   name DevOps_VLAN_20\r\n!\r\nvlan 21\r\n   name DevOps_VLAN_21\r\n!\r\nvlan 22\r\n   name DevOps_VLAN_22\r\n!\r\nvlan 23\r\n   name DevOps_VLAN_23\r\n!\r\nvlan 24\r\n   name DevOps_VLAN_24\r\n!\r\nvlan 25\r\n   name DevOps_VLAN_25\r\n!\r\nvlan 26\r\n   name DevOps_VLAN_26\r\n!\r\nvlan 27\r\n   name DevOps_VLAN_27\r\n!\r\nvlan 28\r\n   name DevOps_VLAN_28\r\n!\r\nvlan 29\r\n   name DevOps_VLAN_29\r\n!\r\nvlan 30\r\n   name DevOps_VLAN_30\r\n!\r\nvlan 31\r\n   name DevOps_VLAN_31\r\n!\r\nvlan 32\r\n   name DevOps_VLAN_32\r\n!\r\nvlan 33\r\n   name DevOps_VLAN_33\r\n!\r\nvlan 34\r\n   name DevOps_VLAN_34\r\n!\r\nvlan 35\r\n   name DevOps_VLAN_35\r\n!\r\nvlan 36\r\n   name DevOps_VLAN_36\r\n!\r\nvlan 37\r\n   name DevOps_VLAN_37\r\n!\r\nvlan 38\r\n   name DevOps_VLAN_38\r\n!\r\nvlan 39\r\n   name DevOps_VLAN_39\r\n!\r\nvlan 40\r\n   name DevOps_VLAN_40\r\n!\r\nvlan 41\r\n   name DevOps_VLAN_41\r\n!\r\nvlan 42\r\n   name DevOps_VLAN_42\r\n!\r\nvlan 43\r\n   name DevOps_VLAN_43\r\n!\r\nvlan 44\r\n   name DevOps_VLAN_44\r\n!\r\nvlan 45\r\n   name DevOps_VLAN_45\r\n!\r\nvlan 46\r\n   name DevOps_VLAN_46\r\n!\r\nvlan 47\r\n   name DevOps_VLAN_47\r\n!\r\nvlan 48\r\n   name DevOps_VLAN_48\r\n!\r\nvlan 49\r\n   name DevOps_VLAN_49\r\n!\r\nvlan 50\r\n   name DevOps_VLAN_50\r\n!\r\nvlan 51\r\n   name DevOps_VLAN_51\r\n!\r\nvlan 52\r\n   name DevOps_VLAN_52\r\n!\r\nvlan 53\r\n   name DevOps_VLAN_53\r\n!\r\nvlan 54\r\n   name DevOps_VLAN_54\r\n!\r\nvlan 55\r\n   name DevOps_VLAN_55\r\n!\r\nvlan 56\r\n   name DevOps_VLAN_56\r\n!\r\nvlan 57\r\n   name DevOps_VLAN_57\r\n!\r\nvlan 58\r\n   name DevOps_VLAN_58\r\n!\r\nvlan 59\r\n   name DevOps_VLAN_59\r\n!\r\nvlan 60\r\n   name DevOps_VLAN_60\r\n!\r\nvlan 61\r\n   name DevOps_VLAN_61\r\n!\r\nvlan 62\r\n   name DevOps_VLAN_62\r\n!\r\nvlan 63\r\n   name DevOps_VLAN_63\r\n!\r\nvlan 64\r\n   name DevOps_VLAN_64\r\n!\r\nvlan 65\r\n   name DevOps_VLAN_65\r\n!\r\nvlan 66\r\n   name DevOps_VLAN_66\r\n!\r\nvlan 67\r\n   name DevOps_VLAN_67\r\n!\r\nvlan 68\r\n   name DevOps_VLAN_68\r\n!\r\nvlan 69\r\n   name DevOps_VLAN_69\r\n!\r\nvlan 70\r\n   name DevOps_VLAN_70\r\n!\r\nvlan 71\r\n   name DevOps_VLAN_71\r\n!\r\nvlan 72\r\n   name DevOps_VLAN_72\r\n!\r\nvlan 73\r\n   name DevOps_VLAN_73\r\n!\r\nvlan 74\r\n   name DevOps_VLAN_74\r\n!\r\nvlan 75\r\n   name DevOps_VLAN_75\r\n!\r\nvlan 76\r\n   name DevOps_VLAN_76\r\n!\r\nvlan 77\r\n   name DevOps_VLAN_77\r\n!\r\nvlan 78\r\n   name DevOps_VLAN_78\r\n!\r\nvlan 79\r\n   name DevOps_VLAN_79\r\n!\r\nvlan 80\r\n   name DevOps_VLAN_80\r\n!\r\nvlan 81\r\n   name DevOps_VLAN_81\r\n!\r\nvlan 82\r\n   name DevOps_VLAN_82\r\n!\r\nvlan 83\r\n   name DevOps_VLAN_83\r\n!\r\nvlan 84\r\n   name DevOps_VLAN_84\r\n!\r\nvlan 85\r\n   name DevOps_VLAN_85\r\n!\r\nvlan 86\r\n   name DevOps_VLAN_86\r\n!\r\nvlan 87\r\n   name DevOps_VLAN_87\r\n!\r\nvlan 88\r\n   name DevOps_VLAN_88\r\n!\r\nvlan 89\r\n   name DevOps_VLAN_89\r\n!\r\nvlan 90\r\n   name DevOps_VLAN_90\r\n!\r\nvlan 91\r\n   name DevOps_VLAN_91\r\n!\r\nvlan 92\r\n   name DevOps_VLAN_92\r\n!\r\nvlan 93\r\n   name DevOps_VLAN_93\r\n!\r\nvlan 94\r\n   name DevOps_VLAN_94\r\n!\r\nvlan 95\r\n   name DevOps_VLAN_95\r\n!\r\nvlan 96\r\n   name DevOps_VLAN_96\r\n!\r\nvlan 97\r\n   name DevOps_VLAN_97\r\n!\r\nvlan 98\r\n   name DevOps_VLAN_98\r\n!\r\ninterface Management1\r\n   ip address 192.168.0.1/24\r\n!\r\nno ip routing\r\n!\r\nend\r\nArista1'
2020-08-03 03:23:20,220--__main__--DEBUG--> Connect to 192.168.0.2
2020-08-03 03:23:20,271--__main__--DEBUG--> 192.168.0.2 Enter password
2020-08-03 03:23:22,017--__main__--DEBUG--> 192.168.0.2 Enable Exec Mode
2020-08-03 03:23:22,119--__main__--DEBUG--> 192.168.0.2 Disable terminal length
2020-08-03 03:23:22,224--__main__--DEBUG--> 192.168.0.2 Enter configuration mode
2020-08-03 03:23:22,321--__main__--DEBUG--> 192.168.0.2 Configure VLAN 0
2020-08-03 03:23:22,608--__main__--DEBUG--> 192.168.0.2 Configure VLAN 1
2020-08-03 03:23:22,725--__main__--DEBUG--> 192.168.0.2 Configure VLAN 2
2020-08-03 03:23:22,844--__main__--DEBUG--> 192.168.0.2 Configure VLAN 3
2020-08-03 03:23:22,965--__main__--DEBUG--> 192.168.0.2 Configure VLAN 4
2020-08-03 03:23:23,092--__main__--DEBUG--> 192.168.0.2 Configure VLAN 5
2020-08-03 03:23:23,212--__main__--DEBUG--> 192.168.0.2 Configure VLAN 6
2020-08-03 03:23:23,340--__main__--DEBUG--> 192.168.0.2 Configure VLAN 7
2020-08-03 03:23:23,469--__main__--DEBUG--> 192.168.0.2 Configure VLAN 8
2020-08-03 03:23:23,588--__main__--DEBUG--> 192.168.0.2 Configure VLAN 9
2020-08-03 03:23:23,711--__main__--DEBUG--> 192.168.0.2 Configure VLAN 10
2020-08-03 03:23:23,832--__main__--DEBUG--> 192.168.0.2 Configure VLAN 11
2020-08-03 03:23:23,963--__main__--DEBUG--> 192.168.0.2 Configure VLAN 12
2020-08-03 03:23:24,089--__main__--DEBUG--> 192.168.0.2 Configure VLAN 13
2020-08-03 03:23:24,210--__main__--DEBUG--> 192.168.0.2 Configure VLAN 14
2020-08-03 03:23:24,350--__main__--DEBUG--> 192.168.0.2 Configure VLAN 15
2020-08-03 03:23:24,476--__main__--DEBUG--> 192.168.0.2 Configure VLAN 16
2020-08-03 03:23:24,594--__main__--DEBUG--> 192.168.0.2 Configure VLAN 17
2020-08-03 03:23:24,719--__main__--DEBUG--> 192.168.0.2 Configure VLAN 18
2020-08-03 03:23:24,841--__main__--DEBUG--> 192.168.0.2 Configure VLAN 19
2020-08-03 03:23:24,971--__main__--DEBUG--> 192.168.0.2 Configure VLAN 20
2020-08-03 03:23:25,100--__main__--DEBUG--> 192.168.0.2 Configure VLAN 21
2020-08-03 03:23:25,229--__main__--DEBUG--> 192.168.0.2 Configure VLAN 22
2020-08-03 03:23:25,353--__main__--DEBUG--> 192.168.0.2 Configure VLAN 23
2020-08-03 03:23:25,499--__main__--DEBUG--> 192.168.0.2 Configure VLAN 24
2020-08-03 03:23:25,617--__main__--DEBUG--> 192.168.0.2 Configure VLAN 25
2020-08-03 03:23:25,740--__main__--DEBUG--> 192.168.0.2 Configure VLAN 26
2020-08-03 03:23:25,856--__main__--DEBUG--> 192.168.0.2 Configure VLAN 27
2020-08-03 03:23:25,971--__main__--DEBUG--> 192.168.0.2 Configure VLAN 28
2020-08-03 03:23:26,098--__main__--DEBUG--> 192.168.0.2 Configure VLAN 29
2020-08-03 03:23:26,213--__main__--DEBUG--> 192.168.0.2 Configure VLAN 30
2020-08-03 03:23:26,334--__main__--DEBUG--> 192.168.0.2 Configure VLAN 31
2020-08-03 03:23:26,457--__main__--DEBUG--> 192.168.0.2 Configure VLAN 32
2020-08-03 03:23:26,576--__main__--DEBUG--> 192.168.0.2 Configure VLAN 33
2020-08-03 03:23:26,693--__main__--DEBUG--> 192.168.0.2 Configure VLAN 34
2020-08-03 03:23:26,814--__main__--DEBUG--> 192.168.0.2 Configure VLAN 35
2020-08-03 03:23:26,936--__main__--DEBUG--> 192.168.0.2 Configure VLAN 36
2020-08-03 03:23:27,053--__main__--DEBUG--> 192.168.0.2 Configure VLAN 37
2020-08-03 03:23:27,169--__main__--DEBUG--> 192.168.0.2 Configure VLAN 38
2020-08-03 03:23:27,284--__main__--DEBUG--> 192.168.0.2 Configure VLAN 39
2020-08-03 03:23:27,398--__main__--DEBUG--> 192.168.0.2 Configure VLAN 40
2020-08-03 03:23:27,513--__main__--DEBUG--> 192.168.0.2 Configure VLAN 41
2020-08-03 03:23:27,635--__main__--DEBUG--> 192.168.0.2 Configure VLAN 42
2020-08-03 03:23:27,749--__main__--DEBUG--> 192.168.0.2 Configure VLAN 43
2020-08-03 03:23:27,865--__main__--DEBUG--> 192.168.0.2 Configure VLAN 44
2020-08-03 03:23:27,981--__main__--DEBUG--> 192.168.0.2 Configure VLAN 45
2020-08-03 03:23:28,100--__main__--DEBUG--> 192.168.0.2 Configure VLAN 46
2020-08-03 03:23:28,219--__main__--DEBUG--> 192.168.0.2 Configure VLAN 47
2020-08-03 03:23:28,337--__main__--DEBUG--> 192.168.0.2 Configure VLAN 48
2020-08-03 03:23:28,452--__main__--DEBUG--> 192.168.0.2 Configure VLAN 49
2020-08-03 03:23:28,582--__main__--DEBUG--> 192.168.0.2 Configure VLAN 50
2020-08-03 03:23:28,708--__main__--DEBUG--> 192.168.0.2 Configure VLAN 51
2020-08-03 03:23:28,824--__main__--DEBUG--> 192.168.0.2 Configure VLAN 52
2020-08-03 03:23:28,943--__main__--DEBUG--> 192.168.0.2 Configure VLAN 53
2020-08-03 03:23:29,059--__main__--DEBUG--> 192.168.0.2 Configure VLAN 54
2020-08-03 03:23:29,187--__main__--DEBUG--> 192.168.0.2 Configure VLAN 55
2020-08-03 03:23:29,306--__main__--DEBUG--> 192.168.0.2 Configure VLAN 56
2020-08-03 03:23:29,420--__main__--DEBUG--> 192.168.0.2 Configure VLAN 57
2020-08-03 03:23:29,535--__main__--DEBUG--> 192.168.0.2 Configure VLAN 58
2020-08-03 03:23:29,656--__main__--DEBUG--> 192.168.0.2 Configure VLAN 59
2020-08-03 03:23:29,778--__main__--DEBUG--> 192.168.0.2 Configure VLAN 60
2020-08-03 03:23:29,893--__main__--DEBUG--> 192.168.0.2 Configure VLAN 61
2020-08-03 03:23:30,010--__main__--DEBUG--> 192.168.0.2 Configure VLAN 62
2020-08-03 03:23:30,127--__main__--DEBUG--> 192.168.0.2 Configure VLAN 63
2020-08-03 03:23:30,246--__main__--DEBUG--> 192.168.0.2 Configure VLAN 64
2020-08-03 03:23:30,368--__main__--DEBUG--> 192.168.0.2 Configure VLAN 65
2020-08-03 03:23:30,483--__main__--DEBUG--> 192.168.0.2 Configure VLAN 66
2020-08-03 03:23:30,598--__main__--DEBUG--> 192.168.0.2 Configure VLAN 67
2020-08-03 03:23:30,716--__main__--DEBUG--> 192.168.0.2 Configure VLAN 68
2020-08-03 03:23:30,834--__main__--DEBUG--> 192.168.0.2 Configure VLAN 69
2020-08-03 03:23:30,959--__main__--DEBUG--> 192.168.0.2 Configure VLAN 70
2020-08-03 03:23:31,084--__main__--DEBUG--> 192.168.0.2 Configure VLAN 71
2020-08-03 03:23:31,202--__main__--DEBUG--> 192.168.0.2 Configure VLAN 72
2020-08-03 03:23:31,331--__main__--DEBUG--> 192.168.0.2 Configure VLAN 73
2020-08-03 03:23:31,468--__main__--DEBUG--> 192.168.0.2 Configure VLAN 74
2020-08-03 03:23:31,599--__main__--DEBUG--> 192.168.0.2 Configure VLAN 75
2020-08-03 03:23:31,717--__main__--DEBUG--> 192.168.0.2 Configure VLAN 76
2020-08-03 03:23:31,835--__main__--DEBUG--> 192.168.0.2 Configure VLAN 77
2020-08-03 03:23:31,967--__main__--DEBUG--> 192.168.0.2 Configure VLAN 78
2020-08-03 03:23:32,085--__main__--DEBUG--> 192.168.0.2 Configure VLAN 79
2020-08-03 03:23:32,233--__main__--DEBUG--> 192.168.0.2 Configure VLAN 80
2020-08-03 03:23:32,362--__main__--DEBUG--> 192.168.0.2 Configure VLAN 81
2020-08-03 03:23:32,480--__main__--DEBUG--> 192.168.0.2 Configure VLAN 82
2020-08-03 03:23:32,630--__main__--DEBUG--> 192.168.0.2 Configure VLAN 83
2020-08-03 03:23:32,758--__main__--DEBUG--> 192.168.0.2 Configure VLAN 84
2020-08-03 03:23:32,888--__main__--DEBUG--> 192.168.0.2 Configure VLAN 85
2020-08-03 03:23:33,049--__main__--DEBUG--> 192.168.0.2 Configure VLAN 86
2020-08-03 03:23:33,195--__main__--DEBUG--> 192.168.0.2 Configure VLAN 87
2020-08-03 03:23:33,328--__main__--DEBUG--> 192.168.0.2 Configure VLAN 88
2020-08-03 03:23:33,446--__main__--DEBUG--> 192.168.0.2 Configure VLAN 89
2020-08-03 03:23:33,572--__main__--DEBUG--> 192.168.0.2 Configure VLAN 90
2020-08-03 03:23:33,692--__main__--DEBUG--> 192.168.0.2 Configure VLAN 91
2020-08-03 03:23:33,810--__main__--DEBUG--> 192.168.0.2 Configure VLAN 92
2020-08-03 03:23:33,995--__main__--DEBUG--> 192.168.0.2 Configure VLAN 93
2020-08-03 03:23:34,123--__main__--DEBUG--> 192.168.0.2 Configure VLAN 94
2020-08-03 03:23:34,240--__main__--DEBUG--> 192.168.0.2 Configure VLAN 95
2020-08-03 03:23:34,390--__main__--DEBUG--> 192.168.0.2 Configure VLAN 96
2020-08-03 03:23:34,510--__main__--DEBUG--> 192.168.0.2 Configure VLAN 97
2020-08-03 03:23:34,652--__main__--DEBUG--> 192.168.0.2 Configure VLAN 98
2020-08-03 03:23:34,845--__main__--DEBUG--> 192.168.0.2 Save config
2020-08-03 03:23:36,696--__main__--DEBUG--> b'show run\r\n! Command: show running-config\r\n! device: Arista2 (vEOS, EOS-4.20.15M)\r\n!\r\n! boot system flash:/vEOS-lab.swi\r\n!\r\ntransceiver qsfp default-mode 4x10G\r\n!\r\nhostname Arista2\r\n!\r\nspanning-tree mode mstp\r\n!\r\nno aaa root\r\n!\r\nusername admin role network-admin secret sha512 $6$SjLK3OKP8H4Sd2gu$SHbqCs.J5o9dIJvF7uet0OX57Ho7z66EspJ1zoPFEUx7L/TYMZvqYPDTzDBw4GiUFxTx7RSfKxldvGe19VJZq1\r\n!\r\nvlan 1\r\n   name DevOps_VLAN_1\r\n!\r\nvlan 2\r\n   name DevOps_VLAN_2\r\n!\r\nvlan 3\r\n   name DevOps_VLAN_3\r\n!\r\nvlan 4\r\n   name DevOps_VLAN_4\r\n!\r\nvlan 5\r\n   name DevOps_VLAN_5\r\n!\r\nvlan 6\r\n   name DevOps_VLAN_6\r\n!\r\nvlan 7\r\n   name DevOps_VLAN_7\r\n!\r\nvlan 8\r\n   name DevOps_VLAN_8\r\n!\r\nvlan 9\r\n   name DevOps_VLAN_9\r\n!\r\nvlan 10\r\n   name DevOps_VLAN_10\r\n!\r\nvlan 11\r\n   name DevOps_VLAN_11\r\n!\r\nvlan 12\r\n   name DevOps_VLAN_12\r\n!\r\nvlan 13\r\n   name DevOps_VLAN_13\r\n!\r\nvlan 14\r\n   name DevOps_VLAN_14\r\n!\r\nvlan 15\r\n   name DevOps_VLAN_15\r\n!\r\nvlan 16\r\n   name DevOps_VLAN_16\r\n!\r\nvlan 17\r\n   name DevOps_VLAN_17\r\n!\r\nvlan 18\r\n   name DevOps_VLAN_18\r\n!\r\nvlan 19\r\n   name DevOps_VLAN_19\r\n!\r\nvlan 20\r\n   name DevOps_VLAN_20\r\n!\r\nvlan 21\r\n   name DevOps_VLAN_21\r\n!\r\nvlan 22\r\n   name DevOps_VLAN_22\r\n!\r\nvlan 23\r\n   name DevOps_VLAN_23\r\n!\r\nvlan 24\r\n   name DevOps_VLAN_24\r\n!\r\nvlan 25\r\n   name DevOps_VLAN_25\r\n!\r\nvlan 26\r\n   name DevOps_VLAN_26\r\n!\r\nvlan 27\r\n   name DevOps_VLAN_27\r\n!\r\nvlan 28\r\n   name DevOps_VLAN_28\r\n!\r\nvlan 29\r\n   name DevOps_VLAN_29\r\n!\r\nvlan 30\r\n   name DevOps_VLAN_30\r\n!\r\nvlan 31\r\n   name DevOps_VLAN_31\r\n!\r\nvlan 32\r\n   name DevOps_VLAN_32\r\n!\r\nvlan 33\r\n   name DevOps_VLAN_33\r\n!\r\nvlan 34\r\n   name DevOps_VLAN_34\r\n!\r\nvlan 35\r\n   name DevOps_VLAN_35\r\n!\r\nvlan 36\r\n   name DevOps_VLAN_36\r\n!\r\nvlan 37\r\n   name DevOps_VLAN_37\r\n!\r\nvlan 38\r\n   name DevOps_VLAN_38\r\n!\r\nvlan 39\r\n   name DevOps_VLAN_39\r\n!\r\nvlan 40\r\n   name DevOps_VLAN_40\r\n!\r\nvlan 41\r\n   name DevOps_VLAN_41\r\n!\r\nvlan 42\r\n   name DevOps_VLAN_42\r\n!\r\nvlan 43\r\n   name DevOps_VLAN_43\r\n!\r\nvlan 44\r\n   name DevOps_VLAN_44\r\n!\r\nvlan 45\r\n   name DevOps_VLAN_45\r\n!\r\nvlan 46\r\n   name DevOps_VLAN_46\r\n!\r\nvlan 47\r\n   name DevOps_VLAN_47\r\n!\r\nvlan 48\r\n   name DevOps_VLAN_48\r\n!\r\nvlan 49\r\n   name DevOps_VLAN_49\r\n!\r\nvlan 50\r\n   name DevOps_VLAN_50\r\n!\r\nvlan 51\r\n   name DevOps_VLAN_51\r\n!\r\nvlan 52\r\n   name DevOps_VLAN_52\r\n!\r\nvlan 53\r\n   name DevOps_VLAN_53\r\n!\r\nvlan 54\r\n   name DevOps_VLAN_54\r\n!\r\nvlan 55\r\n   name DevOps_VLAN_55\r\n!\r\nvlan 56\r\n   name DevOps_VLAN_56\r\n!\r\nvlan 57\r\n   name DevOps_VLAN_57\r\n!\r\nvlan 58\r\n   name DevOps_VLAN_58\r\n!\r\nvlan 59\r\n   name DevOps_VLAN_59\r\n!\r\nvlan 60\r\n   name DevOps_VLAN_60\r\n!\r\nvlan 61\r\n   name DevOps_VLAN_61\r\n!\r\nvlan 62\r\n   name DevOps_VLAN_62\r\n!\r\nvlan 63\r\n   name DevOps_VLAN_63\r\n!\r\nvlan 64\r\n   name DevOps_VLAN_64\r\n!\r\nvlan 65\r\n   name DevOps_VLAN_65\r\n!\r\nvlan 66\r\n   name DevOps_VLAN_66\r\n!\r\nvlan 67\r\n   name DevOps_VLAN_67\r\n!\r\nvlan 68\r\n   name DevOps_VLAN_68\r\n!\r\nvlan 69\r\n   name DevOps_VLAN_69\r\n!\r\nvlan 70\r\n   name DevOps_VLAN_70\r\n!\r\nvlan 71\r\n   name DevOps_VLAN_71\r\n!\r\nvlan 72\r\n   name DevOps_VLAN_72\r\n!\r\nvlan 73\r\n   name DevOps_VLAN_73\r\n!\r\nvlan 74\r\n   name DevOps_VLAN_74\r\n!\r\nvlan 75\r\n   name DevOps_VLAN_75\r\n!\r\nvlan 76\r\n   name DevOps_VLAN_76\r\n!\r\nvlan 77\r\n   name DevOps_VLAN_77\r\n!\r\nvlan 78\r\n   name DevOps_VLAN_78\r\n!\r\nvlan 79\r\n   name DevOps_VLAN_79\r\n!\r\nvlan 80\r\n   name DevOps_VLAN_80\r\n!\r\nvlan 81\r\n   name DevOps_VLAN_81\r\n!\r\nvlan 82\r\n   name DevOps_VLAN_82\r\n!\r\nvlan 83\r\n   name DevOps_VLAN_83\r\n!\r\nvlan 84\r\n   name DevOps_VLAN_84\r\n!\r\nvlan 85\r\n   name DevOps_VLAN_85\r\n!\r\nvlan 86\r\n   name DevOps_VLAN_86\r\n!\r\nvlan 87\r\n   name DevOps_VLAN_87\r\n!\r\nvlan 88\r\n   name DevOps_VLAN_88\r\n!\r\nvlan 89\r\n   name DevOps_VLAN_89\r\n!\r\nvlan 90\r\n   name DevOps_VLAN_90\r\n!\r\nvlan 91\r\n   name DevOps_VLAN_91\r\n!\r\nvlan 92\r\n   name DevOps_VLAN_92\r\n!\r\nvlan 93\r\n   name DevOps_VLAN_93\r\n!\r\nvlan 94\r\n   name DevOps_VLAN_94\r\n!\r\nvlan 95\r\n   name DevOps_VLAN_95\r\n!\r\nvlan 96\r\n   name DevOps_VLAN_96\r\n!\r\nvlan 97\r\n   name DevOps_VLAN_97\r\n!\r\nvlan 98\r\n   name DevOps_VLAN_98\r\n!\r\ninterface Management1\r\n   ip address 192.168.0.2/24\r\n!\r\nno ip routing\r\n!\r\nend\r\nArista2'
2020-08-03 03:23:38,260--__main__--DEBUG--> Connect to 192.168.0.3
2020-08-03 03:23:38,315--__main__--DEBUG--> 192.168.0.3 Enter password
2020-08-03 03:23:39,997--__main__--DEBUG--> 192.168.0.3 Enable Exec Mode
2020-08-03 03:23:40,102--__main__--DEBUG--> 192.168.0.3 Disable terminal length
2020-08-03 03:23:40,200--__main__--DEBUG--> 192.168.0.3 Enter configuration mode
2020-08-03 03:23:40,309--__main__--DEBUG--> 192.168.0.3 Configure VLAN 0
2020-08-03 03:23:40,530--__main__--DEBUG--> 192.168.0.3 Configure VLAN 1
2020-08-03 03:23:40,653--__main__--DEBUG--> 192.168.0.3 Configure VLAN 2
2020-08-03 03:23:40,933--__main__--DEBUG--> 192.168.0.3 Configure VLAN 3
2020-08-03 03:23:41,049--__main__--DEBUG--> 192.168.0.3 Configure VLAN 4
2020-08-03 03:23:41,182--__main__--DEBUG--> 192.168.0.3 Configure VLAN 5
2020-08-03 03:23:41,308--__main__--DEBUG--> 192.168.0.3 Configure VLAN 6
2020-08-03 03:23:41,426--__main__--DEBUG--> 192.168.0.3 Configure VLAN 7
2020-08-03 03:23:41,554--__main__--DEBUG--> 192.168.0.3 Configure VLAN 8
2020-08-03 03:23:41,691--__main__--DEBUG--> 192.168.0.3 Configure VLAN 9
2020-08-03 03:23:41,812--__main__--DEBUG--> 192.168.0.3 Configure VLAN 10
2020-08-03 03:23:41,937--__main__--DEBUG--> 192.168.0.3 Configure VLAN 11
2020-08-03 03:23:42,070--__main__--DEBUG--> 192.168.0.3 Configure VLAN 12
2020-08-03 03:23:42,188--__main__--DEBUG--> 192.168.0.3 Configure VLAN 13
2020-08-03 03:23:42,306--__main__--DEBUG--> 192.168.0.3 Configure VLAN 14
2020-08-03 03:23:42,444--__main__--DEBUG--> 192.168.0.3 Configure VLAN 15
2020-08-03 03:23:42,559--__main__--DEBUG--> 192.168.0.3 Configure VLAN 16
2020-08-03 03:23:42,682--__main__--DEBUG--> 192.168.0.3 Configure VLAN 17
2020-08-03 03:23:42,817--__main__--DEBUG--> 192.168.0.3 Configure VLAN 18
2020-08-03 03:23:42,994--__main__--DEBUG--> 192.168.0.3 Configure VLAN 19
2020-08-03 03:23:43,140--__main__--DEBUG--> 192.168.0.3 Configure VLAN 20
2020-08-03 03:23:43,294--__main__--DEBUG--> 192.168.0.3 Configure VLAN 21
2020-08-03 03:23:43,421--__main__--DEBUG--> 192.168.0.3 Configure VLAN 22
2020-08-03 03:23:43,538--__main__--DEBUG--> 192.168.0.3 Configure VLAN 23
2020-08-03 03:23:43,670--__main__--DEBUG--> 192.168.0.3 Configure VLAN 24
2020-08-03 03:23:43,788--__main__--DEBUG--> 192.168.0.3 Configure VLAN 25
2020-08-03 03:23:43,915--__main__--DEBUG--> 192.168.0.3 Configure VLAN 26
2020-08-03 03:23:44,032--__main__--DEBUG--> 192.168.0.3 Configure VLAN 27
2020-08-03 03:23:44,154--__main__--DEBUG--> 192.168.0.3 Configure VLAN 28
2020-08-03 03:23:44,291--__main__--DEBUG--> 192.168.0.3 Configure VLAN 29
2020-08-03 03:23:44,425--__main__--DEBUG--> 192.168.0.3 Configure VLAN 30
2020-08-03 03:23:44,583--__main__--DEBUG--> 192.168.0.3 Configure VLAN 31
2020-08-03 03:23:44,715--__main__--DEBUG--> 192.168.0.3 Configure VLAN 32
2020-08-03 03:23:44,845--__main__--DEBUG--> 192.168.0.3 Configure VLAN 33
2020-08-03 03:23:44,970--__main__--DEBUG--> 192.168.0.3 Configure VLAN 34
2020-08-03 03:23:45,088--__main__--DEBUG--> 192.168.0.3 Configure VLAN 35
2020-08-03 03:23:45,214--__main__--DEBUG--> 192.168.0.3 Configure VLAN 36
2020-08-03 03:23:45,346--__main__--DEBUG--> 192.168.0.3 Configure VLAN 37
2020-08-03 03:23:45,489--__main__--DEBUG--> 192.168.0.3 Configure VLAN 38
2020-08-03 03:23:45,614--__main__--DEBUG--> 192.168.0.3 Configure VLAN 39
2020-08-03 03:23:45,728--__main__--DEBUG--> 192.168.0.3 Configure VLAN 40
2020-08-03 03:23:45,854--__main__--DEBUG--> 192.168.0.3 Configure VLAN 41
2020-08-03 03:23:45,973--__main__--DEBUG--> 192.168.0.3 Configure VLAN 42
2020-08-03 03:23:46,095--__main__--DEBUG--> 192.168.0.3 Configure VLAN 43
2020-08-03 03:23:46,210--__main__--DEBUG--> 192.168.0.3 Configure VLAN 44
2020-08-03 03:23:46,331--__main__--DEBUG--> 192.168.0.3 Configure VLAN 45
2020-08-03 03:23:46,447--__main__--DEBUG--> 192.168.0.3 Configure VLAN 46
2020-08-03 03:23:46,563--__main__--DEBUG--> 192.168.0.3 Configure VLAN 47
2020-08-03 03:23:46,689--__main__--DEBUG--> 192.168.0.3 Configure VLAN 48
2020-08-03 03:23:46,815--__main__--DEBUG--> 192.168.0.3 Configure VLAN 49
2020-08-03 03:23:46,935--__main__--DEBUG--> 192.168.0.3 Configure VLAN 50
2020-08-03 03:23:47,051--__main__--DEBUG--> 192.168.0.3 Configure VLAN 51
2020-08-03 03:23:47,166--__main__--DEBUG--> 192.168.0.3 Configure VLAN 52
2020-08-03 03:23:47,287--__main__--DEBUG--> 192.168.0.3 Configure VLAN 53
2020-08-03 03:23:47,416--__main__--DEBUG--> 192.168.0.3 Configure VLAN 54
2020-08-03 03:23:47,534--__main__--DEBUG--> 192.168.0.3 Configure VLAN 55
2020-08-03 03:23:47,659--__main__--DEBUG--> 192.168.0.3 Configure VLAN 56
2020-08-03 03:23:47,778--__main__--DEBUG--> 192.168.0.3 Configure VLAN 57
2020-08-03 03:23:47,901--__main__--DEBUG--> 192.168.0.3 Configure VLAN 58
2020-08-03 03:23:48,025--__main__--DEBUG--> 192.168.0.3 Configure VLAN 59
2020-08-03 03:23:48,142--__main__--DEBUG--> 192.168.0.3 Configure VLAN 60
2020-08-03 03:23:48,258--__main__--DEBUG--> 192.168.0.3 Configure VLAN 61
2020-08-03 03:23:48,372--__main__--DEBUG--> 192.168.0.3 Configure VLAN 62
2020-08-03 03:23:48,489--__main__--DEBUG--> 192.168.0.3 Configure VLAN 63
2020-08-03 03:23:48,607--__main__--DEBUG--> 192.168.0.3 Configure VLAN 64
2020-08-03 03:23:48,727--__main__--DEBUG--> 192.168.0.3 Configure VLAN 65
2020-08-03 03:23:48,843--__main__--DEBUG--> 192.168.0.3 Configure VLAN 66
2020-08-03 03:23:48,961--__main__--DEBUG--> 192.168.0.3 Configure VLAN 67
2020-08-03 03:23:49,088--__main__--DEBUG--> 192.168.0.3 Configure VLAN 68
2020-08-03 03:23:49,204--__main__--DEBUG--> 192.168.0.3 Configure VLAN 69
2020-08-03 03:23:49,321--__main__--DEBUG--> 192.168.0.3 Configure VLAN 70
2020-08-03 03:23:49,436--__main__--DEBUG--> 192.168.0.3 Configure VLAN 71
2020-08-03 03:23:49,556--__main__--DEBUG--> 192.168.0.3 Configure VLAN 72
2020-08-03 03:23:49,674--__main__--DEBUG--> 192.168.0.3 Configure VLAN 73
2020-08-03 03:23:49,801--__main__--DEBUG--> 192.168.0.3 Configure VLAN 74
2020-08-03 03:23:49,916--__main__--DEBUG--> 192.168.0.3 Configure VLAN 75
2020-08-03 03:23:50,071--__main__--DEBUG--> 192.168.0.3 Configure VLAN 76
2020-08-03 03:23:50,197--__main__--DEBUG--> 192.168.0.3 Configure VLAN 77
2020-08-03 03:23:50,329--__main__--DEBUG--> 192.168.0.3 Configure VLAN 78
2020-08-03 03:23:50,458--__main__--DEBUG--> 192.168.0.3 Configure VLAN 79
2020-08-03 03:23:50,576--__main__--DEBUG--> 192.168.0.3 Configure VLAN 80
2020-08-03 03:23:50,698--__main__--DEBUG--> 192.168.0.3 Configure VLAN 81
2020-08-03 03:23:50,811--__main__--DEBUG--> 192.168.0.3 Configure VLAN 82
2020-08-03 03:23:50,928--__main__--DEBUG--> 192.168.0.3 Configure VLAN 83
2020-08-03 03:23:51,045--__main__--DEBUG--> 192.168.0.3 Configure VLAN 84
2020-08-03 03:23:51,169--__main__--DEBUG--> 192.168.0.3 Configure VLAN 85
2020-08-03 03:23:51,308--__main__--DEBUG--> 192.168.0.3 Configure VLAN 86
2020-08-03 03:23:51,426--__main__--DEBUG--> 192.168.0.3 Configure VLAN 87
2020-08-03 03:23:51,543--__main__--DEBUG--> 192.168.0.3 Configure VLAN 88
2020-08-03 03:23:51,659--__main__--DEBUG--> 192.168.0.3 Configure VLAN 89
2020-08-03 03:23:51,788--__main__--DEBUG--> 192.168.0.3 Configure VLAN 90
2020-08-03 03:23:51,904--__main__--DEBUG--> 192.168.0.3 Configure VLAN 91
2020-08-03 03:23:52,021--__main__--DEBUG--> 192.168.0.3 Configure VLAN 92
2020-08-03 03:23:52,138--__main__--DEBUG--> 192.168.0.3 Configure VLAN 93
2020-08-03 03:23:52,253--__main__--DEBUG--> 192.168.0.3 Configure VLAN 94
2020-08-03 03:23:52,366--__main__--DEBUG--> 192.168.0.3 Configure VLAN 95
2020-08-03 03:23:52,483--__main__--DEBUG--> 192.168.0.3 Configure VLAN 96
2020-08-03 03:23:52,613--__main__--DEBUG--> 192.168.0.3 Configure VLAN 97
2020-08-03 03:23:52,728--__main__--DEBUG--> 192.168.0.3 Configure VLAN 98
2020-08-03 03:23:52,907--__main__--DEBUG--> 192.168.0.3 Save config
2020-08-03 03:23:54,627--__main__--DEBUG--> b'show run\r\n! Command: show running-config\r\n! device: Arista3 (vEOS, EOS-4.20.15M)\r\n!\r\n! boot system flash:/vEOS-lab.swi\r\n!\r\ntransceiver qsfp default-mode 4x10G\r\n!\r\nhostname Arista3\r\n!\r\nspanning-tree mode mstp\r\n!\r\nno aaa root\r\n!\r\nusername admin role network-admin secret sha512 $6$SjLK3OKP8H4Sd2gu$SHbqCs.J5o9dIJvF7uet0OX57Ho7z66EspJ1zoPFEUx7L/TYMZvqYPDTzDBw4GiUFxTx7RSfKxldvGe19VJZq1\r\n!\r\nvlan 1\r\n   name DevOps_VLAN_1\r\n!\r\nvlan 2\r\n   name DevOps_VLAN_2\r\n!\r\nvlan 3\r\n   name DevOps_VLAN_3\r\n!\r\nvlan 4\r\n   name DevOps_VLAN_4\r\n!\r\nvlan 5\r\n   name DevOps_VLAN_5\r\n!\r\nvlan 6\r\n   name DevOps_VLAN_6\r\n!\r\nvlan 7\r\n   name DevOps_VLAN_7\r\n!\r\nvlan 8\r\n   name DevOps_VLAN_8\r\n!\r\nvlan 9\r\n   name DevOps_VLAN_9\r\n!\r\nvlan 10\r\n   name DevOps_VLAN_10\r\n!\r\nvlan 11\r\n   name DevOps_VLAN_11\r\n!\r\nvlan 12\r\n   name DevOps_VLAN_12\r\n!\r\nvlan 13\r\n   name DevOps_VLAN_13\r\n!\r\nvlan 14\r\n   name DevOps_VLAN_14\r\n!\r\nvlan 15\r\n   name DevOps_VLAN_15\r\n!\r\nvlan 16\r\n   name DevOps_VLAN_16\r\n!\r\nvlan 17\r\n   name DevOps_VLAN_17\r\n!\r\nvlan 18\r\n   name DevOps_VLAN_18\r\n!\r\nvlan 19\r\n   name DevOps_VLAN_19\r\n!\r\nvlan 20\r\n   name DevOps_VLAN_20\r\n!\r\nvlan 21\r\n   name DevOps_VLAN_21\r\n!\r\nvlan 22\r\n   name DevOps_VLAN_22\r\n!\r\nvlan 23\r\n   name DevOps_VLAN_23\r\n!\r\nvlan 24\r\n   name DevOps_VLAN_24\r\n!\r\nvlan 25\r\n   name DevOps_VLAN_25\r\n!\r\nvlan 26\r\n   name DevOps_VLAN_26\r\n!\r\nvlan 27\r\n   name DevOps_VLAN_27\r\n!\r\nvlan 28\r\n   name DevOps_VLAN_28\r\n!\r\nvlan 29\r\n   name DevOps_VLAN_29\r\n!\r\nvlan 30\r\n   name DevOps_VLAN_30\r\n!\r\nvlan 31\r\n   name DevOps_VLAN_31\r\n!\r\nvlan 32\r\n   name DevOps_VLAN_32\r\n!\r\nvlan 33\r\n   name DevOps_VLAN_33\r\n!\r\nvlan 34\r\n   name DevOps_VLAN_34\r\n!\r\nvlan 35\r\n   name DevOps_VLAN_35\r\n!\r\nvlan 36\r\n   name DevOps_VLAN_36\r\n!\r\nvlan 37\r\n   name DevOps_VLAN_37\r\n!\r\nvlan 38\r\n   name DevOps_VLAN_38\r\n!\r\nvlan 39\r\n   name DevOps_VLAN_39\r\n!\r\nvlan 40\r\n   name DevOps_VLAN_40\r\n!\r\nvlan 41\r\n   name DevOps_VLAN_41\r\n!\r\nvlan 42\r\n   name DevOps_VLAN_42\r\n!\r\nvlan 43\r\n   name DevOps_VLAN_43\r\n!\r\nvlan 44\r\n   name DevOps_VLAN_44\r\n!\r\nvlan 45\r\n   name DevOps_VLAN_45\r\n!\r\nvlan 46\r\n   name DevOps_VLAN_46\r\n!\r\nvlan 47\r\n   name DevOps_VLAN_47\r\n!\r\nvlan 48\r\n   name DevOps_VLAN_48\r\n!\r\nvlan 49\r\n   name DevOps_VLAN_49\r\n!\r\nvlan 50\r\n   name DevOps_VLAN_50\r\n!\r\nvlan 51\r\n   name DevOps_VLAN_51\r\n!\r\nvlan 52\r\n   name DevOps_VLAN_52\r\n!\r\nvlan 53\r\n   name DevOps_VLAN_53\r\n!\r\nvlan 54\r\n   name DevOps_VLAN_54\r\n!\r\nvlan 55\r\n   name DevOps_VLAN_55\r\n!\r\nvlan 56\r\n   name DevOps_VLAN_56\r\n!\r\nvlan 57\r\n   name DevOps_VLAN_57\r\n!\r\nvlan 58\r\n   name DevOps_VLAN_58\r\n!\r\nvlan 59\r\n   name DevOps_VLAN_59\r\n!\r\nvlan 60\r\n   name DevOps_VLAN_60\r\n!\r\nvlan 61\r\n   name DevOps_VLAN_61\r\n!\r\nvlan 62\r\n   name DevOps_VLAN_62\r\n!\r\nvlan 63\r\n   name DevOps_VLAN_63\r\n!\r\nvlan 64\r\n   name DevOps_VLAN_64\r\n!\r\nvlan 65\r\n   name DevOps_VLAN_65\r\n!\r\nvlan 66\r\n   name DevOps_VLAN_66\r\n!\r\nvlan 67\r\n   name DevOps_VLAN_67\r\n!\r\nvlan 68\r\n   name DevOps_VLAN_68\r\n!\r\nvlan 69\r\n   name DevOps_VLAN_69\r\n!\r\nvlan 70\r\n   name DevOps_VLAN_70\r\n!\r\nvlan 71\r\n   name DevOps_VLAN_71\r\n!\r\nvlan 72\r\n   name DevOps_VLAN_72\r\n!\r\nvlan 73\r\n   name DevOps_VLAN_73\r\n!\r\nvlan 74\r\n   name DevOps_VLAN_74\r\n!\r\nvlan 75\r\n   name DevOps_VLAN_75\r\n!\r\nvlan 76\r\n   name DevOps_VLAN_76\r\n!\r\nvlan 77\r\n   name DevOps_VLAN_77\r\n!\r\nvlan 78\r\n   name DevOps_VLAN_78\r\n!\r\nvlan 79\r\n   name DevOps_VLAN_79\r\n!\r\nvlan 80\r\n   name DevOps_VLAN_80\r\n!\r\nvlan 81\r\n   name DevOps_VLAN_81\r\n!\r\nvlan 82\r\n   name DevOps_VLAN_82\r\n!\r\nvlan 83\r\n   name DevOps_VLAN_83\r\n!\r\nvlan 84\r\n   name DevOps_VLAN_84\r\n!\r\nvlan 85\r\n   name DevOps_VLAN_85\r\n!\r\nvlan 86\r\n   name DevOps_VLAN_86\r\n!\r\nvlan 87\r\n   name DevOps_VLAN_87\r\n!\r\nvlan 88\r\n   name DevOps_VLAN_88\r\n!\r\nvlan 89\r\n   name DevOps_VLAN_89\r\n!\r\nvlan 90\r\n   name DevOps_VLAN_90\r\n!\r\nvlan 91\r\n   name DevOps_VLAN_91\r\n!\r\nvlan 92\r\n   name DevOps_VLAN_92\r\n!\r\nvlan 93\r\n   name DevOps_VLAN_93\r\n!\r\nvlan 94\r\n   name DevOps_VLAN_94\r\n!\r\nvlan 95\r\n   name DevOps_VLAN_95\r\n!\r\nvlan 96\r\n   name DevOps_VLAN_96\r\n!\r\nvlan 97\r\n   name DevOps_VLAN_97\r\n!\r\nvlan 98\r\n   name DevOps_VLAN_98\r\n!\r\ninterface Management1\r\n   ip address 192.168.0.3/24\r\n!\r\nno ip routing\r\n!\r\nend\r\nArista3'
2020-08-03 03:28:08,086--__main__--DEBUG--> Connect to 192.168.0.1
2020-08-03 03:28:08,136--__main__--DEBUG--> 192.168.0.1 Enter password
2020-08-03 03:28:08,954--__main__--DEBUG--> 192.168.0.1 Enable Exec Mode
2020-08-03 03:28:09,018--__main__--DEBUG--> 192.168.0.1 Disable terminal length
2020-08-03 03:28:09,120--__main__--DEBUG--> 192.168.0.1 Enter configuration mode
2020-08-03 03:28:09,220--__main__--DEBUG--> 192.168.0.1 Configure VLAN 0
2020-08-03 03:28:09,366--__main__--DEBUG--> 192.168.0.1 Configure VLAN 1
2020-08-03 03:28:09,494--__main__--DEBUG--> 192.168.0.1 Configure VLAN 2
2020-08-03 03:28:09,613--__main__--DEBUG--> 192.168.0.1 Configure VLAN 3
2020-08-03 03:28:09,735--__main__--DEBUG--> 192.168.0.1 Configure VLAN 4
2020-08-03 03:28:09,847--__main__--DEBUG--> 192.168.0.1 Configure VLAN 5
2020-08-03 03:28:09,980--__main__--DEBUG--> 192.168.0.1 Configure VLAN 6
2020-08-03 03:28:10,126--__main__--DEBUG--> 192.168.0.1 Configure VLAN 7
2020-08-03 03:28:10,257--__main__--DEBUG--> 192.168.0.1 Configure VLAN 8
2020-08-03 03:28:10,386--__main__--DEBUG--> 192.168.0.1 Configure VLAN 9
2020-08-03 03:28:10,504--__main__--DEBUG--> 192.168.0.1 Configure VLAN 10
2020-08-03 03:28:10,653--__main__--DEBUG--> 192.168.0.1 Configure VLAN 11
2020-08-03 03:28:10,772--__main__--DEBUG--> 192.168.0.1 Configure VLAN 12
2020-08-03 03:28:10,891--__main__--DEBUG--> 192.168.0.1 Configure VLAN 13
2020-08-03 03:28:11,052--__main__--DEBUG--> 192.168.0.1 Configure VLAN 14
2020-08-03 03:28:11,169--__main__--DEBUG--> 192.168.0.1 Configure VLAN 15
2020-08-03 03:28:11,288--__main__--DEBUG--> 192.168.0.1 Configure VLAN 16
2020-08-03 03:28:11,406--__main__--DEBUG--> 192.168.0.1 Configure VLAN 17
2020-08-03 03:28:11,548--__main__--DEBUG--> 192.168.0.1 Configure VLAN 18
2020-08-03 03:28:11,761--__main__--DEBUG--> 192.168.0.1 Configure VLAN 19
2020-08-03 03:28:11,932--__main__--DEBUG--> 192.168.0.1 Configure VLAN 20
2020-08-03 03:28:12,083--__main__--DEBUG--> 192.168.0.1 Configure VLAN 21
2020-08-03 03:28:12,200--__main__--DEBUG--> 192.168.0.1 Configure VLAN 22
2020-08-03 03:28:12,340--__main__--DEBUG--> 192.168.0.1 Configure VLAN 23
2020-08-03 03:28:12,459--__main__--DEBUG--> 192.168.0.1 Configure VLAN 24
2020-08-03 03:28:12,590--__main__--DEBUG--> 192.168.0.1 Configure VLAN 25
2020-08-03 03:28:12,740--__main__--DEBUG--> 192.168.0.1 Configure VLAN 26
2020-08-03 03:28:12,920--__main__--DEBUG--> 192.168.0.1 Configure VLAN 27
2020-08-03 03:28:13,038--__main__--DEBUG--> 192.168.0.1 Configure VLAN 28
2020-08-03 03:28:13,167--__main__--DEBUG--> 192.168.0.1 Configure VLAN 29
2020-08-03 03:28:13,296--__main__--DEBUG--> 192.168.0.1 Configure VLAN 30
2020-08-03 03:28:13,412--__main__--DEBUG--> 192.168.0.1 Configure VLAN 31
2020-08-03 03:28:13,543--__main__--DEBUG--> 192.168.0.1 Configure VLAN 32
2020-08-03 03:28:13,693--__main__--DEBUG--> 192.168.0.1 Configure VLAN 33
2020-08-03 03:28:13,812--__main__--DEBUG--> 192.168.0.1 Configure VLAN 34
2020-08-03 03:28:13,927--__main__--DEBUG--> 192.168.0.1 Configure VLAN 35
2020-08-03 03:28:14,047--__main__--DEBUG--> 192.168.0.1 Configure VLAN 36
2020-08-03 03:28:14,179--__main__--DEBUG--> 192.168.0.1 Configure VLAN 37
2020-08-03 03:28:14,297--__main__--DEBUG--> 192.168.0.1 Configure VLAN 38
2020-08-03 03:28:14,415--__main__--DEBUG--> 192.168.0.1 Configure VLAN 39
2020-08-03 03:28:14,558--__main__--DEBUG--> 192.168.0.1 Configure VLAN 40
2020-08-03 03:28:14,681--__main__--DEBUG--> 192.168.0.1 Configure VLAN 41
2020-08-03 03:28:14,809--__main__--DEBUG--> 192.168.0.1 Configure VLAN 42
2020-08-03 03:28:14,961--__main__--DEBUG--> 192.168.0.1 Configure VLAN 43
2020-08-03 03:28:15,090--__main__--DEBUG--> 192.168.0.1 Configure VLAN 44
2020-08-03 03:28:15,205--__main__--DEBUG--> 192.168.0.1 Configure VLAN 45
2020-08-03 03:28:15,349--__main__--DEBUG--> 192.168.0.1 Configure VLAN 46
2020-08-03 03:28:15,466--__main__--DEBUG--> 192.168.0.1 Configure VLAN 47
2020-08-03 03:28:15,703--__main__--DEBUG--> 192.168.0.1 Configure VLAN 48
2020-08-03 03:28:15,820--__main__--DEBUG--> 192.168.0.1 Configure VLAN 49
2020-08-03 03:28:15,970--__main__--DEBUG--> 192.168.0.1 Configure VLAN 50
2020-08-03 03:28:16,137--__main__--DEBUG--> 192.168.0.1 Configure VLAN 51
2020-08-03 03:28:16,256--__main__--DEBUG--> 192.168.0.1 Configure VLAN 52
2020-08-03 03:28:16,378--__main__--DEBUG--> 192.168.0.1 Configure VLAN 53
2020-08-03 03:28:16,497--__main__--DEBUG--> 192.168.0.1 Configure VLAN 54
2020-08-03 03:28:16,618--__main__--DEBUG--> 192.168.0.1 Configure VLAN 55
2020-08-03 03:28:16,748--__main__--DEBUG--> 192.168.0.1 Configure VLAN 56
2020-08-03 03:28:16,872--__main__--DEBUG--> 192.168.0.1 Configure VLAN 57
2020-08-03 03:28:17,001--__main__--DEBUG--> 192.168.0.1 Configure VLAN 58
2020-08-03 03:28:17,120--__main__--DEBUG--> 192.168.0.1 Configure VLAN 59
2020-08-03 03:28:17,238--__main__--DEBUG--> 192.168.0.1 Configure VLAN 60
2020-08-03 03:28:17,388--__main__--DEBUG--> 192.168.0.1 Configure VLAN 61
2020-08-03 03:28:17,506--__main__--DEBUG--> 192.168.0.1 Configure VLAN 62
2020-08-03 03:28:17,624--__main__--DEBUG--> 192.168.0.1 Configure VLAN 63
2020-08-03 03:28:17,784--__main__--DEBUG--> 192.168.0.1 Configure VLAN 64
2020-08-03 03:28:17,903--__main__--DEBUG--> 192.168.0.1 Configure VLAN 65
2020-08-03 03:28:18,022--__main__--DEBUG--> 192.168.0.1 Configure VLAN 66
2020-08-03 03:28:18,139--__main__--DEBUG--> 192.168.0.1 Configure VLAN 67
2020-08-03 03:28:18,255--__main__--DEBUG--> 192.168.0.1 Configure VLAN 68
2020-08-03 03:28:18,387--__main__--DEBUG--> 192.168.0.1 Configure VLAN 69
2020-08-03 03:28:18,544--__main__--DEBUG--> 192.168.0.1 Configure VLAN 70
2020-08-03 03:28:18,677--__main__--DEBUG--> 192.168.0.1 Configure VLAN 71
2020-08-03 03:28:18,838--__main__--DEBUG--> 192.168.0.1 Configure VLAN 72
2020-08-03 03:28:18,986--__main__--DEBUG--> 192.168.0.1 Configure VLAN 73
2020-08-03 03:28:19,117--__main__--DEBUG--> 192.168.0.1 Configure VLAN 74
2020-08-03 03:28:19,237--__main__--DEBUG--> 192.168.0.1 Configure VLAN 75
2020-08-03 03:28:19,364--__main__--DEBUG--> 192.168.0.1 Configure VLAN 76
2020-08-03 03:28:19,504--__main__--DEBUG--> 192.168.0.1 Configure VLAN 77
2020-08-03 03:28:19,652--__main__--DEBUG--> 192.168.0.1 Configure VLAN 78
2020-08-03 03:28:19,826--__main__--DEBUG--> 192.168.0.1 Configure VLAN 79
2020-08-03 03:28:19,944--__main__--DEBUG--> 192.168.0.1 Configure VLAN 80
2020-08-03 03:28:20,062--__main__--DEBUG--> 192.168.0.1 Configure VLAN 81
2020-08-03 03:28:20,195--__main__--DEBUG--> 192.168.0.1 Configure VLAN 82
2020-08-03 03:28:20,320--__main__--DEBUG--> 192.168.0.1 Configure VLAN 83
2020-08-03 03:28:20,438--__main__--DEBUG--> 192.168.0.1 Configure VLAN 84
2020-08-03 03:28:20,583--__main__--DEBUG--> 192.168.0.1 Configure VLAN 85
2020-08-03 03:28:20,738--__main__--DEBUG--> 192.168.0.1 Configure VLAN 86
2020-08-03 03:28:20,857--__main__--DEBUG--> 192.168.0.1 Configure VLAN 87
2020-08-03 03:28:20,975--__main__--DEBUG--> 192.168.0.1 Configure VLAN 88
2020-08-03 03:28:21,125--__main__--DEBUG--> 192.168.0.1 Configure VLAN 89
2020-08-03 03:28:21,276--__main__--DEBUG--> 192.168.0.1 Configure VLAN 90
2020-08-03 03:28:21,394--__main__--DEBUG--> 192.168.0.1 Configure VLAN 91
2020-08-03 03:28:21,604--__main__--DEBUG--> 192.168.0.1 Configure VLAN 92
2020-08-03 03:28:21,749--__main__--DEBUG--> 192.168.0.1 Configure VLAN 93
2020-08-03 03:28:21,877--__main__--DEBUG--> 192.168.0.1 Configure VLAN 94
2020-08-03 03:28:22,003--__main__--DEBUG--> 192.168.0.1 Configure VLAN 95
2020-08-03 03:28:22,124--__main__--DEBUG--> 192.168.0.1 Configure VLAN 96
2020-08-03 03:28:22,240--__main__--DEBUG--> 192.168.0.1 Configure VLAN 97
2020-08-03 03:28:22,360--__main__--DEBUG--> 192.168.0.1 Configure VLAN 98
2020-08-03 03:28:22,535--__main__--DEBUG--> 192.168.0.1 Save config
2020-08-03 03:28:25,661--__main__--DEBUG--> Connect to 192.168.0.2
2020-08-03 03:28:25,715--__main__--DEBUG--> 192.168.0.2 Enter password
2020-08-03 03:28:26,632--__main__--DEBUG--> 192.168.0.2 Enable Exec Mode
2020-08-03 03:28:26,696--__main__--DEBUG--> 192.168.0.2 Disable terminal length
2020-08-03 03:28:26,795--__main__--DEBUG--> 192.168.0.2 Enter configuration mode
2020-08-03 03:28:26,896--__main__--DEBUG--> 192.168.0.2 Configure VLAN 0
2020-08-03 03:28:27,043--__main__--DEBUG--> 192.168.0.2 Configure VLAN 1
2020-08-03 03:28:27,154--__main__--DEBUG--> 192.168.0.2 Configure VLAN 2
2020-08-03 03:28:27,276--__main__--DEBUG--> 192.168.0.2 Configure VLAN 3
2020-08-03 03:28:27,391--__main__--DEBUG--> 192.168.0.2 Configure VLAN 4
2020-08-03 03:28:27,508--__main__--DEBUG--> 192.168.0.2 Configure VLAN 5
2020-08-03 03:28:27,637--__main__--DEBUG--> 192.168.0.2 Configure VLAN 6
2020-08-03 03:28:27,753--__main__--DEBUG--> 192.168.0.2 Configure VLAN 7
2020-08-03 03:28:27,868--__main__--DEBUG--> 192.168.0.2 Configure VLAN 8
2020-08-03 03:28:27,983--__main__--DEBUG--> 192.168.0.2 Configure VLAN 9
2020-08-03 03:28:28,096--__main__--DEBUG--> 192.168.0.2 Configure VLAN 10
2020-08-03 03:28:28,211--__main__--DEBUG--> 192.168.0.2 Configure VLAN 11
2020-08-03 03:28:28,327--__main__--DEBUG--> 192.168.0.2 Configure VLAN 12
2020-08-03 03:28:28,440--__main__--DEBUG--> 192.168.0.2 Configure VLAN 13
2020-08-03 03:28:28,562--__main__--DEBUG--> 192.168.0.2 Configure VLAN 14
2020-08-03 03:28:28,675--__main__--DEBUG--> 192.168.0.2 Configure VLAN 15
2020-08-03 03:28:28,788--__main__--DEBUG--> 192.168.0.2 Configure VLAN 16
2020-08-03 03:28:28,902--__main__--DEBUG--> 192.168.0.2 Configure VLAN 17
2020-08-03 03:28:29,016--__main__--DEBUG--> 192.168.0.2 Configure VLAN 18
2020-08-03 03:28:29,136--__main__--DEBUG--> 192.168.0.2 Configure VLAN 19
2020-08-03 03:28:29,249--__main__--DEBUG--> 192.168.0.2 Configure VLAN 20
2020-08-03 03:28:29,362--__main__--DEBUG--> 192.168.0.2 Configure VLAN 21
2020-08-03 03:28:29,477--__main__--DEBUG--> 192.168.0.2 Configure VLAN 22
2020-08-03 03:28:29,596--__main__--DEBUG--> 192.168.0.2 Configure VLAN 23
2020-08-03 03:28:29,712--__main__--DEBUG--> 192.168.0.2 Configure VLAN 24
2020-08-03 03:28:29,825--__main__--DEBUG--> 192.168.0.2 Configure VLAN 25
2020-08-03 03:28:29,949--__main__--DEBUG--> 192.168.0.2 Configure VLAN 26
2020-08-03 03:28:30,068--__main__--DEBUG--> 192.168.0.2 Configure VLAN 27
2020-08-03 03:28:30,182--__main__--DEBUG--> 192.168.0.2 Configure VLAN 28
2020-08-03 03:28:30,296--__main__--DEBUG--> 192.168.0.2 Configure VLAN 29
2020-08-03 03:28:30,409--__main__--DEBUG--> 192.168.0.2 Configure VLAN 30
2020-08-03 03:28:30,524--__main__--DEBUG--> 192.168.0.2 Configure VLAN 31
2020-08-03 03:28:30,639--__main__--DEBUG--> 192.168.0.2 Configure VLAN 32
2020-08-03 03:28:30,754--__main__--DEBUG--> 192.168.0.2 Configure VLAN 33
2020-08-03 03:28:30,867--__main__--DEBUG--> 192.168.0.2 Configure VLAN 34
2020-08-03 03:28:30,981--__main__--DEBUG--> 192.168.0.2 Configure VLAN 35
2020-08-03 03:28:31,096--__main__--DEBUG--> 192.168.0.2 Configure VLAN 36
2020-08-03 03:28:31,211--__main__--DEBUG--> 192.168.0.2 Configure VLAN 37
2020-08-03 03:28:31,339--__main__--DEBUG--> 192.168.0.2 Configure VLAN 38
2020-08-03 03:28:31,454--__main__--DEBUG--> 192.168.0.2 Configure VLAN 39
2020-08-03 03:28:31,586--__main__--DEBUG--> 192.168.0.2 Configure VLAN 40
2020-08-03 03:28:31,704--__main__--DEBUG--> 192.168.0.2 Configure VLAN 41
2020-08-03 03:28:31,822--__main__--DEBUG--> 192.168.0.2 Configure VLAN 42
2020-08-03 03:28:31,940--__main__--DEBUG--> 192.168.0.2 Configure VLAN 43
2020-08-03 03:28:32,101--__main__--DEBUG--> 192.168.0.2 Configure VLAN 44
2020-08-03 03:28:32,219--__main__--DEBUG--> 192.168.0.2 Configure VLAN 45
2020-08-03 03:28:32,348--__main__--DEBUG--> 192.168.0.2 Configure VLAN 46
2020-08-03 03:28:32,466--__main__--DEBUG--> 192.168.0.2 Configure VLAN 47
2020-08-03 03:28:32,599--__main__--DEBUG--> 192.168.0.2 Configure VLAN 48
2020-08-03 03:28:32,724--__main__--DEBUG--> 192.168.0.2 Configure VLAN 49
2020-08-03 03:28:32,839--__main__--DEBUG--> 192.168.0.2 Configure VLAN 50
2020-08-03 03:28:32,954--__main__--DEBUG--> 192.168.0.2 Configure VLAN 51
2020-08-03 03:28:33,077--__main__--DEBUG--> 192.168.0.2 Configure VLAN 52
2020-08-03 03:28:33,196--__main__--DEBUG--> 192.168.0.2 Configure VLAN 53
2020-08-03 03:28:33,310--__main__--DEBUG--> 192.168.0.2 Configure VLAN 54
2020-08-03 03:28:33,431--__main__--DEBUG--> 192.168.0.2 Configure VLAN 55
2020-08-03 03:28:33,562--__main__--DEBUG--> 192.168.0.2 Configure VLAN 56
2020-08-03 03:28:33,688--__main__--DEBUG--> 192.168.0.2 Configure VLAN 57
2020-08-03 03:28:33,816--__main__--DEBUG--> 192.168.0.2 Configure VLAN 58
2020-08-03 03:28:34,008--__main__--DEBUG--> 192.168.0.2 Configure VLAN 59
2020-08-03 03:28:34,131--__main__--DEBUG--> 192.168.0.2 Configure VLAN 60
2020-08-03 03:28:34,260--__main__--DEBUG--> 192.168.0.2 Configure VLAN 61
2020-08-03 03:28:34,378--__main__--DEBUG--> 192.168.0.2 Configure VLAN 62
2020-08-03 03:28:34,603--__main__--DEBUG--> 192.168.0.2 Configure VLAN 63
2020-08-03 03:28:34,727--__main__--DEBUG--> 192.168.0.2 Configure VLAN 64
2020-08-03 03:28:34,856--__main__--DEBUG--> 192.168.0.2 Configure VLAN 65
2020-08-03 03:28:34,979--__main__--DEBUG--> 192.168.0.2 Configure VLAN 66
2020-08-03 03:28:35,119--__main__--DEBUG--> 192.168.0.2 Configure VLAN 67
2020-08-03 03:28:35,248--__main__--DEBUG--> 192.168.0.2 Configure VLAN 68
2020-08-03 03:28:35,366--__main__--DEBUG--> 192.168.0.2 Configure VLAN 69
2020-08-03 03:28:35,674--__main__--DEBUG--> 192.168.0.2 Configure VLAN 70
2020-08-03 03:28:35,795--__main__--DEBUG--> 192.168.0.2 Configure VLAN 71
2020-08-03 03:28:35,909--__main__--DEBUG--> 192.168.0.2 Configure VLAN 72
2020-08-03 03:28:36,053--__main__--DEBUG--> 192.168.0.2 Configure VLAN 73
2020-08-03 03:28:36,184--__main__--DEBUG--> 192.168.0.2 Configure VLAN 74
2020-08-03 03:28:36,331--__main__--DEBUG--> 192.168.0.2 Configure VLAN 75
2020-08-03 03:28:36,490--__main__--DEBUG--> 192.168.0.2 Configure VLAN 76
2020-08-03 03:28:36,620--__main__--DEBUG--> 192.168.0.2 Configure VLAN 77
2020-08-03 03:28:36,769--__main__--DEBUG--> 192.168.0.2 Configure VLAN 78
2020-08-03 03:28:36,891--__main__--DEBUG--> 192.168.0.2 Configure VLAN 79
2020-08-03 03:28:37,026--__main__--DEBUG--> 192.168.0.2 Configure VLAN 80
2020-08-03 03:28:37,153--__main__--DEBUG--> 192.168.0.2 Configure VLAN 81
2020-08-03 03:28:37,274--__main__--DEBUG--> 192.168.0.2 Configure VLAN 82
2020-08-03 03:28:37,428--__main__--DEBUG--> 192.168.0.2 Configure VLAN 83
2020-08-03 03:28:37,578--__main__--DEBUG--> 192.168.0.2 Configure VLAN 84
2020-08-03 03:28:37,724--__main__--DEBUG--> 192.168.0.2 Configure VLAN 85
2020-08-03 03:28:37,877--__main__--DEBUG--> 192.168.0.2 Configure VLAN 86
2020-08-03 03:28:37,992--__main__--DEBUG--> 192.168.0.2 Configure VLAN 87
2020-08-03 03:28:38,112--__main__--DEBUG--> 192.168.0.2 Configure VLAN 88
2020-08-03 03:28:38,230--__main__--DEBUG--> 192.168.0.2 Configure VLAN 89
2020-08-03 03:28:38,345--__main__--DEBUG--> 192.168.0.2 Configure VLAN 90
2020-08-03 03:28:38,463--__main__--DEBUG--> 192.168.0.2 Configure VLAN 91
2020-08-03 03:28:38,581--__main__--DEBUG--> 192.168.0.2 Configure VLAN 92
2020-08-03 03:28:38,694--__main__--DEBUG--> 192.168.0.2 Configure VLAN 93
2020-08-03 03:28:38,806--__main__--DEBUG--> 192.168.0.2 Configure VLAN 94
2020-08-03 03:28:38,931--__main__--DEBUG--> 192.168.0.2 Configure VLAN 95
2020-08-03 03:28:39,047--__main__--DEBUG--> 192.168.0.2 Configure VLAN 96
2020-08-03 03:28:39,164--__main__--DEBUG--> 192.168.0.2 Configure VLAN 97
2020-08-03 03:28:39,281--__main__--DEBUG--> 192.168.0.2 Configure VLAN 98
2020-08-03 03:28:39,452--__main__--DEBUG--> 192.168.0.2 Save config
2020-08-03 03:28:42,624--__main__--DEBUG--> Connect to 192.168.0.3
2020-08-03 03:28:42,675--__main__--DEBUG--> 192.168.0.3 Enter password
2020-08-03 03:28:44,413--__main__--DEBUG--> 192.168.0.3 Enable Exec Mode
2020-08-03 03:28:44,476--__main__--DEBUG--> 192.168.0.3 Disable terminal length
2020-08-03 03:28:44,575--__main__--DEBUG--> 192.168.0.3 Enter configuration mode
2020-08-03 03:28:44,682--__main__--DEBUG--> 192.168.0.3 Configure VLAN 0
2020-08-03 03:28:44,823--__main__--DEBUG--> 192.168.0.3 Configure VLAN 1
2020-08-03 03:28:44,937--__main__--DEBUG--> 192.168.0.3 Configure VLAN 2
2020-08-03 03:28:45,052--__main__--DEBUG--> 192.168.0.3 Configure VLAN 3
2020-08-03 03:28:45,174--__main__--DEBUG--> 192.168.0.3 Configure VLAN 4
2020-08-03 03:28:45,287--__main__--DEBUG--> 192.168.0.3 Configure VLAN 5
2020-08-03 03:28:45,399--__main__--DEBUG--> 192.168.0.3 Configure VLAN 6
2020-08-03 03:28:45,513--__main__--DEBUG--> 192.168.0.3 Configure VLAN 7
2020-08-03 03:28:45,627--__main__--DEBUG--> 192.168.0.3 Configure VLAN 8
2020-08-03 03:28:45,747--__main__--DEBUG--> 192.168.0.3 Configure VLAN 9
2020-08-03 03:28:45,869--__main__--DEBUG--> 192.168.0.3 Configure VLAN 10
2020-08-03 03:28:45,987--__main__--DEBUG--> 192.168.0.3 Configure VLAN 11
2020-08-03 03:28:46,104--__main__--DEBUG--> 192.168.0.3 Configure VLAN 12
2020-08-03 03:28:46,234--__main__--DEBUG--> 192.168.0.3 Configure VLAN 13
2020-08-03 03:28:46,347--__main__--DEBUG--> 192.168.0.3 Configure VLAN 14
2020-08-03 03:28:46,503--__main__--DEBUG--> 192.168.0.3 Configure VLAN 15
2020-08-03 03:28:46,639--__main__--DEBUG--> 192.168.0.3 Configure VLAN 16
2020-08-03 03:28:46,757--__main__--DEBUG--> 192.168.0.3 Configure VLAN 17
2020-08-03 03:28:46,894--__main__--DEBUG--> 192.168.0.3 Configure VLAN 18
2020-08-03 03:28:47,040--__main__--DEBUG--> 192.168.0.3 Configure VLAN 19
2020-08-03 03:28:47,158--__main__--DEBUG--> 192.168.0.3 Configure VLAN 20
2020-08-03 03:28:47,296--__main__--DEBUG--> 192.168.0.3 Configure VLAN 21
2020-08-03 03:28:47,426--__main__--DEBUG--> 192.168.0.3 Configure VLAN 22
2020-08-03 03:28:47,555--__main__--DEBUG--> 192.168.0.3 Configure VLAN 23
2020-08-03 03:28:47,701--__main__--DEBUG--> 192.168.0.3 Configure VLAN 24
2020-08-03 03:28:47,824--__main__--DEBUG--> 192.168.0.3 Configure VLAN 25
2020-08-03 03:28:47,952--__main__--DEBUG--> 192.168.0.3 Configure VLAN 26
2020-08-03 03:28:48,097--__main__--DEBUG--> 192.168.0.3 Configure VLAN 27
2020-08-03 03:28:48,242--__main__--DEBUG--> 192.168.0.3 Configure VLAN 28
2020-08-03 03:28:48,371--__main__--DEBUG--> 192.168.0.3 Configure VLAN 29
2020-08-03 03:28:48,518--__main__--DEBUG--> 192.168.0.3 Configure VLAN 30
2020-08-03 03:28:48,651--__main__--DEBUG--> 192.168.0.3 Configure VLAN 31
2020-08-03 03:28:48,769--__main__--DEBUG--> 192.168.0.3 Configure VLAN 32
2020-08-03 03:28:48,911--__main__--DEBUG--> 192.168.0.3 Configure VLAN 33
2020-08-03 03:28:49,059--__main__--DEBUG--> 192.168.0.3 Configure VLAN 34
2020-08-03 03:28:49,177--__main__--DEBUG--> 192.168.0.3 Configure VLAN 35
2020-08-03 03:28:49,326--__main__--DEBUG--> 192.168.0.3 Configure VLAN 36
2020-08-03 03:28:49,445--__main__--DEBUG--> 192.168.0.3 Configure VLAN 37
2020-08-03 03:28:49,574--__main__--DEBUG--> 192.168.0.3 Configure VLAN 38
2020-08-03 03:28:49,711--__main__--DEBUG--> 192.168.0.3 Configure VLAN 39
2020-08-03 03:28:49,863--__main__--DEBUG--> 192.168.0.3 Configure VLAN 40
2020-08-03 03:28:49,980--__main__--DEBUG--> 192.168.0.3 Configure VLAN 41
2020-08-03 03:28:50,130--__main__--DEBUG--> 192.168.0.3 Configure VLAN 42
2020-08-03 03:28:50,251--__main__--DEBUG--> 192.168.0.3 Configure VLAN 43
2020-08-03 03:28:50,380--__main__--DEBUG--> 192.168.0.3 Configure VLAN 44
2020-08-03 03:28:50,526--__main__--DEBUG--> 192.168.0.3 Configure VLAN 45
2020-08-03 03:28:50,648--__main__--DEBUG--> 192.168.0.3 Configure VLAN 46
2020-08-03 03:28:50,776--__main__--DEBUG--> 192.168.0.3 Configure VLAN 47
2020-08-03 03:28:50,895--__main__--DEBUG--> 192.168.0.3 Configure VLAN 48
2020-08-03 03:28:51,042--__main__--DEBUG--> 192.168.0.3 Configure VLAN 49
2020-08-03 03:28:51,174--__main__--DEBUG--> 192.168.0.3 Configure VLAN 50
2020-08-03 03:28:51,303--__main__--DEBUG--> 192.168.0.3 Configure VLAN 51
2020-08-03 03:28:51,454--__main__--DEBUG--> 192.168.0.3 Configure VLAN 52
2020-08-03 03:28:51,567--__main__--DEBUG--> 192.168.0.3 Configure VLAN 53
2020-08-03 03:28:51,722--__main__--DEBUG--> 192.168.0.3 Configure VLAN 54
2020-08-03 03:28:51,861--__main__--DEBUG--> 192.168.0.3 Configure VLAN 55
2020-08-03 03:28:51,980--__main__--DEBUG--> 192.168.0.3 Configure VLAN 56
2020-08-03 03:28:52,124--__main__--DEBUG--> 192.168.0.3 Configure VLAN 57
2020-08-03 03:28:52,248--__main__--DEBUG--> 192.168.0.3 Configure VLAN 58
2020-08-03 03:28:52,392--__main__--DEBUG--> 192.168.0.3 Configure VLAN 59
2020-08-03 03:28:52,517--__main__--DEBUG--> 192.168.0.3 Configure VLAN 60
2020-08-03 03:28:52,732--__main__--DEBUG--> 192.168.0.3 Configure VLAN 61
2020-08-03 03:28:52,850--__main__--DEBUG--> 192.168.0.3 Configure VLAN 62
2020-08-03 03:28:52,968--__main__--DEBUG--> 192.168.0.3 Configure VLAN 63
2020-08-03 03:28:53,097--__main__--DEBUG--> 192.168.0.3 Configure VLAN 64
2020-08-03 03:28:53,225--__main__--DEBUG--> 192.168.0.3 Configure VLAN 65
2020-08-03 03:28:53,376--__main__--DEBUG--> 192.168.0.3 Configure VLAN 66
2020-08-03 03:28:53,505--__main__--DEBUG--> 192.168.0.3 Configure VLAN 67
2020-08-03 03:28:53,634--__main__--DEBUG--> 192.168.0.3 Configure VLAN 68
2020-08-03 03:28:53,773--__main__--DEBUG--> 192.168.0.3 Configure VLAN 69
2020-08-03 03:28:53,902--__main__--DEBUG--> 192.168.0.3 Configure VLAN 70
2020-08-03 03:28:54,051--__main__--DEBUG--> 192.168.0.3 Configure VLAN 71
2020-08-03 03:28:54,171--__main__--DEBUG--> 192.168.0.3 Configure VLAN 72
2020-08-03 03:28:54,296--__main__--DEBUG--> 192.168.0.3 Configure VLAN 73
2020-08-03 03:28:54,421--__main__--DEBUG--> 192.168.0.3 Configure VLAN 74
2020-08-03 03:28:54,546--__main__--DEBUG--> 192.168.0.3 Configure VLAN 75
2020-08-03 03:28:54,662--__main__--DEBUG--> 192.168.0.3 Configure VLAN 76
2020-08-03 03:28:54,793--__main__--DEBUG--> 192.168.0.3 Configure VLAN 77
2020-08-03 03:28:54,932--__main__--DEBUG--> 192.168.0.3 Configure VLAN 78
2020-08-03 03:28:55,050--__main__--DEBUG--> 192.168.0.3 Configure VLAN 79
2020-08-03 03:28:55,174--__main__--DEBUG--> 192.168.0.3 Configure VLAN 80
2020-08-03 03:28:55,309--__main__--DEBUG--> 192.168.0.3 Configure VLAN 81
2020-08-03 03:28:55,454--__main__--DEBUG--> 192.168.0.3 Configure VLAN 82
2020-08-03 03:28:55,613--__main__--DEBUG--> 192.168.0.3 Configure VLAN 83
2020-08-03 03:28:55,789--__main__--DEBUG--> 192.168.0.3 Configure VLAN 84
2020-08-03 03:28:55,918--__main__--DEBUG--> 192.168.0.3 Configure VLAN 85
2020-08-03 03:28:56,036--__main__--DEBUG--> 192.168.0.3 Configure VLAN 86
2020-08-03 03:28:56,156--__main__--DEBUG--> 192.168.0.3 Configure VLAN 87
2020-08-03 03:28:56,297--__main__--DEBUG--> 192.168.0.3 Configure VLAN 88
2020-08-03 03:28:56,447--__main__--DEBUG--> 192.168.0.3 Configure VLAN 89
2020-08-03 03:28:56,573--__main__--DEBUG--> 192.168.0.3 Configure VLAN 90
2020-08-03 03:28:56,692--__main__--DEBUG--> 192.168.0.3 Configure VLAN 91
2020-08-03 03:28:56,812--__main__--DEBUG--> 192.168.0.3 Configure VLAN 92
2020-08-03 03:28:56,941--__main__--DEBUG--> 192.168.0.3 Configure VLAN 93
2020-08-03 03:28:57,298--__main__--DEBUG--> 192.168.0.3 Configure VLAN 94
2020-08-03 03:28:57,444--__main__--DEBUG--> 192.168.0.3 Configure VLAN 95
2020-08-03 03:28:57,640--__main__--DEBUG--> 192.168.0.3 Configure VLAN 96
2020-08-03 03:28:57,790--__main__--DEBUG--> 192.168.0.3 Configure VLAN 97
2020-08-03 03:28:57,908--__main__--DEBUG--> 192.168.0.3 Configure VLAN 98
2020-08-03 03:28:58,115--__main__--DEBUG--> 192.168.0.3 Save config
