2020-08-13 05:15:49,770--__main__--DEBUG---> Connect to 10.10.10.202 via SSH
2020-08-13 05:15:49,842--__main__--DEBUG---> Connect to 10.10.10.203 via SSH
2020-08-13 05:15:49,863--__main__--DEBUG---> Connect to 10.10.10.201 via SSH
2020-08-13 05:15:49,958--__main__--DEBUG---> Connect to 10.10.10.204 via SSH
2020-08-13 05:15:50,131--__main__--DEBUG---> Save 10.10.10.203 key to known_hosts file
2020-08-13 05:15:50,210--__main__--DEBUG---> Save 10.10.10.202 key to known_hosts file
2020-08-13 05:15:50,393--__main__--DEBUG---> Save 10.10.10.201 key to known_hosts file
2020-08-13 05:15:50,625--__main__--DEBUG---> Save 10.10.10.204 key to known_hosts file
2020-08-13 05:15:54,076--__main__--DEBUG---> 10.10.10.203 Password Accepted
2020-08-13 05:15:54,141--__main__--DEBUG---> 10.10.10.203 Disable Terminal Lenght
2020-08-13 05:15:54,167--__main__--DEBUG---> 10.10.10.204 Password Accepted
2020-08-13 05:15:54,207--__main__--DEBUG---> 10.10.10.203 Enable Execution Mode
2020-08-13 05:15:54,213--__main__--DEBUG---> 10.10.10.202 Password Accepted
2020-08-13 05:15:54,239--__main__--DEBUG---> 10.10.10.204 Disable Terminal Lenght
2020-08-13 05:15:54,288--__main__--DEBUG---> 10.10.10.202 Disable Terminal Lenght
2020-08-13 05:15:54,311--__main__--DEBUG---> 10.10.10.203 Enable Configuration Mode
2020-08-13 05:15:54,317--__main__--DEBUG---> 10.10.10.204 Enable Execution Mode
2020-08-13 05:15:54,373--__main__--DEBUG---> 10.10.10.202 Enable Execution Mode
2020-08-13 05:15:54,373--__main__--ERROR---> 10.10.10.203 Invalid Command b'interface vlan 0\r\n' b'% Incomplete command\r\n'
NoneType: None
2020-08-13 05:15:54,425--__main__--DEBUG---> 10.10.10.204 Enable Configuration Mode
2020-08-13 05:15:54,476--__main__--ERROR---> 10.10.10.203 Invalid Command b'description SVI_0\r\n' b'% Invalid input\r\nArista3(config)#'
NoneType: None
2020-08-13 05:15:54,476--__main__--DEBUG---> 10.10.10.203 Configure SVI Interface 0
2020-08-13 05:15:54,489--__main__--DEBUG---> 10.10.10.202 Enable Configuration Mode
2020-08-13 05:15:54,489--__main__--ERROR---> 10.10.10.204 Invalid Command b'interface vlan 0\r\n' b'% Incomplete command'
NoneType: None
2020-08-13 05:15:54,537--__main__--ERROR---> 10.10.10.203 Invalid Command b'ip address 10.10.0.1 255.255.255.0\r\ninterface vlan 1\r\n' b'% Invalid input\r\n'
NoneType: None
2020-08-13 05:15:54,546--__main__--ERROR---> 10.10.10.202 Invalid Command b'interface vlan 0\r\n' b'% Incomplete command'
NoneType: None
2020-08-13 05:15:54,592--__main__--ERROR---> 10.10.10.204 Invalid Command b'description SVI_0\r\n' b'% Invalid input\r\n'
NoneType: None
2020-08-13 05:15:54,592--__main__--DEBUG---> 10.10.10.204 Configure SVI Interface 0
2020-08-13 05:15:54,645--__main__--DEBUG---> 10.10.10.203 Configure SVI Interface 1
2020-08-13 05:15:54,648--__main__--ERROR---> 10.10.10.202 Invalid Command b'description SVI_0\r\n' b'% Invalid input\r\nArista2(config)#'
NoneType: None
2020-08-13 05:15:54,649--__main__--DEBUG---> 10.10.10.202 Configure SVI Interface 0
2020-08-13 05:15:54,662--__main__--DEBUG---> 10.10.10.201 Password Accepted
2020-08-13 05:15:54,696--__main__--ERROR---> 10.10.10.204 Invalid Command b'ip address 10.10.0.1 255.255.255.0\r\ninterface vlan 1\r\n' b'% Invalid input\r\n'
NoneType: None
2020-08-13 05:15:54,717--__main__--ERROR---> 10.10.10.202 Invalid Command b'ip address 10.10.0.1 255.255.255.0\r\ninterface vlan 1\r\n' b'% Invalid input\r\n'
NoneType: None
2020-08-13 05:15:54,730--__main__--DEBUG---> 10.10.10.201 Disable Terminal Lenght
2020-08-13 05:15:54,746--__main__--DEBUG---> 10.10.10.204 Configure SVI Interface 1
2020-08-13 05:15:54,797--__main__--DEBUG---> 10.10.10.201 Enable Execution Mode
2020-08-13 05:15:54,797--__main__--DEBUG---> 10.10.10.203 Configure SVI Interface 2
2020-08-13 05:15:54,820--__main__--DEBUG---> 10.10.10.202 Configure SVI Interface 1
2020-08-13 05:15:54,897--__main__--DEBUG---> 10.10.10.201 Enable Configuration Mode
2020-08-13 05:15:54,898--__main__--DEBUG---> 10.10.10.204 Configure SVI Interface 2
2020-08-13 05:15:54,949--__main__--DEBUG---> 10.10.10.203 Configure SVI Interface 3
2020-08-13 05:15:54,959--__main__--ERROR---> 10.10.10.201 Invalid Command b'interface vlan 0\r\n' b'% Incomplete command\r\n'
NoneType: None
2020-08-13 05:15:54,974--__main__--DEBUG---> 10.10.10.202 Configure SVI Interface 2
2020-08-13 05:15:55,055--__main__--DEBUG---> 10.10.10.204 Configure SVI Interface 3
2020-08-13 05:15:55,065--__main__--ERROR---> 10.10.10.201 Invalid Command b'description SVI_0\r\n' b'% Invalid input\r\nArista1(config)#'
NoneType: None
2020-08-13 05:15:55,065--__main__--DEBUG---> 10.10.10.201 Configure SVI Interface 0
2020-08-13 05:15:55,108--__main__--DEBUG---> 10.10.10.203 Configure SVI Interface 4
2020-08-13 05:15:55,131--__main__--DEBUG---> 10.10.10.202 Configure SVI Interface 3
2020-08-13 05:15:55,135--__main__--ERROR---> 10.10.10.201 Invalid Command b'ip address 10.10.0.1 255.255.255.0\r\ninterface vlan 1\r\n' b'% Invalid input\r\n'
NoneType: None
2020-08-13 05:15:55,210--__main__--DEBUG---> 10.10.10.204 Configure SVI Interface 4
2020-08-13 05:15:55,236--__main__--DEBUG---> 10.10.10.201 Configure SVI Interface 1
2020-08-13 05:15:55,265--__main__--DEBUG---> 10.10.10.203 Configure SVI Interface 5
2020-08-13 05:15:55,287--__main__--DEBUG---> 10.10.10.202 Configure SVI Interface 4
2020-08-13 05:15:55,367--__main__--DEBUG---> 10.10.10.204 Configure SVI Interface 5
2020-08-13 05:15:55,390--__main__--DEBUG---> 10.10.10.201 Configure SVI Interface 2
2020-08-13 05:15:55,417--__main__--DEBUG---> 10.10.10.203 Configure SVI Interface 6
2020-08-13 05:15:55,442--__main__--DEBUG---> 10.10.10.202 Configure SVI Interface 5
2020-08-13 05:15:55,524--__main__--DEBUG---> 10.10.10.204 Configure SVI Interface 6
2020-08-13 05:15:55,548--__main__--DEBUG---> 10.10.10.201 Configure SVI Interface 3
2020-08-13 05:15:55,576--__main__--DEBUG---> 10.10.10.203 Configure SVI Interface 7
2020-08-13 05:15:55,600--__main__--DEBUG---> 10.10.10.202 Configure SVI Interface 6
2020-08-13 05:15:55,679--__main__--DEBUG---> 10.10.10.204 Configure SVI Interface 7
2020-08-13 05:15:55,702--__main__--DEBUG---> 10.10.10.201 Configure SVI Interface 4
2020-08-13 05:15:55,751--__main__--DEBUG---> 10.10.10.203 Configure SVI Interface 8
2020-08-13 05:15:55,753--__main__--DEBUG---> 10.10.10.202 Configure SVI Interface 7
2020-08-13 05:15:55,855--__main__--DEBUG---> 10.10.10.201 Configure SVI Interface 5
2020-08-13 05:15:55,855--__main__--DEBUG---> 10.10.10.204 Configure SVI Interface 8
2020-08-13 05:15:55,919--__main__--DEBUG---> 10.10.10.203 Configure SVI Interface 9
2020-08-13 05:15:55,920--__main__--DEBUG---> 10.10.10.202 Configure SVI Interface 8
2020-08-13 05:15:56,022--__main__--DEBUG---> 10.10.10.204 Configure SVI Interface 9
2020-08-13 05:15:56,023--__main__--DEBUG---> 10.10.10.201 Configure SVI Interface 6
2020-08-13 05:15:56,074--__main__--DEBUG---> 10.10.10.203 Configure SVI Interface 10
2020-08-13 05:15:56,075--__main__--DEBUG---> 10.10.10.202 Configure SVI Interface 9
2020-08-13 05:15:56,178--__main__--DEBUG---> 10.10.10.201 Configure SVI Interface 7
2020-08-13 05:15:56,179--__main__--DEBUG---> 10.10.10.204 Configure SVI Interface 10
2020-08-13 05:15:56,179--__main__--ERROR---> 10.10.10.203 Invalid Command b'ip address 10.10.10.1 255.255.255.0\r\n' b'% Subnet 10.10.10.0 overlaps with existing subnet 10.10.10.0 of interface Management1\r\nArista3(config-if-Vl10)#interface vlan 11\r\nArista3(config-if-Vl11)#'
NoneType: None
2020-08-13 05:15:56,239--__main__--DEBUG---> 10.10.10.203 Configure SVI Interface 11
2020-08-13 05:15:56,240--__main__--DEBUG---> 10.10.10.202 Configure SVI Interface 10
2020-08-13 05:15:56,343--__main__--ERROR---> 10.10.10.202 Invalid Command b'ip address 10.10.10.1 255.255.255.0\r\n' b'% Subnet 10.10.10.0 overlaps with existing subnet 10.10.10.0 of interface Management1\r\nArista2(config-if-Vl10)#interface vlan 11\r\nArista2(config-if-Vl11)#'
NoneType: None
2020-08-13 05:15:56,343--__main__--DEBUG---> 10.10.10.201 Configure SVI Interface 8
2020-08-13 05:15:56,344--__main__--ERROR---> 10.10.10.204 Invalid Command b'ip address 10.10.10.1 255.255.255.0\r\n' b'% Subnet 10.10.10.0 overlaps with existing subnet 10.10.10.0 of interface Management1\r\nArista4(config-if-Vl10)#interface vlan 11\r\nArista4(config-if-Vl11)#description SVI_11\r\nArista4(config-if-Vl11)#'
NoneType: None
2020-08-13 05:15:56,345--__main__--DEBUG---> 10.10.10.204 Configure SVI Interface 11
2020-08-13 05:15:56,408--__main__--DEBUG---> 10.10.10.202 Configure SVI Interface 11
2020-08-13 05:15:56,408--__main__--DEBUG---> 10.10.10.203 Configure SVI Interface 12
2020-08-13 05:15:56,511--__main__--DEBUG---> 10.10.10.201 Configure SVI Interface 9
2020-08-13 05:15:56,511--__main__--DEBUG---> 10.10.10.204 Configure SVI Interface 12
2020-08-13 05:15:56,565--__main__--DEBUG---> 10.10.10.202 Configure SVI Interface 12
2020-08-13 05:15:56,565--__main__--DEBUG---> 10.10.10.203 Configure SVI Interface 13
2020-08-13 05:15:56,668--__main__--DEBUG---> 10.10.10.204 Configure SVI Interface 13
2020-08-13 05:15:56,669--__main__--DEBUG---> 10.10.10.201 Configure SVI Interface 10
2020-08-13 05:15:56,719--__main__--DEBUG---> 10.10.10.202 Configure SVI Interface 13
2020-08-13 05:15:56,720--__main__--DEBUG---> 10.10.10.203 Configure SVI Interface 14
2020-08-13 05:15:56,772--__main__--ERROR---> 10.10.10.201 Invalid Command b'ip address 10.10.10.1 255.255.255.0\r\n' b'% Subnet 10.10.10.0 overlaps with existing subnet 10.10.10.0 of interface Management1\r\nArista1(config-if-Vl10)#interface vlan 11\r\nArista1(config-if-Vl11)#'
NoneType: None
2020-08-13 05:15:56,823--__main__--DEBUG---> 10.10.10.201 Configure SVI Interface 11
2020-08-13 05:15:56,824--__main__--DEBUG---> 10.10.10.204 Configure SVI Interface 14
2020-08-13 05:15:56,875--__main__--DEBUG---> 10.10.10.203 Configure SVI Interface 15
2020-08-13 05:15:56,876--__main__--DEBUG---> 10.10.10.202 Configure SVI Interface 14
2020-08-13 05:15:56,979--__main__--DEBUG---> 10.10.10.201 Configure SVI Interface 12
2020-08-13 05:15:56,979--__main__--DEBUG---> 10.10.10.204 Configure SVI Interface 15
2020-08-13 05:15:57,030--__main__--DEBUG---> 10.10.10.202 Configure SVI Interface 15
2020-08-13 05:15:57,031--__main__--DEBUG---> 10.10.10.203 Configure SVI Interface 16
2020-08-13 05:15:57,136--__main__--DEBUG---> 10.10.10.204 Configure SVI Interface 16
2020-08-13 05:15:57,136--__main__--DEBUG---> 10.10.10.201 Configure SVI Interface 13
2020-08-13 05:15:57,186--__main__--DEBUG---> 10.10.10.203 Configure SVI Interface 17
2020-08-13 05:15:57,187--__main__--DEBUG---> 10.10.10.202 Configure SVI Interface 16
2020-08-13 05:15:57,289--__main__--DEBUG---> 10.10.10.204 Configure SVI Interface 17
2020-08-13 05:15:57,291--__main__--DEBUG---> 10.10.10.201 Configure SVI Interface 14
2020-08-13 05:15:57,340--__main__--DEBUG---> 10.10.10.203 Configure SVI Interface 18
2020-08-13 05:15:57,344--__main__--DEBUG---> 10.10.10.202 Configure SVI Interface 17
2020-08-13 05:15:57,459--__main__--DEBUG---> 10.10.10.204 Configure SVI Interface 18
2020-08-13 05:15:57,460--__main__--DEBUG---> 10.10.10.201 Configure SVI Interface 15
2020-08-13 05:15:57,514--__main__--DEBUG---> 10.10.10.203 Configure SVI Interface 19
2020-08-13 05:15:57,515--__main__--DEBUG---> 10.10.10.202 Configure SVI Interface 18
2020-08-13 05:15:57,617--__main__--DEBUG---> 10.10.10.204 Configure SVI Interface 19
2020-08-13 05:15:57,617--__main__--DEBUG---> 10.10.10.201 Configure SVI Interface 16
2020-08-13 05:15:57,675--__main__--DEBUG---> 10.10.10.202 Configure SVI Interface 19
2020-08-13 05:15:57,676--__main__--DEBUG---> 10.10.10.203 Configure SVI Interface 20
2020-08-13 05:15:57,778--__main__--DEBUG---> 10.10.10.204 Configure SVI Interface 20
2020-08-13 05:15:57,778--__main__--DEBUG---> 10.10.10.201 Configure SVI Interface 17
2020-08-13 05:15:57,831--__main__--DEBUG---> 10.10.10.203 Configure SVI Interface 21
2020-08-13 05:15:57,831--__main__--DEBUG---> 10.10.10.202 Configure SVI Interface 20
2020-08-13 05:15:57,936--__main__--DEBUG---> 10.10.10.201 Configure SVI Interface 18
2020-08-13 05:15:57,937--__main__--DEBUG---> 10.10.10.204 Configure SVI Interface 21
2020-08-13 05:15:57,991--__main__--DEBUG---> 10.10.10.203 Configure SVI Interface 22
2020-08-13 05:15:57,993--__main__--DEBUG---> 10.10.10.202 Configure SVI Interface 21
2020-08-13 05:15:58,092--__main__--DEBUG---> 10.10.10.201 Configure SVI Interface 19
2020-08-13 05:15:58,093--__main__--DEBUG---> 10.10.10.204 Configure SVI Interface 22
2020-08-13 05:15:58,144--__main__--DEBUG---> 10.10.10.203 Configure SVI Interface 23
2020-08-13 05:15:58,155--__main__--DEBUG---> 10.10.10.202 Configure SVI Interface 22
2020-08-13 05:15:58,248--__main__--DEBUG---> 10.10.10.201 Configure SVI Interface 20
2020-08-13 05:15:58,249--__main__--DEBUG---> 10.10.10.204 Configure SVI Interface 23
2020-08-13 05:15:58,341--__main__--DEBUG---> 10.10.10.202 Configure SVI Interface 23
2020-08-13 05:15:58,341--__main__--DEBUG---> 10.10.10.203 Configure SVI Interface 24
2020-08-13 05:15:58,442--__main__--DEBUG---> 10.10.10.204 Configure SVI Interface 24
2020-08-13 05:15:58,442--__main__--DEBUG---> 10.10.10.201 Configure SVI Interface 21
2020-08-13 05:15:58,494--__main__--DEBUG---> 10.10.10.203 Configure SVI Interface 25
2020-08-13 05:15:58,494--__main__--DEBUG---> 10.10.10.202 Configure SVI Interface 24
2020-08-13 05:15:58,596--__main__--DEBUG---> 10.10.10.201 Configure SVI Interface 22
2020-08-13 05:15:58,597--__main__--DEBUG---> 10.10.10.204 Configure SVI Interface 25
2020-08-13 05:15:58,648--__main__--DEBUG---> 10.10.10.202 Configure SVI Interface 25
2020-08-13 05:15:58,648--__main__--DEBUG---> 10.10.10.203 Configure SVI Interface 26
2020-08-13 05:15:58,750--__main__--DEBUG---> 10.10.10.201 Configure SVI Interface 23
2020-08-13 05:15:58,750--__main__--DEBUG---> 10.10.10.204 Configure SVI Interface 26
2020-08-13 05:15:58,802--__main__--DEBUG---> 10.10.10.202 Configure SVI Interface 26
2020-08-13 05:15:58,803--__main__--DEBUG---> 10.10.10.203 Configure SVI Interface 27
2020-08-13 05:15:58,904--__main__--DEBUG---> 10.10.10.201 Configure SVI Interface 24
2020-08-13 05:15:58,905--__main__--DEBUG---> 10.10.10.204 Configure SVI Interface 27
2020-08-13 05:15:58,964--__main__--DEBUG---> 10.10.10.203 Configure SVI Interface 28
2020-08-13 05:15:58,964--__main__--DEBUG---> 10.10.10.202 Configure SVI Interface 27
2020-08-13 05:15:59,067--__main__--DEBUG---> 10.10.10.201 Configure SVI Interface 25
2020-08-13 05:15:59,072--__main__--DEBUG---> 10.10.10.204 Configure SVI Interface 28
2020-08-13 05:15:59,128--__main__--DEBUG---> 10.10.10.203 Configure SVI Interface 29
2020-08-13 05:15:59,129--__main__--DEBUG---> 10.10.10.202 Configure SVI Interface 28
2020-08-13 05:15:59,232--__main__--DEBUG---> 10.10.10.201 Configure SVI Interface 26
2020-08-13 05:15:59,234--__main__--DEBUG---> 10.10.10.204 Configure SVI Interface 29
2020-08-13 05:15:59,281--__main__--DEBUG---> 10.10.10.203 Configure SVI Interface 30
2020-08-13 05:15:59,282--__main__--DEBUG---> 10.10.10.202 Configure SVI Interface 29
2020-08-13 05:15:59,389--__main__--DEBUG---> 10.10.10.201 Configure SVI Interface 27
2020-08-13 05:15:59,390--__main__--DEBUG---> 10.10.10.204 Configure SVI Interface 30
2020-08-13 05:15:59,437--__main__--DEBUG---> 10.10.10.203 Configure SVI Interface 31
2020-08-13 05:15:59,437--__main__--DEBUG---> 10.10.10.202 Configure SVI Interface 30
2020-08-13 05:15:59,542--__main__--DEBUG---> 10.10.10.204 Configure SVI Interface 31
2020-08-13 05:15:59,543--__main__--DEBUG---> 10.10.10.201 Configure SVI Interface 28
2020-08-13 05:15:59,593--__main__--DEBUG---> 10.10.10.202 Configure SVI Interface 31
2020-08-13 05:15:59,593--__main__--DEBUG---> 10.10.10.203 Configure SVI Interface 32
2020-08-13 05:15:59,698--__main__--DEBUG---> 10.10.10.201 Configure SVI Interface 29
2020-08-13 05:15:59,698--__main__--DEBUG---> 10.10.10.204 Configure SVI Interface 32
2020-08-13 05:15:59,749--__main__--DEBUG---> 10.10.10.203 Configure SVI Interface 33
2020-08-13 05:15:59,750--__main__--DEBUG---> 10.10.10.202 Configure SVI Interface 32
2020-08-13 05:15:59,851--__main__--DEBUG---> 10.10.10.201 Configure SVI Interface 30
2020-08-13 05:15:59,852--__main__--DEBUG---> 10.10.10.204 Configure SVI Interface 33
2020-08-13 05:15:59,911--__main__--DEBUG---> 10.10.10.203 Configure SVI Interface 34
2020-08-13 05:15:59,912--__main__--DEBUG---> 10.10.10.202 Configure SVI Interface 33
2020-08-13 05:16:00,018--__main__--DEBUG---> 10.10.10.201 Configure SVI Interface 31
2020-08-13 05:16:00,021--__main__--DEBUG---> 10.10.10.204 Configure SVI Interface 34
2020-08-13 05:16:00,068--__main__--DEBUG---> 10.10.10.203 Configure SVI Interface 35
2020-08-13 05:16:00,068--__main__--DEBUG---> 10.10.10.202 Configure SVI Interface 34
2020-08-13 05:16:00,174--__main__--DEBUG---> 10.10.10.201 Configure SVI Interface 32
2020-08-13 05:16:00,191--__main__--DEBUG---> 10.10.10.204 Configure SVI Interface 35
2020-08-13 05:16:00,231--__main__--DEBUG---> 10.10.10.203 Configure SVI Interface 36
2020-08-13 05:16:00,231--__main__--DEBUG---> 10.10.10.202 Configure SVI Interface 35
2020-08-13 05:16:00,346--__main__--DEBUG---> 10.10.10.201 Configure SVI Interface 33
2020-08-13 05:16:00,353--__main__--DEBUG---> 10.10.10.204 Configure SVI Interface 36
2020-08-13 05:16:00,397--__main__--DEBUG---> 10.10.10.202 Configure SVI Interface 36
2020-08-13 05:16:00,397--__main__--DEBUG---> 10.10.10.203 Configure SVI Interface 37
2020-08-13 05:16:00,504--__main__--DEBUG---> 10.10.10.201 Configure SVI Interface 34
2020-08-13 05:16:00,510--__main__--DEBUG---> 10.10.10.204 Configure SVI Interface 37
2020-08-13 05:16:00,554--__main__--DEBUG---> 10.10.10.202 Configure SVI Interface 37
2020-08-13 05:16:00,556--__main__--DEBUG---> 10.10.10.203 Configure SVI Interface 38
2020-08-13 05:16:00,657--__main__--DEBUG---> 10.10.10.201 Configure SVI Interface 35
2020-08-13 05:16:00,672--__main__--DEBUG---> 10.10.10.204 Configure SVI Interface 38
2020-08-13 05:16:00,707--__main__--DEBUG---> 10.10.10.202 Configure SVI Interface 38
2020-08-13 05:16:00,708--__main__--DEBUG---> 10.10.10.203 Configure SVI Interface 39
2020-08-13 05:16:00,810--__main__--DEBUG---> 10.10.10.201 Configure SVI Interface 36
2020-08-13 05:16:00,835--__main__--DEBUG---> 10.10.10.204 Configure SVI Interface 39
2020-08-13 05:16:00,860--__main__--DEBUG---> 10.10.10.203 Configure SVI Interface 40
2020-08-13 05:16:00,860--__main__--DEBUG---> 10.10.10.202 Configure SVI Interface 39
2020-08-13 05:16:00,966--__main__--DEBUG---> 10.10.10.201 Configure SVI Interface 37
2020-08-13 05:16:00,991--__main__--DEBUG---> 10.10.10.204 Configure SVI Interface 40
2020-08-13 05:16:01,016--__main__--DEBUG---> 10.10.10.202 Configure SVI Interface 40
2020-08-13 05:16:01,017--__main__--DEBUG---> 10.10.10.203 Configure SVI Interface 41
2020-08-13 05:16:01,119--__main__--DEBUG---> 10.10.10.201 Configure SVI Interface 38
2020-08-13 05:16:01,168--__main__--DEBUG---> 10.10.10.204 Configure SVI Interface 41
2020-08-13 05:16:01,169--__main__--DEBUG---> 10.10.10.202 Configure SVI Interface 41
2020-08-13 05:16:01,169--__main__--DEBUG---> 10.10.10.203 Configure SVI Interface 42
2020-08-13 05:16:01,298--__main__--DEBUG---> 10.10.10.201 Configure SVI Interface 39
2020-08-13 05:16:01,338--__main__--DEBUG---> 10.10.10.203 Configure SVI Interface 43
2020-08-13 05:16:01,338--__main__--DEBUG---> 10.10.10.202 Configure SVI Interface 42
2020-08-13 05:16:01,338--__main__--DEBUG---> 10.10.10.204 Configure SVI Interface 42
2020-08-13 05:16:01,478--__main__--DEBUG---> 10.10.10.201 Configure SVI Interface 40
2020-08-13 05:16:01,496--__main__--DEBUG---> 10.10.10.204 Configure SVI Interface 43
2020-08-13 05:16:01,496--__main__--DEBUG---> 10.10.10.203 Configure SVI Interface 44
2020-08-13 05:16:01,496--__main__--DEBUG---> 10.10.10.202 Configure SVI Interface 43
2020-08-13 05:16:01,633--__main__--DEBUG---> 10.10.10.201 Configure SVI Interface 41
2020-08-13 05:16:01,650--__main__--DEBUG---> 10.10.10.202 Configure SVI Interface 44
2020-08-13 05:16:01,650--__main__--DEBUG---> 10.10.10.204 Configure SVI Interface 44
2020-08-13 05:16:01,650--__main__--DEBUG---> 10.10.10.203 Configure SVI Interface 45
2020-08-13 05:16:01,792--__main__--DEBUG---> 10.10.10.201 Configure SVI Interface 42
2020-08-13 05:16:01,803--__main__--DEBUG---> 10.10.10.202 Configure SVI Interface 45
2020-08-13 05:16:01,804--__main__--DEBUG---> 10.10.10.203 Configure SVI Interface 46
2020-08-13 05:16:01,806--__main__--DEBUG---> 10.10.10.204 Configure SVI Interface 45
2020-08-13 05:16:01,949--__main__--DEBUG---> 10.10.10.201 Configure SVI Interface 43
2020-08-13 05:16:01,956--__main__--DEBUG---> 10.10.10.202 Configure SVI Interface 46
2020-08-13 05:16:01,957--__main__--DEBUG---> 10.10.10.203 Configure SVI Interface 47
2020-08-13 05:16:01,961--__main__--DEBUG---> 10.10.10.204 Configure SVI Interface 46
2020-08-13 05:16:02,111--__main__--DEBUG---> 10.10.10.201 Configure SVI Interface 44
2020-08-13 05:16:02,112--__main__--DEBUG---> 10.10.10.203 Configure SVI Interface 48
2020-08-13 05:16:02,112--__main__--DEBUG---> 10.10.10.202 Configure SVI Interface 47
2020-08-13 05:16:02,115--__main__--DEBUG---> 10.10.10.204 Configure SVI Interface 47
2020-08-13 05:16:02,269--__main__--DEBUG---> 10.10.10.203 Configure SVI Interface 49
2020-08-13 05:16:02,270--__main__--DEBUG---> 10.10.10.202 Configure SVI Interface 48
2020-08-13 05:16:02,270--__main__--DEBUG---> 10.10.10.204 Configure SVI Interface 48
2020-08-13 05:16:02,282--__main__--DEBUG---> 10.10.10.201 Configure SVI Interface 45
2020-08-13 05:16:02,426--__main__--DEBUG---> 10.10.10.202 Configure SVI Interface 49
2020-08-13 05:16:02,428--__main__--DEBUG---> 10.10.10.204 Configure SVI Interface 49
2020-08-13 05:16:02,428--__main__--DEBUG---> 10.10.10.203 Configure SVI Interface 50
2020-08-13 05:16:02,435--__main__--DEBUG---> 10.10.10.201 Configure SVI Interface 46
2020-08-13 05:16:02,580--__main__--DEBUG---> 10.10.10.202 Configure SVI Interface 50
2020-08-13 05:16:02,581--__main__--DEBUG---> 10.10.10.203 Configure SVI Interface 51
2020-08-13 05:16:02,582--__main__--DEBUG---> 10.10.10.204 Configure SVI Interface 50
2020-08-13 05:16:02,595--__main__--DEBUG---> 10.10.10.201 Configure SVI Interface 47
2020-08-13 05:16:02,740--__main__--DEBUG---> 10.10.10.204 Configure SVI Interface 51
2020-08-13 05:16:02,741--__main__--DEBUG---> 10.10.10.203 Configure SVI Interface 52
2020-08-13 05:16:02,741--__main__--DEBUG---> 10.10.10.202 Configure SVI Interface 51
2020-08-13 05:16:02,750--__main__--DEBUG---> 10.10.10.201 Configure SVI Interface 48
2020-08-13 05:16:02,893--__main__--DEBUG---> 10.10.10.204 Configure SVI Interface 52
2020-08-13 05:16:02,893--__main__--DEBUG---> 10.10.10.202 Configure SVI Interface 52
2020-08-13 05:16:02,893--__main__--DEBUG---> 10.10.10.203 Configure SVI Interface 53
2020-08-13 05:16:02,903--__main__--DEBUG---> 10.10.10.201 Configure SVI Interface 49
2020-08-13 05:16:03,045--__main__--DEBUG---> 10.10.10.202 Configure SVI Interface 53
2020-08-13 05:16:03,045--__main__--DEBUG---> 10.10.10.204 Configure SVI Interface 53
2020-08-13 05:16:03,046--__main__--DEBUG---> 10.10.10.203 Configure SVI Interface 54
2020-08-13 05:16:03,055--__main__--DEBUG---> 10.10.10.201 Configure SVI Interface 50
2020-08-13 05:16:03,199--__main__--DEBUG---> 10.10.10.202 Configure SVI Interface 54
2020-08-13 05:16:03,199--__main__--DEBUG---> 10.10.10.204 Configure SVI Interface 54
2020-08-13 05:16:03,199--__main__--DEBUG---> 10.10.10.203 Configure SVI Interface 55
2020-08-13 05:16:03,209--__main__--DEBUG---> 10.10.10.201 Configure SVI Interface 51
2020-08-13 05:16:03,357--__main__--DEBUG---> 10.10.10.204 Configure SVI Interface 55
2020-08-13 05:16:03,357--__main__--DEBUG---> 10.10.10.202 Configure SVI Interface 55
2020-08-13 05:16:03,357--__main__--DEBUG---> 10.10.10.203 Configure SVI Interface 56
2020-08-13 05:16:03,367--__main__--DEBUG---> 10.10.10.201 Configure SVI Interface 52
2020-08-13 05:16:03,513--__main__--DEBUG---> 10.10.10.202 Configure SVI Interface 56
2020-08-13 05:16:03,513--__main__--DEBUG---> 10.10.10.204 Configure SVI Interface 56
2020-08-13 05:16:03,513--__main__--DEBUG---> 10.10.10.203 Configure SVI Interface 57
2020-08-13 05:16:03,520--__main__--DEBUG---> 10.10.10.201 Configure SVI Interface 53
2020-08-13 05:16:03,668--__main__--DEBUG---> 10.10.10.202 Configure SVI Interface 57
2020-08-13 05:16:03,668--__main__--DEBUG---> 10.10.10.203 Configure SVI Interface 58
2020-08-13 05:16:03,669--__main__--DEBUG---> 10.10.10.204 Configure SVI Interface 57
2020-08-13 05:16:03,677--__main__--DEBUG---> 10.10.10.201 Configure SVI Interface 54
2020-08-13 05:16:03,827--__main__--DEBUG---> 10.10.10.203 Configure SVI Interface 59
2020-08-13 05:16:03,828--__main__--DEBUG---> 10.10.10.202 Configure SVI Interface 58
2020-08-13 05:16:03,828--__main__--DEBUG---> 10.10.10.204 Configure SVI Interface 58
2020-08-13 05:16:03,830--__main__--DEBUG---> 10.10.10.201 Configure SVI Interface 55
2020-08-13 05:16:03,987--__main__--DEBUG---> 10.10.10.202 Configure SVI Interface 59
2020-08-13 05:16:03,989--__main__--DEBUG---> 10.10.10.203 Configure SVI Interface 60
2020-08-13 05:16:03,989--__main__--DEBUG---> 10.10.10.201 Configure SVI Interface 56
2020-08-13 05:16:03,989--__main__--DEBUG---> 10.10.10.204 Configure SVI Interface 59
2020-08-13 05:16:04,154--__main__--DEBUG---> 10.10.10.203 Configure SVI Interface 61
2020-08-13 05:16:04,155--__main__--DEBUG---> 10.10.10.204 Configure SVI Interface 60
2020-08-13 05:16:04,155--__main__--DEBUG---> 10.10.10.201 Configure SVI Interface 57
2020-08-13 05:16:04,158--__main__--DEBUG---> 10.10.10.202 Configure SVI Interface 60
2020-08-13 05:16:04,306--__main__--DEBUG---> 10.10.10.203 Configure SVI Interface 62
2020-08-13 05:16:04,312--__main__--DEBUG---> 10.10.10.204 Configure SVI Interface 61
2020-08-13 05:16:04,313--__main__--DEBUG---> 10.10.10.202 Configure SVI Interface 61
2020-08-13 05:16:04,314--__main__--DEBUG---> 10.10.10.201 Configure SVI Interface 58
2020-08-13 05:16:04,459--__main__--DEBUG---> 10.10.10.203 Configure SVI Interface 63
2020-08-13 05:16:04,465--__main__--DEBUG---> 10.10.10.204 Configure SVI Interface 62
2020-08-13 05:16:04,465--__main__--DEBUG---> 10.10.10.202 Configure SVI Interface 62
2020-08-13 05:16:04,467--__main__--DEBUG---> 10.10.10.201 Configure SVI Interface 59
2020-08-13 05:16:04,612--__main__--DEBUG---> 10.10.10.203 Configure SVI Interface 64
2020-08-13 05:16:04,619--__main__--DEBUG---> 10.10.10.204 Configure SVI Interface 63
2020-08-13 05:16:04,619--__main__--DEBUG---> 10.10.10.202 Configure SVI Interface 63
2020-08-13 05:16:04,621--__main__--DEBUG---> 10.10.10.201 Configure SVI Interface 60
2020-08-13 05:16:04,765--__main__--DEBUG---> 10.10.10.203 Configure SVI Interface 65
2020-08-13 05:16:04,772--__main__--DEBUG---> 10.10.10.204 Configure SVI Interface 64
2020-08-13 05:16:04,773--__main__--DEBUG---> 10.10.10.202 Configure SVI Interface 64
2020-08-13 05:16:04,774--__main__--DEBUG---> 10.10.10.201 Configure SVI Interface 61
2020-08-13 05:16:04,920--__main__--DEBUG---> 10.10.10.203 Configure SVI Interface 66
2020-08-13 05:16:04,924--__main__--DEBUG---> 10.10.10.204 Configure SVI Interface 65
2020-08-13 05:16:04,927--__main__--DEBUG---> 10.10.10.201 Configure SVI Interface 62
2020-08-13 05:16:04,928--__main__--DEBUG---> 10.10.10.202 Configure SVI Interface 65
2020-08-13 05:16:05,072--__main__--DEBUG---> 10.10.10.203 Configure SVI Interface 67
2020-08-13 05:16:05,078--__main__--DEBUG---> 10.10.10.204 Configure SVI Interface 66
2020-08-13 05:16:05,080--__main__--DEBUG---> 10.10.10.201 Configure SVI Interface 63
2020-08-13 05:16:05,081--__main__--DEBUG---> 10.10.10.202 Configure SVI Interface 66
2020-08-13 05:16:05,226--__main__--DEBUG---> 10.10.10.203 Configure SVI Interface 68
2020-08-13 05:16:05,231--__main__--DEBUG---> 10.10.10.201 Configure SVI Interface 64
2020-08-13 05:16:05,231--__main__--DEBUG---> 10.10.10.204 Configure SVI Interface 67
2020-08-13 05:16:05,238--__main__--DEBUG---> 10.10.10.202 Configure SVI Interface 67
2020-08-13 05:16:05,378--__main__--DEBUG---> 10.10.10.203 Configure SVI Interface 69
2020-08-13 05:16:05,384--__main__--DEBUG---> 10.10.10.201 Configure SVI Interface 65
2020-08-13 05:16:05,384--__main__--DEBUG---> 10.10.10.204 Configure SVI Interface 68
2020-08-13 05:16:05,429--__main__--DEBUG---> 10.10.10.202 Configure SVI Interface 68
2020-08-13 05:16:05,531--__main__--DEBUG---> 10.10.10.203 Configure SVI Interface 70
2020-08-13 05:16:05,537--__main__--DEBUG---> 10.10.10.201 Configure SVI Interface 66
2020-08-13 05:16:05,537--__main__--DEBUG---> 10.10.10.204 Configure SVI Interface 69
2020-08-13 05:16:05,582--__main__--DEBUG---> 10.10.10.202 Configure SVI Interface 69
2020-08-13 05:16:05,685--__main__--DEBUG---> 10.10.10.203 Configure SVI Interface 71
2020-08-13 05:16:05,690--__main__--DEBUG---> 10.10.10.204 Configure SVI Interface 70
2020-08-13 05:16:05,690--__main__--DEBUG---> 10.10.10.201 Configure SVI Interface 67
2020-08-13 05:16:05,736--__main__--DEBUG---> 10.10.10.202 Configure SVI Interface 70
2020-08-13 05:16:05,838--__main__--DEBUG---> 10.10.10.203 Configure SVI Interface 72
2020-08-13 05:16:05,859--__main__--DEBUG---> 10.10.10.201 Configure SVI Interface 68
2020-08-13 05:16:05,859--__main__--DEBUG---> 10.10.10.204 Configure SVI Interface 71
2020-08-13 05:16:05,889--__main__--DEBUG---> 10.10.10.202 Configure SVI Interface 71
2020-08-13 05:16:05,994--__main__--DEBUG---> 10.10.10.203 Configure SVI Interface 73
2020-08-13 05:16:06,011--__main__--DEBUG---> 10.10.10.201 Configure SVI Interface 69
2020-08-13 05:16:06,011--__main__--DEBUG---> 10.10.10.204 Configure SVI Interface 72
2020-08-13 05:16:06,044--__main__--DEBUG---> 10.10.10.202 Configure SVI Interface 72
2020-08-13 05:16:06,146--__main__--DEBUG---> 10.10.10.203 Configure SVI Interface 74
2020-08-13 05:16:06,164--__main__--DEBUG---> 10.10.10.201 Configure SVI Interface 70
2020-08-13 05:16:06,164--__main__--DEBUG---> 10.10.10.204 Configure SVI Interface 73
2020-08-13 05:16:06,198--__main__--DEBUG---> 10.10.10.202 Configure SVI Interface 73
2020-08-13 05:16:06,300--__main__--DEBUG---> 10.10.10.203 Configure SVI Interface 75
2020-08-13 05:16:06,317--__main__--DEBUG---> 10.10.10.201 Configure SVI Interface 71
2020-08-13 05:16:06,317--__main__--DEBUG---> 10.10.10.204 Configure SVI Interface 74
2020-08-13 05:16:06,351--__main__--DEBUG---> 10.10.10.202 Configure SVI Interface 74
2020-08-13 05:16:06,452--__main__--DEBUG---> 10.10.10.203 Configure SVI Interface 76
2020-08-13 05:16:06,471--__main__--DEBUG---> 10.10.10.204 Configure SVI Interface 75
2020-08-13 05:16:06,471--__main__--DEBUG---> 10.10.10.201 Configure SVI Interface 72
2020-08-13 05:16:06,508--__main__--DEBUG---> 10.10.10.202 Configure SVI Interface 75
2020-08-13 05:16:06,610--__main__--DEBUG---> 10.10.10.203 Configure SVI Interface 77
2020-08-13 05:16:06,623--__main__--DEBUG---> 10.10.10.201 Configure SVI Interface 73
2020-08-13 05:16:06,623--__main__--DEBUG---> 10.10.10.204 Configure SVI Interface 76
2020-08-13 05:16:06,661--__main__--DEBUG---> 10.10.10.202 Configure SVI Interface 76
2020-08-13 05:16:06,763--__main__--DEBUG---> 10.10.10.203 Configure SVI Interface 78
2020-08-13 05:16:06,776--__main__--DEBUG---> 10.10.10.204 Configure SVI Interface 77
2020-08-13 05:16:06,776--__main__--DEBUG---> 10.10.10.201 Configure SVI Interface 74
2020-08-13 05:16:06,815--__main__--DEBUG---> 10.10.10.202 Configure SVI Interface 77
2020-08-13 05:16:06,918--__main__--DEBUG---> 10.10.10.203 Configure SVI Interface 79
2020-08-13 05:16:06,929--__main__--DEBUG---> 10.10.10.201 Configure SVI Interface 75
2020-08-13 05:16:06,929--__main__--DEBUG---> 10.10.10.204 Configure SVI Interface 78
2020-08-13 05:16:06,969--__main__--DEBUG---> 10.10.10.202 Configure SVI Interface 78
2020-08-13 05:16:07,070--__main__--DEBUG---> 10.10.10.203 Configure SVI Interface 80
2020-08-13 05:16:07,082--__main__--DEBUG---> 10.10.10.204 Configure SVI Interface 79
2020-08-13 05:16:07,082--__main__--DEBUG---> 10.10.10.201 Configure SVI Interface 76
2020-08-13 05:16:07,123--__main__--DEBUG---> 10.10.10.202 Configure SVI Interface 79
2020-08-13 05:16:07,226--__main__--DEBUG---> 10.10.10.203 Configure SVI Interface 81
2020-08-13 05:16:07,236--__main__--DEBUG---> 10.10.10.204 Configure SVI Interface 80
2020-08-13 05:16:07,236--__main__--DEBUG---> 10.10.10.201 Configure SVI Interface 77
2020-08-13 05:16:07,277--__main__--DEBUG---> 10.10.10.202 Configure SVI Interface 80
2020-08-13 05:16:07,380--__main__--DEBUG---> 10.10.10.203 Configure SVI Interface 82
2020-08-13 05:16:07,389--__main__--DEBUG---> 10.10.10.204 Configure SVI Interface 81
2020-08-13 05:16:07,389--__main__--DEBUG---> 10.10.10.201 Configure SVI Interface 78
2020-08-13 05:16:07,431--__main__--DEBUG---> 10.10.10.202 Configure SVI Interface 81
2020-08-13 05:16:07,533--__main__--DEBUG---> 10.10.10.203 Configure SVI Interface 83
2020-08-13 05:16:07,543--__main__--DEBUG---> 10.10.10.201 Configure SVI Interface 79
2020-08-13 05:16:07,543--__main__--DEBUG---> 10.10.10.204 Configure SVI Interface 82
2020-08-13 05:16:07,587--__main__--DEBUG---> 10.10.10.202 Configure SVI Interface 82
2020-08-13 05:16:07,691--__main__--DEBUG---> 10.10.10.203 Configure SVI Interface 84
2020-08-13 05:16:07,702--__main__--DEBUG---> 10.10.10.201 Configure SVI Interface 80
2020-08-13 05:16:07,702--__main__--DEBUG---> 10.10.10.204 Configure SVI Interface 83
2020-08-13 05:16:07,743--__main__--DEBUG---> 10.10.10.202 Configure SVI Interface 83
2020-08-13 05:16:07,846--__main__--DEBUG---> 10.10.10.203 Configure SVI Interface 85
2020-08-13 05:16:07,854--__main__--DEBUG---> 10.10.10.201 Configure SVI Interface 81
2020-08-13 05:16:07,855--__main__--DEBUG---> 10.10.10.204 Configure SVI Interface 84
2020-08-13 05:16:07,897--__main__--DEBUG---> 10.10.10.202 Configure SVI Interface 84
2020-08-13 05:16:07,999--__main__--DEBUG---> 10.10.10.203 Configure SVI Interface 86
2020-08-13 05:16:08,009--__main__--DEBUG---> 10.10.10.204 Configure SVI Interface 85
2020-08-13 05:16:08,009--__main__--DEBUG---> 10.10.10.201 Configure SVI Interface 82
2020-08-13 05:16:08,050--__main__--DEBUG---> 10.10.10.202 Configure SVI Interface 85
2020-08-13 05:16:08,152--__main__--DEBUG---> 10.10.10.203 Configure SVI Interface 87
2020-08-13 05:16:08,162--__main__--DEBUG---> 10.10.10.201 Configure SVI Interface 83
2020-08-13 05:16:08,162--__main__--DEBUG---> 10.10.10.204 Configure SVI Interface 86
2020-08-13 05:16:08,218--__main__--DEBUG---> 10.10.10.202 Configure SVI Interface 86
2020-08-13 05:16:08,306--__main__--DEBUG---> 10.10.10.203 Configure SVI Interface 88
2020-08-13 05:16:08,314--__main__--DEBUG---> 10.10.10.201 Configure SVI Interface 84
2020-08-13 05:16:08,314--__main__--DEBUG---> 10.10.10.204 Configure SVI Interface 87
2020-08-13 05:16:08,371--__main__--DEBUG---> 10.10.10.202 Configure SVI Interface 87
2020-08-13 05:16:08,459--__main__--DEBUG---> 10.10.10.203 Configure SVI Interface 89
2020-08-13 05:16:08,468--__main__--DEBUG---> 10.10.10.204 Configure SVI Interface 88
2020-08-13 05:16:08,468--__main__--DEBUG---> 10.10.10.201 Configure SVI Interface 85
2020-08-13 05:16:08,522--__main__--DEBUG---> 10.10.10.202 Configure SVI Interface 88
2020-08-13 05:16:08,611--__main__--DEBUG---> 10.10.10.203 Configure SVI Interface 90
2020-08-13 05:16:08,621--__main__--DEBUG---> 10.10.10.201 Configure SVI Interface 86
2020-08-13 05:16:08,621--__main__--DEBUG---> 10.10.10.204 Configure SVI Interface 89
2020-08-13 05:16:08,675--__main__--DEBUG---> 10.10.10.202 Configure SVI Interface 89
2020-08-13 05:16:08,763--__main__--DEBUG---> 10.10.10.203 Configure SVI Interface 91
2020-08-13 05:16:08,774--__main__--DEBUG---> 10.10.10.201 Configure SVI Interface 87
2020-08-13 05:16:08,774--__main__--DEBUG---> 10.10.10.204 Configure SVI Interface 90
2020-08-13 05:16:08,827--__main__--DEBUG---> 10.10.10.202 Configure SVI Interface 90
2020-08-13 05:16:08,918--__main__--DEBUG---> 10.10.10.203 Configure SVI Interface 92
2020-08-13 05:16:08,926--__main__--DEBUG---> 10.10.10.204 Configure SVI Interface 91
2020-08-13 05:16:08,927--__main__--DEBUG---> 10.10.10.201 Configure SVI Interface 88
2020-08-13 05:16:08,979--__main__--DEBUG---> 10.10.10.202 Configure SVI Interface 91
2020-08-13 05:16:09,071--__main__--DEBUG---> 10.10.10.203 Configure SVI Interface 93
2020-08-13 05:16:09,088--__main__--DEBUG---> 10.10.10.204 Configure SVI Interface 92
2020-08-13 05:16:09,089--__main__--DEBUG---> 10.10.10.201 Configure SVI Interface 89
2020-08-13 05:16:09,140--__main__--DEBUG---> 10.10.10.202 Configure SVI Interface 92
2020-08-13 05:16:09,224--__main__--DEBUG---> 10.10.10.203 Configure SVI Interface 94
2020-08-13 05:16:09,243--__main__--DEBUG---> 10.10.10.201 Configure SVI Interface 90
2020-08-13 05:16:09,243--__main__--DEBUG---> 10.10.10.204 Configure SVI Interface 93
2020-08-13 05:16:09,294--__main__--DEBUG---> 10.10.10.202 Configure SVI Interface 93
2020-08-13 05:16:09,377--__main__--DEBUG---> 10.10.10.203 Configure SVI Interface 95
2020-08-13 05:16:09,396--__main__--DEBUG---> 10.10.10.201 Configure SVI Interface 91
2020-08-13 05:16:09,396--__main__--DEBUG---> 10.10.10.204 Configure SVI Interface 94
2020-08-13 05:16:09,447--__main__--DEBUG---> 10.10.10.202 Configure SVI Interface 94
2020-08-13 05:16:09,530--__main__--DEBUG---> 10.10.10.203 Configure SVI Interface 96
2020-08-13 05:16:09,563--__main__--DEBUG---> 10.10.10.204 Configure SVI Interface 95
2020-08-13 05:16:09,563--__main__--DEBUG---> 10.10.10.201 Configure SVI Interface 92
2020-08-13 05:16:09,615--__main__--DEBUG---> 10.10.10.202 Configure SVI Interface 95
2020-08-13 05:16:09,682--__main__--DEBUG---> 10.10.10.203 Configure SVI Interface 97
2020-08-13 05:16:09,719--__main__--DEBUG---> 10.10.10.201 Configure SVI Interface 93
2020-08-13 05:16:09,719--__main__--DEBUG---> 10.10.10.204 Configure SVI Interface 96
2020-08-13 05:16:09,771--__main__--DEBUG---> 10.10.10.202 Configure SVI Interface 96
2020-08-13 05:16:09,837--__main__--DEBUG---> 10.10.10.203 Configure SVI Interface 98
2020-08-13 05:16:09,872--__main__--DEBUG---> 10.10.10.201 Configure SVI Interface 94
2020-08-13 05:16:09,872--__main__--DEBUG---> 10.10.10.204 Configure SVI Interface 97
2020-08-13 05:16:09,923--__main__--DEBUG---> 10.10.10.202 Configure SVI Interface 97
2020-08-13 05:16:09,989--__main__--DEBUG---> 10.10.10.203 Configure SVI Interface 99
2020-08-13 05:16:10,024--__main__--DEBUG---> 10.10.10.201 Configure SVI Interface 95
2020-08-13 05:16:10,024--__main__--DEBUG---> 10.10.10.204 Configure SVI Interface 98
2020-08-13 05:16:10,077--__main__--DEBUG---> 10.10.10.202 Configure SVI Interface 98
2020-08-13 05:16:10,143--__main__--DEBUG---> 10.10.10.203 Configure SVI Interface 100
2020-08-13 05:16:10,181--__main__--DEBUG---> 10.10.10.204 Configure SVI Interface 99
2020-08-13 05:16:10,181--__main__--DEBUG---> 10.10.10.201 Configure SVI Interface 96
2020-08-13 05:16:10,233--__main__--DEBUG---> 10.10.10.202 Configure SVI Interface 99
2020-08-13 05:16:10,338--__main__--DEBUG---> 10.10.10.201 Configure SVI Interface 97
2020-08-13 05:16:10,339--__main__--DEBUG---> 10.10.10.204 Configure SVI Interface 100
2020-08-13 05:16:10,390--__main__--DEBUG---> 10.10.10.202 Configure SVI Interface 100
2020-08-13 05:16:10,491--__main__--DEBUG---> 10.10.10.201 Configure SVI Interface 98
2020-08-13 05:16:10,644--__main__--DEBUG---> 10.10.10.201 Configure SVI Interface 99
2020-08-13 05:16:10,797--__main__--DEBUG---> 10.10.10.201 Configure SVI Interface 100
2020-08-13 05:16:12,247--__main__--DEBUG---> 10.10.10.203 Save Configuration
2020-08-13 05:16:12,444--__main__--DEBUG---> 10.10.10.204 Save Configuration
2020-08-13 05:16:12,492--__main__--DEBUG---> 10.10.10.202 Save Configuration
2020-08-13 05:16:12,899--__main__--DEBUG---> 10.10.10.201 Save Configuration
2020-08-13 05:16:13,299--__main__--DEBUG---> b'write mem\r\nCopy completed successfully.\r\nArista3'
2020-08-13 05:16:13,400--__main__--DEBUG---> 10.10.10.203 Close Connection
2020-08-13 05:16:13,496--__main__--DEBUG---> b'write mem\r\nCopy completed successfully.\r\nArista4'
2020-08-13 05:16:13,543--__main__--DEBUG---> b'write mem\r\nCopy completed successfully.\r\nArista2'
2020-08-13 05:16:13,598--__main__--DEBUG---> 10.10.10.204 Close Connection
2020-08-13 05:16:13,645--__main__--DEBUG---> 10.10.10.202 Close Connection
2020-08-13 05:16:13,951--__main__--DEBUG---> b'write mem\r\nCopy completed successfully.\r\nArista1'
2020-08-13 05:16:14,052--__main__--DEBUG---> 10.10.10.201 Close Connection
2020-08-13 05:16:54,814--__main__--DEBUG---> Connect to 10.10.10.202 via SSH
2020-08-13 05:16:54,998--__main__--DEBUG---> Connect to 10.10.10.201 via SSH
2020-08-13 05:16:55,260--__main__--DEBUG---> Save 10.10.10.202 key to known_hosts file
2020-08-13 05:16:55,318--__main__--DEBUG---> Save 10.10.10.201 key to known_hosts file
2020-08-13 05:16:55,363--__main__--DEBUG---> Connect to 10.10.10.203 via SSH
2020-08-13 05:16:55,396--__main__--DEBUG---> Connect to 10.10.10.204 via SSH
2020-08-13 05:16:55,734--__main__--DEBUG---> Save 10.10.10.204 key to known_hosts file
2020-08-13 05:16:55,905--__main__--DEBUG---> Save 10.10.10.203 key to known_hosts file
2020-08-13 05:16:58,557--__main__--DEBUG---> 10.10.10.201 Password Accepted
2020-08-13 05:16:58,731--__main__--DEBUG---> 10.10.10.201 Disable Terminal Lenght
2020-08-13 05:16:58,842--__main__--DEBUG---> 10.10.10.201 Enable Execution Mode
2020-08-13 05:16:58,945--__main__--DEBUG---> 10.10.10.201 Enable Configuration Mode
2020-08-13 05:16:59,008--__main__--ERROR---> 10.10.10.201 Invalid Command b'interface vlan 0\r\n' b'% Incomplete command\r\n'
NoneType: None
2020-08-13 05:16:59,043--__main__--DEBUG---> 10.10.10.204 Password Accepted
2020-08-13 05:16:59,109--__main__--DEBUG---> 10.10.10.204 Disable Terminal Lenght
2020-08-13 05:16:59,110--__main__--ERROR---> 10.10.10.201 Invalid Command b'description SVI_0\r\n' b'% Invalid input\r\nArista1(config)#'
NoneType: None
2020-08-13 05:16:59,110--__main__--DEBUG---> 10.10.10.201 Configure SVI Interface 0
2020-08-13 05:16:59,118--__main__--DEBUG---> 10.10.10.203 Password Accepted
2020-08-13 05:16:59,180--__main__--DEBUG---> 10.10.10.203 Disable Terminal Lenght
2020-08-13 05:16:59,181--__main__--ERROR---> 10.10.10.201 Invalid Command b'ip address 10.10.0.1 255.255.255.0\r\ninterface vlan 1\r\n' b'% Invalid input\r\n'
NoneType: None
2020-08-13 05:16:59,188--__main__--DEBUG---> 10.10.10.204 Enable Execution Mode
2020-08-13 05:16:59,254--__main__--DEBUG---> 10.10.10.203 Enable Execution Mode
2020-08-13 05:16:59,291--__main__--DEBUG---> 10.10.10.201 Configure SVI Interface 1
2020-08-13 05:16:59,301--__main__--DEBUG---> 10.10.10.204 Enable Configuration Mode
2020-08-13 05:16:59,366--__main__--DEBUG---> 10.10.10.203 Enable Configuration Mode
2020-08-13 05:16:59,368--__main__--ERROR---> 10.10.10.204 Invalid Command b'interface vlan 0\r\n' b'% Incomplete command\r\n'
NoneType: None
2020-08-13 05:16:59,426--__main__--ERROR---> 10.10.10.203 Invalid Command b'interface vlan 0\r\n' b'% Incomplete command\r\n'
NoneType: None
2020-08-13 05:16:59,445--__main__--DEBUG---> 10.10.10.201 Configure SVI Interface 2
2020-08-13 05:16:59,473--__main__--ERROR---> 10.10.10.204 Invalid Command b'description SVI_0\r\n' b'% Invalid input\r\nArista4(config)#'
NoneType: None
2020-08-13 05:16:59,474--__main__--DEBUG---> 10.10.10.204 Configure SVI Interface 0
2020-08-13 05:16:59,530--__main__--ERROR---> 10.10.10.203 Invalid Command b'description SVI_0\r\n' b'% Invalid input\r\nArista3(config)#'
NoneType: None
2020-08-13 05:16:59,530--__main__--DEBUG---> 10.10.10.203 Configure SVI Interface 0
2020-08-13 05:16:59,545--__main__--DEBUG---> 10.10.10.202 Password Accepted
2020-08-13 05:16:59,554--__main__--ERROR---> 10.10.10.204 Invalid Command b'ip address 10.10.0.1 255.255.255.0\r\ninterface vlan 1\r\n' b'% Invalid input\r\n'
NoneType: None
2020-08-13 05:16:59,597--__main__--DEBUG---> 10.10.10.201 Configure SVI Interface 3
2020-08-13 05:16:59,604--__main__--ERROR---> 10.10.10.203 Invalid Command b'ip address 10.10.0.1 255.255.255.0\r\ninterface vlan 1\r\n' b'% Invalid input\r\n'
NoneType: None
2020-08-13 05:16:59,609--__main__--DEBUG---> 10.10.10.202 Disable Terminal Lenght
2020-08-13 05:16:59,655--__main__--DEBUG---> 10.10.10.204 Configure SVI Interface 1
2020-08-13 05:16:59,673--__main__--DEBUG---> 10.10.10.202 Enable Execution Mode
2020-08-13 05:16:59,705--__main__--DEBUG---> 10.10.10.203 Configure SVI Interface 1
2020-08-13 05:16:59,755--__main__--DEBUG---> 10.10.10.201 Configure SVI Interface 4
2020-08-13 05:16:59,774--__main__--DEBUG---> 10.10.10.202 Enable Configuration Mode
2020-08-13 05:16:59,808--__main__--DEBUG---> 10.10.10.204 Configure SVI Interface 2
2020-08-13 05:16:59,833--__main__--ERROR---> 10.10.10.202 Invalid Command b'interface vlan 0\r\n' b'% Incomplete command\r\n'
NoneType: None
2020-08-13 05:16:59,857--__main__--DEBUG---> 10.10.10.203 Configure SVI Interface 2
2020-08-13 05:16:59,909--__main__--DEBUG---> 10.10.10.201 Configure SVI Interface 5
2020-08-13 05:16:59,936--__main__--ERROR---> 10.10.10.202 Invalid Command b'description SVI_0\r\n' b'% Invalid input\r\nArista2(config)#'
NoneType: None
2020-08-13 05:16:59,936--__main__--DEBUG---> 10.10.10.202 Configure SVI Interface 0
2020-08-13 05:16:59,960--__main__--DEBUG---> 10.10.10.204 Configure SVI Interface 3
2020-08-13 05:16:59,999--__main__--ERROR---> 10.10.10.202 Invalid Command b'ip address 10.10.0.1 255.255.255.0\r\ninterface vlan 1\r\n' b'% Invalid input\r\n'
NoneType: None
2020-08-13 05:17:00,012--__main__--DEBUG---> 10.10.10.203 Configure SVI Interface 3
2020-08-13 05:17:00,063--__main__--DEBUG---> 10.10.10.201 Configure SVI Interface 6
2020-08-13 05:17:00,103--__main__--DEBUG---> 10.10.10.202 Configure SVI Interface 1
2020-08-13 05:17:00,114--__main__--DEBUG---> 10.10.10.204 Configure SVI Interface 4
2020-08-13 05:17:00,165--__main__--DEBUG---> 10.10.10.203 Configure SVI Interface 4
2020-08-13 05:17:00,217--__main__--DEBUG---> 10.10.10.201 Configure SVI Interface 7
2020-08-13 05:17:00,269--__main__--DEBUG---> 10.10.10.202 Configure SVI Interface 2
2020-08-13 05:17:00,270--__main__--DEBUG---> 10.10.10.204 Configure SVI Interface 5
2020-08-13 05:17:00,323--__main__--DEBUG---> 10.10.10.203 Configure SVI Interface 5
2020-08-13 05:17:00,375--__main__--DEBUG---> 10.10.10.201 Configure SVI Interface 8
2020-08-13 05:17:00,426--__main__--DEBUG---> 10.10.10.202 Configure SVI Interface 3
2020-08-13 05:17:00,426--__main__--DEBUG---> 10.10.10.204 Configure SVI Interface 6
2020-08-13 05:17:00,477--__main__--DEBUG---> 10.10.10.203 Configure SVI Interface 6
2020-08-13 05:17:00,528--__main__--DEBUG---> 10.10.10.201 Configure SVI Interface 9
2020-08-13 05:17:00,579--__main__--DEBUG---> 10.10.10.204 Configure SVI Interface 7
2020-08-13 05:17:00,580--__main__--DEBUG---> 10.10.10.202 Configure SVI Interface 4
2020-08-13 05:17:00,630--__main__--DEBUG---> 10.10.10.203 Configure SVI Interface 7
2020-08-13 05:17:00,682--__main__--DEBUG---> 10.10.10.201 Configure SVI Interface 10
2020-08-13 05:17:00,732--__main__--DEBUG---> 10.10.10.202 Configure SVI Interface 5
2020-08-13 05:17:00,733--__main__--DEBUG---> 10.10.10.204 Configure SVI Interface 8
2020-08-13 05:17:00,793--__main__--DEBUG---> 10.10.10.203 Configure SVI Interface 8
2020-08-13 05:17:00,793--__main__--ERROR---> 10.10.10.201 Invalid Command b'ip address 10.10.10.1 255.255.255.0\r\n' b'% Subnet 10.10.10.0 overlaps with existing subnet 10.10.10.0 of interface Management1\r\nArista1(config-if-Vl10)#interface vlan 11\r\nArista1(config-if-Vl11)#'
NoneType: None
2020-08-13 05:17:00,844--__main__--DEBUG---> 10.10.10.201 Configure SVI Interface 11
2020-08-13 05:17:00,900--__main__--DEBUG---> 10.10.10.204 Configure SVI Interface 9
2020-08-13 05:17:00,901--__main__--DEBUG---> 10.10.10.202 Configure SVI Interface 6
2020-08-13 05:17:00,950--__main__--DEBUG---> 10.10.10.203 Configure SVI Interface 9
2020-08-13 05:17:01,002--__main__--DEBUG---> 10.10.10.201 Configure SVI Interface 12
2020-08-13 05:17:01,053--__main__--DEBUG---> 10.10.10.202 Configure SVI Interface 7
2020-08-13 05:17:01,056--__main__--DEBUG---> 10.10.10.204 Configure SVI Interface 10
2020-08-13 05:17:01,107--__main__--DEBUG---> 10.10.10.203 Configure SVI Interface 10
2020-08-13 05:17:01,159--__main__--DEBUG---> 10.10.10.201 Configure SVI Interface 13
2020-08-13 05:17:01,159--__main__--ERROR---> 10.10.10.204 Invalid Command b'ip address 10.10.10.1 255.255.255.0\r\n' b'% Subnet 10.10.10.0 overlaps with existing subnet 10.10.10.0 of interface Management1\r\nArista4(config-if-Vl10)#interface vlan 11\r\nArista4(config-if-Vl11)#'
NoneType: None
2020-08-13 05:17:01,210--__main__--ERROR---> 10.10.10.203 Invalid Command b'ip address 10.10.10.1 255.255.255.0\r\n' b'% Subnet 10.10.10.0 overlaps with existing subnet 10.10.10.0 of interface Management1\r\nArista3(config-if-Vl10)#interface vlan 11\r\nArista3(config-if-Vl11)#'
NoneType: None
2020-08-13 05:17:01,211--__main__--DEBUG---> 10.10.10.202 Configure SVI Interface 8
2020-08-13 05:17:01,211--__main__--DEBUG---> 10.10.10.204 Configure SVI Interface 11
2020-08-13 05:17:01,263--__main__--DEBUG---> 10.10.10.203 Configure SVI Interface 11
2020-08-13 05:17:01,316--__main__--DEBUG---> 10.10.10.201 Configure SVI Interface 14
2020-08-13 05:17:01,366--__main__--DEBUG---> 10.10.10.202 Configure SVI Interface 9
2020-08-13 05:17:01,372--__main__--DEBUG---> 10.10.10.204 Configure SVI Interface 12
2020-08-13 05:17:01,426--__main__--DEBUG---> 10.10.10.203 Configure SVI Interface 12
2020-08-13 05:17:01,480--__main__--DEBUG---> 10.10.10.201 Configure SVI Interface 15
2020-08-13 05:17:01,531--__main__--DEBUG---> 10.10.10.204 Configure SVI Interface 13
2020-08-13 05:17:01,531--__main__--DEBUG---> 10.10.10.202 Configure SVI Interface 10
2020-08-13 05:17:01,582--__main__--DEBUG---> 10.10.10.203 Configure SVI Interface 13
2020-08-13 05:17:01,637--__main__--DEBUG---> 10.10.10.201 Configure SVI Interface 16
2020-08-13 05:17:01,637--__main__--ERROR---> 10.10.10.202 Invalid Command b'ip address 10.10.10.1 255.255.255.0\r\n' b'% Subnet 10.10.10.0 overlaps with existing subnet 10.10.10.0 of interface Management1\r\nArista2(config-if-Vl10)#interface vlan 11\r\nArista2(config-if-Vl11)#'
NoneType: None
2020-08-13 05:17:01,687--__main__--DEBUG---> 10.10.10.204 Configure SVI Interface 14
2020-08-13 05:17:01,689--__main__--DEBUG---> 10.10.10.202 Configure SVI Interface 11
2020-08-13 05:17:01,740--__main__--DEBUG---> 10.10.10.203 Configure SVI Interface 14
2020-08-13 05:17:01,792--__main__--DEBUG---> 10.10.10.201 Configure SVI Interface 17
2020-08-13 05:17:01,843--__main__--DEBUG---> 10.10.10.202 Configure SVI Interface 12
2020-08-13 05:17:01,844--__main__--DEBUG---> 10.10.10.204 Configure SVI Interface 15
2020-08-13 05:17:01,895--__main__--DEBUG---> 10.10.10.203 Configure SVI Interface 15
2020-08-13 05:17:01,947--__main__--DEBUG---> 10.10.10.201 Configure SVI Interface 18
2020-08-13 05:17:02,000--__main__--DEBUG---> 10.10.10.202 Configure SVI Interface 13
2020-08-13 05:17:02,001--__main__--DEBUG---> 10.10.10.204 Configure SVI Interface 16
2020-08-13 05:17:02,054--__main__--DEBUG---> 10.10.10.203 Configure SVI Interface 16
2020-08-13 05:17:02,106--__main__--DEBUG---> 10.10.10.201 Configure SVI Interface 19
2020-08-13 05:17:02,158--__main__--DEBUG---> 10.10.10.202 Configure SVI Interface 14
2020-08-13 05:17:02,158--__main__--DEBUG---> 10.10.10.204 Configure SVI Interface 17
2020-08-13 05:17:02,209--__main__--DEBUG---> 10.10.10.203 Configure SVI Interface 17
2020-08-13 05:17:02,260--__main__--DEBUG---> 10.10.10.201 Configure SVI Interface 20
2020-08-13 05:17:02,313--__main__--DEBUG---> 10.10.10.204 Configure SVI Interface 18
2020-08-13 05:17:02,314--__main__--DEBUG---> 10.10.10.202 Configure SVI Interface 15
2020-08-13 05:17:02,364--__main__--DEBUG---> 10.10.10.203 Configure SVI Interface 18
2020-08-13 05:17:02,418--__main__--DEBUG---> 10.10.10.201 Configure SVI Interface 21
2020-08-13 05:17:02,478--__main__--DEBUG---> 10.10.10.202 Configure SVI Interface 16
2020-08-13 05:17:02,479--__main__--DEBUG---> 10.10.10.204 Configure SVI Interface 19
2020-08-13 05:17:02,531--__main__--DEBUG---> 10.10.10.203 Configure SVI Interface 19
2020-08-13 05:17:02,583--__main__--DEBUG---> 10.10.10.201 Configure SVI Interface 22
2020-08-13 05:17:02,636--__main__--DEBUG---> 10.10.10.202 Configure SVI Interface 17
2020-08-13 05:17:02,639--__main__--DEBUG---> 10.10.10.204 Configure SVI Interface 20
2020-08-13 05:17:02,686--__main__--DEBUG---> 10.10.10.203 Configure SVI Interface 20
2020-08-13 05:17:02,739--__main__--DEBUG---> 10.10.10.201 Configure SVI Interface 23
2020-08-13 05:17:02,791--__main__--DEBUG---> 10.10.10.202 Configure SVI Interface 18
2020-08-13 05:17:02,795--__main__--DEBUG---> 10.10.10.204 Configure SVI Interface 21
2020-08-13 05:17:02,844--__main__--DEBUG---> 10.10.10.203 Configure SVI Interface 21
2020-08-13 05:17:02,898--__main__--DEBUG---> 10.10.10.201 Configure SVI Interface 24
2020-08-13 05:17:02,951--__main__--DEBUG---> 10.10.10.202 Configure SVI Interface 19
2020-08-13 05:17:02,952--__main__--DEBUG---> 10.10.10.204 Configure SVI Interface 22
2020-08-13 05:17:03,003--__main__--DEBUG---> 10.10.10.203 Configure SVI Interface 22
2020-08-13 05:17:03,057--__main__--DEBUG---> 10.10.10.201 Configure SVI Interface 25
2020-08-13 05:17:03,110--__main__--DEBUG---> 10.10.10.204 Configure SVI Interface 23
2020-08-13 05:17:03,112--__main__--DEBUG---> 10.10.10.202 Configure SVI Interface 20
2020-08-13 05:17:03,161--__main__--DEBUG---> 10.10.10.203 Configure SVI Interface 23
2020-08-13 05:17:03,213--__main__--DEBUG---> 10.10.10.201 Configure SVI Interface 26
2020-08-13 05:17:03,265--__main__--DEBUG---> 10.10.10.204 Configure SVI Interface 24
2020-08-13 05:17:03,265--__main__--DEBUG---> 10.10.10.202 Configure SVI Interface 21
2020-08-13 05:17:03,318--__main__--DEBUG---> 10.10.10.203 Configure SVI Interface 24
2020-08-13 05:17:03,381--__main__--DEBUG---> 10.10.10.201 Configure SVI Interface 27
2020-08-13 05:17:03,432--__main__--DEBUG---> 10.10.10.204 Configure SVI Interface 25
2020-08-13 05:17:03,433--__main__--DEBUG---> 10.10.10.202 Configure SVI Interface 22
2020-08-13 05:17:03,484--__main__--DEBUG---> 10.10.10.203 Configure SVI Interface 25
2020-08-13 05:17:03,537--__main__--DEBUG---> 10.10.10.201 Configure SVI Interface 28
2020-08-13 05:17:03,591--__main__--DEBUG---> 10.10.10.202 Configure SVI Interface 23
2020-08-13 05:17:03,595--__main__--DEBUG---> 10.10.10.204 Configure SVI Interface 26
2020-08-13 05:17:03,645--__main__--DEBUG---> 10.10.10.203 Configure SVI Interface 26
2020-08-13 05:17:03,698--__main__--DEBUG---> 10.10.10.201 Configure SVI Interface 29
2020-08-13 05:17:03,751--__main__--DEBUG---> 10.10.10.202 Configure SVI Interface 24
2020-08-13 05:17:03,752--__main__--DEBUG---> 10.10.10.204 Configure SVI Interface 27
2020-08-13 05:17:03,802--__main__--DEBUG---> 10.10.10.203 Configure SVI Interface 27
2020-08-13 05:17:03,854--__main__--DEBUG---> 10.10.10.201 Configure SVI Interface 30
2020-08-13 05:17:03,908--__main__--DEBUG---> 10.10.10.202 Configure SVI Interface 25
2020-08-13 05:17:03,909--__main__--DEBUG---> 10.10.10.204 Configure SVI Interface 28
2020-08-13 05:17:03,957--__main__--DEBUG---> 10.10.10.203 Configure SVI Interface 28
2020-08-13 05:17:04,009--__main__--DEBUG---> 10.10.10.201 Configure SVI Interface 31
2020-08-13 05:17:04,068--__main__--DEBUG---> 10.10.10.204 Configure SVI Interface 29
2020-08-13 05:17:04,068--__main__--DEBUG---> 10.10.10.202 Configure SVI Interface 26
2020-08-13 05:17:04,118--__main__--DEBUG---> 10.10.10.203 Configure SVI Interface 29
2020-08-13 05:17:04,171--__main__--DEBUG---> 10.10.10.201 Configure SVI Interface 32
2020-08-13 05:17:04,223--__main__--DEBUG---> 10.10.10.204 Configure SVI Interface 30
2020-08-13 05:17:04,224--__main__--DEBUG---> 10.10.10.202 Configure SVI Interface 27
2020-08-13 05:17:04,275--__main__--DEBUG---> 10.10.10.203 Configure SVI Interface 30
2020-08-13 05:17:04,327--__main__--DEBUG---> 10.10.10.201 Configure SVI Interface 33
2020-08-13 05:17:04,377--__main__--DEBUG---> 10.10.10.204 Configure SVI Interface 31
2020-08-13 05:17:04,379--__main__--DEBUG---> 10.10.10.202 Configure SVI Interface 28
2020-08-13 05:17:04,428--__main__--DEBUG---> 10.10.10.203 Configure SVI Interface 31
2020-08-13 05:17:04,480--__main__--DEBUG---> 10.10.10.201 Configure SVI Interface 34
2020-08-13 05:17:04,531--__main__--DEBUG---> 10.10.10.204 Configure SVI Interface 32
2020-08-13 05:17:04,540--__main__--DEBUG---> 10.10.10.202 Configure SVI Interface 29
2020-08-13 05:17:04,581--__main__--DEBUG---> 10.10.10.203 Configure SVI Interface 32
2020-08-13 05:17:04,632--__main__--DEBUG---> 10.10.10.201 Configure SVI Interface 35
2020-08-13 05:17:04,685--__main__--DEBUG---> 10.10.10.204 Configure SVI Interface 33
2020-08-13 05:17:04,693--__main__--DEBUG---> 10.10.10.202 Configure SVI Interface 30
2020-08-13 05:17:04,736--__main__--DEBUG---> 10.10.10.203 Configure SVI Interface 33
2020-08-13 05:17:04,788--__main__--DEBUG---> 10.10.10.201 Configure SVI Interface 36
2020-08-13 05:17:04,838--__main__--DEBUG---> 10.10.10.204 Configure SVI Interface 34
2020-08-13 05:17:04,845--__main__--DEBUG---> 10.10.10.202 Configure SVI Interface 31
2020-08-13 05:17:04,890--__main__--DEBUG---> 10.10.10.203 Configure SVI Interface 34
2020-08-13 05:17:04,940--__main__--DEBUG---> 10.10.10.201 Configure SVI Interface 37
2020-08-13 05:17:04,998--__main__--DEBUG---> 10.10.10.204 Configure SVI Interface 35
2020-08-13 05:17:04,999--__main__--DEBUG---> 10.10.10.202 Configure SVI Interface 32
2020-08-13 05:17:05,050--__main__--DEBUG---> 10.10.10.203 Configure SVI Interface 35
2020-08-13 05:17:05,098--__main__--DEBUG---> 10.10.10.201 Configure SVI Interface 38
2020-08-13 05:17:05,151--__main__--DEBUG---> 10.10.10.202 Configure SVI Interface 33
2020-08-13 05:17:05,153--__main__--DEBUG---> 10.10.10.204 Configure SVI Interface 36
2020-08-13 05:17:05,202--__main__--DEBUG---> 10.10.10.203 Configure SVI Interface 36
2020-08-13 05:17:05,251--__main__--DEBUG---> 10.10.10.201 Configure SVI Interface 39
2020-08-13 05:17:05,304--__main__--DEBUG---> 10.10.10.202 Configure SVI Interface 34
2020-08-13 05:17:05,307--__main__--DEBUG---> 10.10.10.204 Configure SVI Interface 37
2020-08-13 05:17:05,355--__main__--DEBUG---> 10.10.10.203 Configure SVI Interface 37
2020-08-13 05:17:05,405--__main__--DEBUG---> 10.10.10.201 Configure SVI Interface 40
2020-08-13 05:17:05,457--__main__--DEBUG---> 10.10.10.202 Configure SVI Interface 35
2020-08-13 05:17:05,461--__main__--DEBUG---> 10.10.10.204 Configure SVI Interface 38
2020-08-13 05:17:05,510--__main__--DEBUG---> 10.10.10.203 Configure SVI Interface 38
2020-08-13 05:17:05,562--__main__--DEBUG---> 10.10.10.201 Configure SVI Interface 41
2020-08-13 05:17:05,612--__main__--DEBUG---> 10.10.10.202 Configure SVI Interface 36
2020-08-13 05:17:05,620--__main__--DEBUG---> 10.10.10.204 Configure SVI Interface 39
2020-08-13 05:17:05,663--__main__--DEBUG---> 10.10.10.203 Configure SVI Interface 39
2020-08-13 05:17:05,715--__main__--DEBUG---> 10.10.10.201 Configure SVI Interface 42
2020-08-13 05:17:05,767--__main__--DEBUG---> 10.10.10.202 Configure SVI Interface 37
2020-08-13 05:17:05,773--__main__--DEBUG---> 10.10.10.204 Configure SVI Interface 40
2020-08-13 05:17:05,820--__main__--DEBUG---> 10.10.10.203 Configure SVI Interface 40
2020-08-13 05:17:05,874--__main__--DEBUG---> 10.10.10.201 Configure SVI Interface 43
2020-08-13 05:17:05,922--__main__--DEBUG---> 10.10.10.202 Configure SVI Interface 38
2020-08-13 05:17:05,925--__main__--DEBUG---> 10.10.10.204 Configure SVI Interface 41
2020-08-13 05:17:05,972--__main__--DEBUG---> 10.10.10.203 Configure SVI Interface 41
2020-08-13 05:17:06,027--__main__--DEBUG---> 10.10.10.201 Configure SVI Interface 44
2020-08-13 05:17:06,076--__main__--DEBUG---> 10.10.10.202 Configure SVI Interface 39
2020-08-13 05:17:06,078--__main__--DEBUG---> 10.10.10.204 Configure SVI Interface 42
2020-08-13 05:17:06,127--__main__--DEBUG---> 10.10.10.203 Configure SVI Interface 42
2020-08-13 05:17:06,180--__main__--DEBUG---> 10.10.10.201 Configure SVI Interface 45
2020-08-13 05:17:06,230--__main__--DEBUG---> 10.10.10.204 Configure SVI Interface 43
2020-08-13 05:17:06,231--__main__--DEBUG---> 10.10.10.202 Configure SVI Interface 40
2020-08-13 05:17:06,282--__main__--DEBUG---> 10.10.10.203 Configure SVI Interface 43
2020-08-13 05:17:06,336--__main__--DEBUG---> 10.10.10.201 Configure SVI Interface 46
2020-08-13 05:17:06,387--__main__--DEBUG---> 10.10.10.204 Configure SVI Interface 44
2020-08-13 05:17:06,388--__main__--DEBUG---> 10.10.10.202 Configure SVI Interface 41
2020-08-13 05:17:06,439--__main__--DEBUG---> 10.10.10.203 Configure SVI Interface 44
2020-08-13 05:17:06,491--__main__--DEBUG---> 10.10.10.201 Configure SVI Interface 47
2020-08-13 05:17:06,545--__main__--DEBUG---> 10.10.10.202 Configure SVI Interface 42
2020-08-13 05:17:06,545--__main__--DEBUG---> 10.10.10.204 Configure SVI Interface 45
2020-08-13 05:17:06,597--__main__--DEBUG---> 10.10.10.203 Configure SVI Interface 45
2020-08-13 05:17:06,647--__main__--DEBUG---> 10.10.10.201 Configure SVI Interface 48
2020-08-13 05:17:06,702--__main__--DEBUG---> 10.10.10.202 Configure SVI Interface 43
2020-08-13 05:17:06,702--__main__--DEBUG---> 10.10.10.204 Configure SVI Interface 46
2020-08-13 05:17:06,754--__main__--DEBUG---> 10.10.10.203 Configure SVI Interface 46
2020-08-13 05:17:06,805--__main__--DEBUG---> 10.10.10.201 Configure SVI Interface 49
2020-08-13 05:17:06,870--__main__--DEBUG---> 10.10.10.202 Configure SVI Interface 44
2020-08-13 05:17:06,871--__main__--DEBUG---> 10.10.10.204 Configure SVI Interface 47
2020-08-13 05:17:06,922--__main__--DEBUG---> 10.10.10.203 Configure SVI Interface 47
2020-08-13 05:17:06,973--__main__--DEBUG---> 10.10.10.201 Configure SVI Interface 50
2020-08-13 05:17:07,025--__main__--DEBUG---> 10.10.10.204 Configure SVI Interface 48
2020-08-13 05:17:07,026--__main__--DEBUG---> 10.10.10.202 Configure SVI Interface 45
2020-08-13 05:17:07,085--__main__--DEBUG---> 10.10.10.203 Configure SVI Interface 48
2020-08-13 05:17:07,136--__main__--DEBUG---> 10.10.10.201 Configure SVI Interface 51
2020-08-13 05:17:07,188--__main__--DEBUG---> 10.10.10.204 Configure SVI Interface 49
2020-08-13 05:17:07,189--__main__--DEBUG---> 10.10.10.202 Configure SVI Interface 46
2020-08-13 05:17:07,240--__main__--DEBUG---> 10.10.10.203 Configure SVI Interface 49
2020-08-13 05:17:07,290--__main__--DEBUG---> 10.10.10.201 Configure SVI Interface 52
2020-08-13 05:17:07,343--__main__--DEBUG---> 10.10.10.202 Configure SVI Interface 47
2020-08-13 05:17:07,343--__main__--DEBUG---> 10.10.10.204 Configure SVI Interface 50
2020-08-13 05:17:07,395--__main__--DEBUG---> 10.10.10.203 Configure SVI Interface 50
2020-08-13 05:17:07,443--__main__--DEBUG---> 10.10.10.201 Configure SVI Interface 53
2020-08-13 05:17:07,504--__main__--DEBUG---> 10.10.10.202 Configure SVI Interface 48
2020-08-13 05:17:07,504--__main__--DEBUG---> 10.10.10.204 Configure SVI Interface 51
2020-08-13 05:17:07,556--__main__--DEBUG---> 10.10.10.203 Configure SVI Interface 51
2020-08-13 05:17:07,602--__main__--DEBUG---> 10.10.10.201 Configure SVI Interface 54
2020-08-13 05:17:07,661--__main__--DEBUG---> 10.10.10.202 Configure SVI Interface 49
2020-08-13 05:17:07,661--__main__--DEBUG---> 10.10.10.204 Configure SVI Interface 52
2020-08-13 05:17:07,713--__main__--DEBUG---> 10.10.10.203 Configure SVI Interface 52
2020-08-13 05:17:07,766--__main__--DEBUG---> 10.10.10.201 Configure SVI Interface 55
2020-08-13 05:17:07,818--__main__--DEBUG---> 10.10.10.204 Configure SVI Interface 53
2020-08-13 05:17:07,818--__main__--DEBUG---> 10.10.10.202 Configure SVI Interface 50
2020-08-13 05:17:07,870--__main__--DEBUG---> 10.10.10.203 Configure SVI Interface 53
2020-08-13 05:17:07,922--__main__--DEBUG---> 10.10.10.201 Configure SVI Interface 56
2020-08-13 05:17:07,972--__main__--DEBUG---> 10.10.10.202 Configure SVI Interface 51
2020-08-13 05:17:07,973--__main__--DEBUG---> 10.10.10.204 Configure SVI Interface 54
2020-08-13 05:17:08,029--__main__--DEBUG---> 10.10.10.203 Configure SVI Interface 54
2020-08-13 05:17:08,082--__main__--DEBUG---> 10.10.10.201 Configure SVI Interface 57
2020-08-13 05:17:08,142--__main__--DEBUG---> 10.10.10.204 Configure SVI Interface 55
2020-08-13 05:17:08,142--__main__--DEBUG---> 10.10.10.202 Configure SVI Interface 52
2020-08-13 05:17:08,195--__main__--DEBUG---> 10.10.10.203 Configure SVI Interface 55
2020-08-13 05:17:08,247--__main__--DEBUG---> 10.10.10.201 Configure SVI Interface 58
2020-08-13 05:17:08,301--__main__--DEBUG---> 10.10.10.202 Configure SVI Interface 53
2020-08-13 05:17:08,302--__main__--DEBUG---> 10.10.10.204 Configure SVI Interface 56
2020-08-13 05:17:08,351--__main__--DEBUG---> 10.10.10.203 Configure SVI Interface 56
2020-08-13 05:17:08,403--__main__--DEBUG---> 10.10.10.201 Configure SVI Interface 59
2020-08-13 05:17:08,454--__main__--DEBUG---> 10.10.10.202 Configure SVI Interface 54
2020-08-13 05:17:08,455--__main__--DEBUG---> 10.10.10.204 Configure SVI Interface 57
2020-08-13 05:17:08,509--__main__--DEBUG---> 10.10.10.203 Configure SVI Interface 57
2020-08-13 05:17:08,561--__main__--DEBUG---> 10.10.10.201 Configure SVI Interface 60
2020-08-13 05:17:08,614--__main__--DEBUG---> 10.10.10.202 Configure SVI Interface 55
2020-08-13 05:17:08,615--__main__--DEBUG---> 10.10.10.204 Configure SVI Interface 58
2020-08-13 05:17:08,668--__main__--DEBUG---> 10.10.10.203 Configure SVI Interface 58
2020-08-13 05:17:08,721--__main__--DEBUG---> 10.10.10.201 Configure SVI Interface 61
2020-08-13 05:17:08,783--__main__--DEBUG---> 10.10.10.202 Configure SVI Interface 56
2020-08-13 05:17:08,783--__main__--DEBUG---> 10.10.10.204 Configure SVI Interface 59
2020-08-13 05:17:08,834--__main__--DEBUG---> 10.10.10.203 Configure SVI Interface 59
2020-08-13 05:17:08,888--__main__--DEBUG---> 10.10.10.201 Configure SVI Interface 62
2020-08-13 05:17:08,939--__main__--DEBUG---> 10.10.10.204 Configure SVI Interface 60
2020-08-13 05:17:08,939--__main__--DEBUG---> 10.10.10.202 Configure SVI Interface 57
2020-08-13 05:17:08,995--__main__--DEBUG---> 10.10.10.203 Configure SVI Interface 60
2020-08-13 05:17:09,046--__main__--DEBUG---> 10.10.10.201 Configure SVI Interface 63
2020-08-13 05:17:09,097--__main__--DEBUG---> 10.10.10.204 Configure SVI Interface 61
2020-08-13 05:17:09,097--__main__--DEBUG---> 10.10.10.202 Configure SVI Interface 58
2020-08-13 05:17:09,148--__main__--DEBUG---> 10.10.10.203 Configure SVI Interface 61
2020-08-13 05:17:09,200--__main__--DEBUG---> 10.10.10.201 Configure SVI Interface 64
2020-08-13 05:17:09,261--__main__--DEBUG---> 10.10.10.204 Configure SVI Interface 62
2020-08-13 05:17:09,261--__main__--DEBUG---> 10.10.10.202 Configure SVI Interface 59
2020-08-13 05:17:09,315--__main__--DEBUG---> 10.10.10.203 Configure SVI Interface 62
2020-08-13 05:17:09,367--__main__--DEBUG---> 10.10.10.201 Configure SVI Interface 65
2020-08-13 05:17:09,419--__main__--DEBUG---> 10.10.10.202 Configure SVI Interface 60
2020-08-13 05:17:09,421--__main__--DEBUG---> 10.10.10.204 Configure SVI Interface 63
2020-08-13 05:17:09,484--__main__--DEBUG---> 10.10.10.203 Configure SVI Interface 63
2020-08-13 05:17:09,536--__main__--DEBUG---> 10.10.10.201 Configure SVI Interface 66
2020-08-13 05:17:09,587--__main__--DEBUG---> 10.10.10.204 Configure SVI Interface 64
2020-08-13 05:17:09,588--__main__--DEBUG---> 10.10.10.202 Configure SVI Interface 61
2020-08-13 05:17:09,639--__main__--DEBUG---> 10.10.10.203 Configure SVI Interface 64
2020-08-13 05:17:09,690--__main__--DEBUG---> 10.10.10.201 Configure SVI Interface 67
2020-08-13 05:17:09,741--__main__--DEBUG---> 10.10.10.202 Configure SVI Interface 62
2020-08-13 05:17:09,742--__main__--DEBUG---> 10.10.10.204 Configure SVI Interface 65
2020-08-13 05:17:09,796--__main__--DEBUG---> 10.10.10.203 Configure SVI Interface 65
2020-08-13 05:17:09,847--__main__--DEBUG---> 10.10.10.201 Configure SVI Interface 68
2020-08-13 05:17:09,901--__main__--DEBUG---> 10.10.10.202 Configure SVI Interface 63
2020-08-13 05:17:09,902--__main__--DEBUG---> 10.10.10.204 Configure SVI Interface 66
2020-08-13 05:17:09,954--__main__--DEBUG---> 10.10.10.203 Configure SVI Interface 66
2020-08-13 05:17:10,006--__main__--DEBUG---> 10.10.10.201 Configure SVI Interface 69
2020-08-13 05:17:10,063--__main__--DEBUG---> 10.10.10.204 Configure SVI Interface 67
2020-08-13 05:17:10,065--__main__--DEBUG---> 10.10.10.202 Configure SVI Interface 64
2020-08-13 05:17:10,116--__main__--DEBUG---> 10.10.10.203 Configure SVI Interface 67
2020-08-13 05:17:10,166--__main__--DEBUG---> 10.10.10.201 Configure SVI Interface 70
2020-08-13 05:17:10,216--__main__--DEBUG---> 10.10.10.204 Configure SVI Interface 68
2020-08-13 05:17:10,218--__main__--DEBUG---> 10.10.10.202 Configure SVI Interface 65
2020-08-13 05:17:10,270--__main__--DEBUG---> 10.10.10.203 Configure SVI Interface 68
2020-08-13 05:17:10,370--__main__--DEBUG---> 10.10.10.204 Configure SVI Interface 69
2020-08-13 05:17:10,374--__main__--DEBUG---> 10.10.10.202 Configure SVI Interface 66
2020-08-13 05:17:10,424--__main__--DEBUG---> 10.10.10.203 Configure SVI Interface 69
2020-08-13 05:17:10,522--__main__--DEBUG---> 10.10.10.204 Configure SVI Interface 70
2020-08-13 05:17:10,527--__main__--DEBUG---> 10.10.10.202 Configure SVI Interface 67
2020-08-13 05:17:10,589--__main__--DEBUG---> 10.10.10.203 Configure SVI Interface 70
2020-08-13 05:17:10,702--__main__--DEBUG---> 10.10.10.204 Configure SVI Interface 71
2020-08-13 05:17:10,702--__main__--DEBUG---> 10.10.10.202 Configure SVI Interface 68
2020-08-13 05:17:10,754--__main__--DEBUG---> 10.10.10.203 Configure SVI Interface 71
2020-08-13 05:17:10,803--__main__--DEBUG---> 10.10.10.201 Configure SVI Interface 71
2020-08-13 05:17:10,855--__main__--DEBUG---> 10.10.10.202 Configure SVI Interface 69
2020-08-13 05:17:10,855--__main__--DEBUG---> 10.10.10.204 Configure SVI Interface 72
2020-08-13 05:17:10,907--__main__--DEBUG---> 10.10.10.203 Configure SVI Interface 72
2020-08-13 05:17:10,956--__main__--DEBUG---> 10.10.10.201 Configure SVI Interface 72
2020-08-13 05:17:11,007--__main__--DEBUG---> 10.10.10.204 Configure SVI Interface 73
2020-08-13 05:17:11,008--__main__--DEBUG---> 10.10.10.202 Configure SVI Interface 70
2020-08-13 05:17:11,062--__main__--DEBUG---> 10.10.10.203 Configure SVI Interface 73
2020-08-13 05:17:11,121--__main__--DEBUG---> 10.10.10.201 Configure SVI Interface 73
2020-08-13 05:17:11,186--__main__--DEBUG---> 10.10.10.202 Configure SVI Interface 71
2020-08-13 05:17:11,186--__main__--DEBUG---> 10.10.10.204 Configure SVI Interface 74
2020-08-13 05:17:11,238--__main__--DEBUG---> 10.10.10.203 Configure SVI Interface 74
2020-08-13 05:17:11,290--__main__--DEBUG---> 10.10.10.201 Configure SVI Interface 74
2020-08-13 05:17:11,343--__main__--DEBUG---> 10.10.10.202 Configure SVI Interface 72
2020-08-13 05:17:11,344--__main__--DEBUG---> 10.10.10.204 Configure SVI Interface 75
2020-08-13 05:17:11,395--__main__--DEBUG---> 10.10.10.203 Configure SVI Interface 75
2020-08-13 05:17:11,447--__main__--DEBUG---> 10.10.10.201 Configure SVI Interface 75
2020-08-13 05:17:11,499--__main__--DEBUG---> 10.10.10.204 Configure SVI Interface 76
2020-08-13 05:17:11,501--__main__--DEBUG---> 10.10.10.202 Configure SVI Interface 73
2020-08-13 05:17:11,556--__main__--DEBUG---> 10.10.10.203 Configure SVI Interface 76
2020-08-13 05:17:11,608--__main__--DEBUG---> 10.10.10.201 Configure SVI Interface 76
2020-08-13 05:17:11,660--__main__--DEBUG---> 10.10.10.204 Configure SVI Interface 77
2020-08-13 05:17:11,661--__main__--DEBUG---> 10.10.10.202 Configure SVI Interface 74
2020-08-13 05:17:11,711--__main__--DEBUG---> 10.10.10.203 Configure SVI Interface 77
2020-08-13 05:17:11,766--__main__--DEBUG---> 10.10.10.201 Configure SVI Interface 77
2020-08-13 05:17:11,814--__main__--DEBUG---> 10.10.10.204 Configure SVI Interface 78
2020-08-13 05:17:11,816--__main__--DEBUG---> 10.10.10.202 Configure SVI Interface 75
2020-08-13 05:17:11,868--__main__--DEBUG---> 10.10.10.203 Configure SVI Interface 78
2020-08-13 05:17:11,918--__main__--DEBUG---> 10.10.10.201 Configure SVI Interface 78
2020-08-13 05:17:11,970--__main__--DEBUG---> 10.10.10.202 Configure SVI Interface 76
2020-08-13 05:17:11,971--__main__--DEBUG---> 10.10.10.204 Configure SVI Interface 79
2020-08-13 05:17:12,028--__main__--DEBUG---> 10.10.10.203 Configure SVI Interface 79
2020-08-13 05:17:12,084--__main__--DEBUG---> 10.10.10.201 Configure SVI Interface 79
2020-08-13 05:17:12,141--__main__--DEBUG---> 10.10.10.204 Configure SVI Interface 80
2020-08-13 05:17:12,142--__main__--DEBUG---> 10.10.10.202 Configure SVI Interface 77
2020-08-13 05:17:12,192--__main__--DEBUG---> 10.10.10.203 Configure SVI Interface 80
2020-08-13 05:17:12,242--__main__--DEBUG---> 10.10.10.201 Configure SVI Interface 80
2020-08-13 05:17:12,294--__main__--DEBUG---> 10.10.10.204 Configure SVI Interface 81
2020-08-13 05:17:12,296--__main__--DEBUG---> 10.10.10.202 Configure SVI Interface 78
2020-08-13 05:17:12,346--__main__--DEBUG---> 10.10.10.203 Configure SVI Interface 81
2020-08-13 05:17:12,397--__main__--DEBUG---> 10.10.10.201 Configure SVI Interface 81
2020-08-13 05:17:12,449--__main__--DEBUG---> 10.10.10.204 Configure SVI Interface 82
2020-08-13 05:17:12,451--__main__--DEBUG---> 10.10.10.202 Configure SVI Interface 79
2020-08-13 05:17:12,500--__main__--DEBUG---> 10.10.10.203 Configure SVI Interface 82
2020-08-13 05:17:12,551--__main__--DEBUG---> 10.10.10.201 Configure SVI Interface 82
2020-08-13 05:17:12,603--__main__--DEBUG---> 10.10.10.204 Configure SVI Interface 83
2020-08-13 05:17:12,605--__main__--DEBUG---> 10.10.10.202 Configure SVI Interface 80
2020-08-13 05:17:12,659--__main__--DEBUG---> 10.10.10.203 Configure SVI Interface 83
2020-08-13 05:17:12,711--__main__--DEBUG---> 10.10.10.201 Configure SVI Interface 83
2020-08-13 05:17:12,765--__main__--DEBUG---> 10.10.10.204 Configure SVI Interface 84
2020-08-13 05:17:12,765--__main__--DEBUG---> 10.10.10.202 Configure SVI Interface 81
2020-08-13 05:17:12,822--__main__--DEBUG---> 10.10.10.203 Configure SVI Interface 84
2020-08-13 05:17:12,875--__main__--DEBUG---> 10.10.10.201 Configure SVI Interface 84
2020-08-13 05:17:12,931--__main__--DEBUG---> 10.10.10.204 Configure SVI Interface 85
2020-08-13 05:17:12,933--__main__--DEBUG---> 10.10.10.202 Configure SVI Interface 82
2020-08-13 05:17:12,985--__main__--DEBUG---> 10.10.10.203 Configure SVI Interface 85
2020-08-13 05:17:13,037--__main__--DEBUG---> 10.10.10.201 Configure SVI Interface 85
2020-08-13 05:17:13,086--__main__--DEBUG---> 10.10.10.204 Configure SVI Interface 86
2020-08-13 05:17:13,095--__main__--DEBUG---> 10.10.10.202 Configure SVI Interface 83
2020-08-13 05:17:13,138--__main__--DEBUG---> 10.10.10.203 Configure SVI Interface 86
2020-08-13 05:17:13,196--__main__--DEBUG---> 10.10.10.201 Configure SVI Interface 86
2020-08-13 05:17:13,250--__main__--DEBUG---> 10.10.10.204 Configure SVI Interface 87
2020-08-13 05:17:13,250--__main__--DEBUG---> 10.10.10.202 Configure SVI Interface 84
2020-08-13 05:17:13,302--__main__--DEBUG---> 10.10.10.203 Configure SVI Interface 87
2020-08-13 05:17:13,355--__main__--DEBUG---> 10.10.10.201 Configure SVI Interface 87
2020-08-13 05:17:13,414--__main__--DEBUG---> 10.10.10.204 Configure SVI Interface 88
2020-08-13 05:17:13,415--__main__--DEBUG---> 10.10.10.202 Configure SVI Interface 85
2020-08-13 05:17:13,473--__main__--DEBUG---> 10.10.10.203 Configure SVI Interface 88
2020-08-13 05:17:13,536--__main__--DEBUG---> 10.10.10.201 Configure SVI Interface 88
2020-08-13 05:17:13,594--__main__--DEBUG---> 10.10.10.204 Configure SVI Interface 89
2020-08-13 05:17:13,594--__main__--DEBUG---> 10.10.10.202 Configure SVI Interface 86
2020-08-13 05:17:13,646--__main__--DEBUG---> 10.10.10.203 Configure SVI Interface 89
2020-08-13 05:17:13,711--__main__--DEBUG---> 10.10.10.201 Configure SVI Interface 89
2020-08-13 05:17:13,762--__main__--DEBUG---> 10.10.10.202 Configure SVI Interface 87
2020-08-13 05:17:13,769--__main__--DEBUG---> 10.10.10.204 Configure SVI Interface 90
2020-08-13 05:17:13,818--__main__--DEBUG---> 10.10.10.203 Configure SVI Interface 90
2020-08-13 05:17:13,866--__main__--DEBUG---> 10.10.10.201 Configure SVI Interface 90
2020-08-13 05:17:13,918--__main__--DEBUG---> 10.10.10.202 Configure SVI Interface 88
2020-08-13 05:17:13,922--__main__--DEBUG---> 10.10.10.204 Configure SVI Interface 91
2020-08-13 05:17:13,970--__main__--DEBUG---> 10.10.10.203 Configure SVI Interface 91
2020-08-13 05:17:14,024--__main__--DEBUG---> 10.10.10.201 Configure SVI Interface 91
2020-08-13 05:17:14,078--__main__--DEBUG---> 10.10.10.202 Configure SVI Interface 89
2020-08-13 05:17:14,080--__main__--DEBUG---> 10.10.10.204 Configure SVI Interface 92
2020-08-13 05:17:14,129--__main__--DEBUG---> 10.10.10.203 Configure SVI Interface 92
2020-08-13 05:17:14,186--__main__--DEBUG---> 10.10.10.201 Configure SVI Interface 92
2020-08-13 05:17:14,238--__main__--DEBUG---> 10.10.10.204 Configure SVI Interface 93
2020-08-13 05:17:14,240--__main__--DEBUG---> 10.10.10.202 Configure SVI Interface 90
2020-08-13 05:17:14,289--__main__--DEBUG---> 10.10.10.203 Configure SVI Interface 93
2020-08-13 05:17:14,351--__main__--DEBUG---> 10.10.10.201 Configure SVI Interface 93
2020-08-13 05:17:14,403--__main__--DEBUG---> 10.10.10.204 Configure SVI Interface 94
2020-08-13 05:17:14,405--__main__--DEBUG---> 10.10.10.202 Configure SVI Interface 91
2020-08-13 05:17:14,455--__main__--DEBUG---> 10.10.10.203 Configure SVI Interface 94
2020-08-13 05:17:14,506--__main__--DEBUG---> 10.10.10.201 Configure SVI Interface 94
2020-08-13 05:17:14,560--__main__--DEBUG---> 10.10.10.202 Configure SVI Interface 92
2020-08-13 05:17:14,561--__main__--DEBUG---> 10.10.10.204 Configure SVI Interface 95
2020-08-13 05:17:14,615--__main__--DEBUG---> 10.10.10.203 Configure SVI Interface 95
2020-08-13 05:17:14,669--__main__--DEBUG---> 10.10.10.201 Configure SVI Interface 95
2020-08-13 05:17:14,721--__main__--DEBUG---> 10.10.10.204 Configure SVI Interface 96
2020-08-13 05:17:14,721--__main__--DEBUG---> 10.10.10.202 Configure SVI Interface 93
2020-08-13 05:17:14,778--__main__--DEBUG---> 10.10.10.203 Configure SVI Interface 96
2020-08-13 05:17:14,835--__main__--DEBUG---> 10.10.10.201 Configure SVI Interface 96
2020-08-13 05:17:14,886--__main__--DEBUG---> 10.10.10.204 Configure SVI Interface 97
2020-08-13 05:17:14,888--__main__--DEBUG---> 10.10.10.202 Configure SVI Interface 94
2020-08-13 05:17:14,938--__main__--DEBUG---> 10.10.10.203 Configure SVI Interface 97
2020-08-13 05:17:14,989--__main__--DEBUG---> 10.10.10.201 Configure SVI Interface 97
2020-08-13 05:17:15,042--__main__--DEBUG---> 10.10.10.204 Configure SVI Interface 98
2020-08-13 05:17:15,045--__main__--DEBUG---> 10.10.10.202 Configure SVI Interface 95
2020-08-13 05:17:15,094--__main__--DEBUG---> 10.10.10.203 Configure SVI Interface 98
2020-08-13 05:17:15,145--__main__--DEBUG---> 10.10.10.201 Configure SVI Interface 98
2020-08-13 05:17:15,204--__main__--DEBUG---> 10.10.10.204 Configure SVI Interface 99
2020-08-13 05:17:15,213--__main__--DEBUG---> 10.10.10.202 Configure SVI Interface 96
2020-08-13 05:17:15,254--__main__--DEBUG---> 10.10.10.203 Configure SVI Interface 99
2020-08-13 05:17:15,308--__main__--DEBUG---> 10.10.10.201 Configure SVI Interface 99
2020-08-13 05:17:15,358--__main__--DEBUG---> 10.10.10.204 Configure SVI Interface 100
2020-08-13 05:17:15,367--__main__--DEBUG---> 10.10.10.202 Configure SVI Interface 97
2020-08-13 05:17:15,410--__main__--DEBUG---> 10.10.10.203 Configure SVI Interface 100
2020-08-13 05:17:15,460--__main__--DEBUG---> 10.10.10.201 Configure SVI Interface 100
2020-08-13 05:17:15,521--__main__--DEBUG---> 10.10.10.202 Configure SVI Interface 98
2020-08-13 05:17:15,682--__main__--DEBUG---> 10.10.10.202 Configure SVI Interface 99
2020-08-13 05:17:15,839--__main__--DEBUG---> 10.10.10.202 Configure SVI Interface 100
2020-08-13 05:17:17,481--__main__--DEBUG---> 10.10.10.204 Save Configuration
2020-08-13 05:17:17,520--__main__--DEBUG---> 10.10.10.203 Save Configuration
2020-08-13 05:17:17,567--__main__--DEBUG---> 10.10.10.201 Save Configuration
2020-08-13 05:17:17,951--__main__--DEBUG---> 10.10.10.202 Save Configuration
2020-08-13 05:17:18,533--__main__--DEBUG---> b'#'
2020-08-13 05:17:18,575--__main__--DEBUG---> b'#'
2020-08-13 05:17:18,623--__main__--DEBUG---> b'#'
2020-08-13 05:17:18,634--__main__--DEBUG---> 10.10.10.204 Close Connection
2020-08-13 05:17:18,677--__main__--DEBUG---> 10.10.10.203 Close Connection
2020-08-13 05:17:18,727--__main__--DEBUG---> 10.10.10.201 Close Connection
2020-08-13 05:17:19,004--__main__--DEBUG---> b'#'
2020-08-13 05:17:19,107--__main__--DEBUG---> 10.10.10.202 Close Connection
2020-08-13 05:21:14,807--__main__--DEBUG---> Connect to 10.10.10.201 via SSH
2020-08-13 05:21:15,126--__main__--DEBUG---> Save 10.10.10.201 key to known_hosts file
2020-08-13 05:21:15,175--__main__--DEBUG---> Connect to 10.10.10.204 via SSH
2020-08-13 05:21:15,250--__main__--DEBUG---> Connect to 10.10.10.203 via SSH
2020-08-13 05:21:15,315--__main__--DEBUG---> Connect to 10.10.10.202 via SSH
2020-08-13 05:21:15,536--__main__--DEBUG---> Save 10.10.10.203 key to known_hosts file
2020-08-13 05:21:15,614--__main__--DEBUG---> Save 10.10.10.202 key to known_hosts file
2020-08-13 05:21:15,686--__main__--DEBUG---> Save 10.10.10.204 key to known_hosts file
2020-08-13 05:21:18,363--__main__--DEBUG---> 10.10.10.201 Password Accepted
2020-08-13 05:21:18,433--__main__--DEBUG---> 10.10.10.201 Disable Terminal Lenght
2020-08-13 05:21:18,498--__main__--DEBUG---> 10.10.10.201 Enable Execution Mode
2020-08-13 05:21:18,601--__main__--DEBUG---> 10.10.10.201 Enable Configuration Mode
2020-08-13 05:21:18,664--__main__--ERROR---> 10.10.10.201 Invalid Command b'interface vlan 0\r\n' b'% Incomplete command\r\n'
NoneType: None
2020-08-13 05:21:18,772--__main__--ERROR---> 10.10.10.201 Invalid Command b'description SVI_0\r\nip address 10.10.0.1 255.255.255.0\r\n' b'% Invalid input\r\n'
NoneType: None
2020-08-13 05:21:18,772--__main__--DEBUG---> 10.10.10.201 Configure SVI Interface 0
2020-08-13 05:21:18,877--__main__--DEBUG---> 10.10.10.203 Password Accepted
2020-08-13 05:21:18,880--__main__--ERROR---> 10.10.10.201 Invalid Command b'ip address 10.10.0.1 255.255.255.0\r\ninterface vlan 1\r\n' b'% Invalid input\r\nArista1(config)#interface vlan 1\r\nArista1(config-if-Vl1)#'
NoneType: None
2020-08-13 05:21:18,932--__main__--DEBUG---> 10.10.10.201 Configure SVI Interface 1
2020-08-13 05:21:18,941--__main__--DEBUG---> 10.10.10.203 Disable Terminal Lenght
2020-08-13 05:21:18,959--__main__--DEBUG---> 10.10.10.204 Password Accepted
2020-08-13 05:21:19,003--__main__--DEBUG---> 10.10.10.203 Enable Execution Mode
2020-08-13 05:21:19,013--__main__--DEBUG---> 10.10.10.202 Password Accepted
2020-08-13 05:21:19,033--__main__--DEBUG---> 10.10.10.204 Disable Terminal Lenght
2020-08-13 05:21:19,082--__main__--DEBUG---> 10.10.10.202 Disable Terminal Lenght
2020-08-13 05:21:19,098--__main__--DEBUG---> 10.10.10.201 Configure SVI Interface 2
2020-08-13 05:21:19,098--__main__--DEBUG---> 10.10.10.204 Enable Execution Mode
2020-08-13 05:21:19,109--__main__--DEBUG---> 10.10.10.203 Enable Configuration Mode
2020-08-13 05:21:19,158--__main__--DEBUG---> 10.10.10.202 Enable Execution Mode
2020-08-13 05:21:19,169--__main__--ERROR---> 10.10.10.203 Invalid Command b'interface vlan 0\r\n' b'% Incomplete command'
NoneType: None
2020-08-13 05:21:19,202--__main__--DEBUG---> 10.10.10.204 Enable Configuration Mode
2020-08-13 05:21:19,255--__main__--DEBUG---> 10.10.10.201 Configure SVI Interface 3
2020-08-13 05:21:19,267--__main__--ERROR---> 10.10.10.204 Invalid Command b'interface vlan 0\r\n' b'% Incomplete command\r\n'
NoneType: None
2020-08-13 05:21:19,271--__main__--ERROR---> 10.10.10.203 Invalid Command b'description SVI_0\r\n' b'% Invalid input\r\nArista3(config)#'
NoneType: None
2020-08-13 05:21:19,272--__main__--DEBUG---> 10.10.10.203 Configure SVI Interface 0
2020-08-13 05:21:19,275--__main__--DEBUG---> 10.10.10.202 Enable Configuration Mode
2020-08-13 05:21:19,336--__main__--ERROR---> 10.10.10.202 Invalid Command b'interface vlan 0\r\n' b'% Incomplete command\r\n'
NoneType: None
2020-08-13 05:21:19,343--__main__--ERROR---> 10.10.10.203 Invalid Command b'ip address 10.10.0.1 255.255.255.0\r\ninterface vlan 1\r\n' b'% Invalid input\r\n'
NoneType: None
2020-08-13 05:21:19,369--__main__--ERROR---> 10.10.10.204 Invalid Command b'description SVI_0\r\n' b'% Invalid input\r\nArista4(config)#'
NoneType: None
2020-08-13 05:21:19,370--__main__--DEBUG---> 10.10.10.204 Configure SVI Interface 0
2020-08-13 05:21:19,411--__main__--DEBUG---> 10.10.10.201 Configure SVI Interface 4
2020-08-13 05:21:19,441--__main__--ERROR---> 10.10.10.202 Invalid Command b'description SVI_0\r\n' b'% Invalid input\r\nArista2(config)#'
NoneType: None
2020-08-13 05:21:19,442--__main__--DEBUG---> 10.10.10.202 Configure SVI Interface 0
2020-08-13 05:21:19,445--__main__--DEBUG---> 10.10.10.203 Configure SVI Interface 1
2020-08-13 05:21:19,447--__main__--ERROR---> 10.10.10.204 Invalid Command b'ip address 10.10.0.1 255.255.255.0\r\ninterface vlan 1\r\n' b'% Invalid input\r\n'
NoneType: None
2020-08-13 05:21:19,513--__main__--ERROR---> 10.10.10.202 Invalid Command b'ip address 10.10.0.1 255.255.255.0\r\ninterface vlan 1\r\n' b'% Invalid input\r\n'
NoneType: None
2020-08-13 05:21:19,549--__main__--DEBUG---> 10.10.10.204 Configure SVI Interface 1
2020-08-13 05:21:19,566--__main__--DEBUG---> 10.10.10.201 Configure SVI Interface 5
2020-08-13 05:21:19,598--__main__--DEBUG---> 10.10.10.203 Configure SVI Interface 2
2020-08-13 05:21:19,617--__main__--DEBUG---> 10.10.10.202 Configure SVI Interface 1
2020-08-13 05:21:19,702--__main__--DEBUG---> 10.10.10.204 Configure SVI Interface 2
2020-08-13 05:21:19,720--__main__--DEBUG---> 10.10.10.201 Configure SVI Interface 6
2020-08-13 05:21:19,753--__main__--DEBUG---> 10.10.10.203 Configure SVI Interface 3
2020-08-13 05:21:19,772--__main__--DEBUG---> 10.10.10.202 Configure SVI Interface 2
2020-08-13 05:21:19,856--__main__--DEBUG---> 10.10.10.204 Configure SVI Interface 3
2020-08-13 05:21:19,876--__main__--DEBUG---> 10.10.10.201 Configure SVI Interface 7
2020-08-13 05:21:19,907--__main__--DEBUG---> 10.10.10.203 Configure SVI Interface 4
2020-08-13 05:21:19,927--__main__--DEBUG---> 10.10.10.202 Configure SVI Interface 3
2020-08-13 05:21:20,009--__main__--DEBUG---> 10.10.10.204 Configure SVI Interface 4
2020-08-13 05:21:20,033--__main__--DEBUG---> 10.10.10.201 Configure SVI Interface 8
2020-08-13 05:21:20,060--__main__--DEBUG---> 10.10.10.203 Configure SVI Interface 5
2020-08-13 05:21:20,083--__main__--DEBUG---> 10.10.10.202 Configure SVI Interface 4
2020-08-13 05:21:20,167--__main__--DEBUG---> 10.10.10.204 Configure SVI Interface 5
2020-08-13 05:21:20,186--__main__--DEBUG---> 10.10.10.201 Configure SVI Interface 9
2020-08-13 05:21:20,218--__main__--DEBUG---> 10.10.10.203 Configure SVI Interface 6
2020-08-13 05:21:20,236--__main__--DEBUG---> 10.10.10.202 Configure SVI Interface 5
2020-08-13 05:21:20,320--__main__--DEBUG---> 10.10.10.204 Configure SVI Interface 6
2020-08-13 05:21:20,339--__main__--DEBUG---> 10.10.10.201 Configure SVI Interface 10
2020-08-13 05:21:20,374--__main__--DEBUG---> 10.10.10.203 Configure SVI Interface 7
2020-08-13 05:21:20,391--__main__--ERROR---> 10.10.10.201 Invalid Command b'ip address 10.10.10.1 255.255.255.0\r\n' b'% Subnet 10.10.10.0 overlaps with existing subnet 10.10.10.0 of interface Management1\r\nArista1(config-if-Vl10)#'
NoneType: None
2020-08-13 05:21:20,391--__main__--DEBUG---> 10.10.10.202 Configure SVI Interface 6
2020-08-13 05:21:20,478--__main__--DEBUG---> 10.10.10.204 Configure SVI Interface 7
2020-08-13 05:21:20,495--__main__--DEBUG---> 10.10.10.201 Configure SVI Interface 11
2020-08-13 05:21:20,533--__main__--DEBUG---> 10.10.10.203 Configure SVI Interface 8
2020-08-13 05:21:20,546--__main__--DEBUG---> 10.10.10.202 Configure SVI Interface 7
2020-08-13 05:21:20,638--__main__--DEBUG---> 10.10.10.204 Configure SVI Interface 8
2020-08-13 05:21:20,648--__main__--DEBUG---> 10.10.10.201 Configure SVI Interface 12
2020-08-13 05:21:20,690--__main__--DEBUG---> 10.10.10.203 Configure SVI Interface 9
2020-08-13 05:21:20,698--__main__--DEBUG---> 10.10.10.202 Configure SVI Interface 8
2020-08-13 05:21:20,795--__main__--DEBUG---> 10.10.10.204 Configure SVI Interface 9
2020-08-13 05:21:20,801--__main__--DEBUG---> 10.10.10.201 Configure SVI Interface 13
2020-08-13 05:21:20,846--__main__--DEBUG---> 10.10.10.203 Configure SVI Interface 10
2020-08-13 05:21:20,851--__main__--DEBUG---> 10.10.10.202 Configure SVI Interface 9
2020-08-13 05:21:20,962--__main__--DEBUG---> 10.10.10.201 Configure SVI Interface 14
2020-08-13 05:21:20,963--__main__--ERROR---> 10.10.10.203 Invalid Command b'ip address 10.10.10.1 255.255.255.0\r\n' b'% Subnet 10.10.10.0 overlaps with existing subnet 10.10.10.0 of interface Management1\r\nArista3(config-if-Vl10)#interface vlan 11\r\nArista3(config-if-Vl11)#'
NoneType: None
2020-08-13 05:21:20,963--__main__--DEBUG---> 10.10.10.204 Configure SVI Interface 10
2020-08-13 05:21:21,013--__main__--DEBUG---> 10.10.10.202 Configure SVI Interface 10
2020-08-13 05:21:21,013--__main__--DEBUG---> 10.10.10.203 Configure SVI Interface 11
2020-08-13 05:21:21,075--__main__--ERROR---> 10.10.10.204 Invalid Command b'ip address 10.10.10.1 255.255.255.0\r\n' b'% Subnet 10.10.10.0 overlaps with existing subnet 10.10.10.0 of interface Management1\r\nArista4(config-if-Vl10)#interface vlan 11\r\nArista4(config-if-Vl11)#'
NoneType: None
2020-08-13 05:21:21,126--__main__--ERROR---> 10.10.10.202 Invalid Command b'ip address 10.10.10.1 255.255.255.0\r\n' b'% Subnet 10.10.10.0 overlaps with existing subnet 10.10.10.0 of interface Management1\r\nArista2(config-if-Vl10)#interface vlan 11\r\nArista2(config-if-Vl11)#'
NoneType: None
2020-08-13 05:21:21,127--__main__--DEBUG---> 10.10.10.204 Configure SVI Interface 11
2020-08-13 05:21:21,128--__main__--DEBUG---> 10.10.10.201 Configure SVI Interface 15
2020-08-13 05:21:21,181--__main__--DEBUG---> 10.10.10.202 Configure SVI Interface 11
2020-08-13 05:21:21,187--__main__--DEBUG---> 10.10.10.203 Configure SVI Interface 12
2020-08-13 05:21:21,282--__main__--DEBUG---> 10.10.10.201 Configure SVI Interface 16
2020-08-13 05:21:21,282--__main__--DEBUG---> 10.10.10.204 Configure SVI Interface 12
2020-08-13 05:21:21,341--__main__--DEBUG---> 10.10.10.202 Configure SVI Interface 12
2020-08-13 05:21:21,342--__main__--DEBUG---> 10.10.10.203 Configure SVI Interface 13
2020-08-13 05:21:21,436--__main__--DEBUG---> 10.10.10.201 Configure SVI Interface 17
2020-08-13 05:21:21,436--__main__--DEBUG---> 10.10.10.204 Configure SVI Interface 13
2020-08-13 05:21:21,495--__main__--DEBUG---> 10.10.10.202 Configure SVI Interface 13
2020-08-13 05:21:21,496--__main__--DEBUG---> 10.10.10.203 Configure SVI Interface 14
2020-08-13 05:21:21,601--__main__--DEBUG---> 10.10.10.204 Configure SVI Interface 14
2020-08-13 05:21:21,601--__main__--DEBUG---> 10.10.10.201 Configure SVI Interface 18
2020-08-13 05:21:21,652--__main__--DEBUG---> 10.10.10.202 Configure SVI Interface 14
2020-08-13 05:21:21,652--__main__--DEBUG---> 10.10.10.203 Configure SVI Interface 15
2020-08-13 05:21:21,754--__main__--DEBUG---> 10.10.10.204 Configure SVI Interface 15
2020-08-13 05:21:21,754--__main__--DEBUG---> 10.10.10.201 Configure SVI Interface 19
2020-08-13 05:21:21,808--__main__--DEBUG---> 10.10.10.202 Configure SVI Interface 15
2020-08-13 05:21:21,809--__main__--DEBUG---> 10.10.10.203 Configure SVI Interface 16
2020-08-13 05:21:21,918--__main__--DEBUG---> 10.10.10.204 Configure SVI Interface 16
2020-08-13 05:21:21,918--__main__--DEBUG---> 10.10.10.201 Configure SVI Interface 20
2020-08-13 05:21:21,972--__main__--DEBUG---> 10.10.10.202 Configure SVI Interface 16
2020-08-13 05:21:21,972--__main__--DEBUG---> 10.10.10.203 Configure SVI Interface 17
2020-08-13 05:21:22,081--__main__--DEBUG---> 10.10.10.201 Configure SVI Interface 21
2020-08-13 05:21:22,082--__main__--DEBUG---> 10.10.10.204 Configure SVI Interface 17
2020-08-13 05:21:22,133--__main__--DEBUG---> 10.10.10.203 Configure SVI Interface 18
2020-08-13 05:21:22,134--__main__--DEBUG---> 10.10.10.202 Configure SVI Interface 17
2020-08-13 05:21:22,252--__main__--DEBUG---> 10.10.10.204 Configure SVI Interface 18
2020-08-13 05:21:22,253--__main__--DEBUG---> 10.10.10.201 Configure SVI Interface 22
2020-08-13 05:21:22,315--__main__--DEBUG---> 10.10.10.203 Configure SVI Interface 19
2020-08-13 05:21:22,316--__main__--DEBUG---> 10.10.10.202 Configure SVI Interface 18
2020-08-13 05:21:22,417--__main__--DEBUG---> 10.10.10.204 Configure SVI Interface 19
2020-08-13 05:21:22,418--__main__--DEBUG---> 10.10.10.201 Configure SVI Interface 23
2020-08-13 05:21:22,472--__main__--DEBUG---> 10.10.10.202 Configure SVI Interface 19
2020-08-13 05:21:22,473--__main__--DEBUG---> 10.10.10.203 Configure SVI Interface 20
2020-08-13 05:21:22,585--__main__--DEBUG---> 10.10.10.204 Configure SVI Interface 20
2020-08-13 05:21:22,585--__main__--DEBUG---> 10.10.10.201 Configure SVI Interface 24
2020-08-13 05:21:22,643--__main__--DEBUG---> 10.10.10.202 Configure SVI Interface 20
2020-08-13 05:21:22,643--__main__--DEBUG---> 10.10.10.203 Configure SVI Interface 21
2020-08-13 05:21:22,758--__main__--DEBUG---> 10.10.10.201 Configure SVI Interface 25
2020-08-13 05:21:22,760--__main__--DEBUG---> 10.10.10.204 Configure SVI Interface 21
2020-08-13 05:21:22,810--__main__--DEBUG---> 10.10.10.202 Configure SVI Interface 21
2020-08-13 05:21:22,810--__main__--DEBUG---> 10.10.10.203 Configure SVI Interface 22
2020-08-13 05:21:22,919--__main__--DEBUG---> 10.10.10.201 Configure SVI Interface 26
2020-08-13 05:21:22,920--__main__--DEBUG---> 10.10.10.204 Configure SVI Interface 22
2020-08-13 05:21:22,965--__main__--DEBUG---> 10.10.10.203 Configure SVI Interface 23
2020-08-13 05:21:22,972--__main__--DEBUG---> 10.10.10.202 Configure SVI Interface 22
2020-08-13 05:21:23,073--__main__--DEBUG---> 10.10.10.201 Configure SVI Interface 27
2020-08-13 05:21:23,073--__main__--DEBUG---> 10.10.10.204 Configure SVI Interface 23
2020-08-13 05:21:23,121--__main__--DEBUG---> 10.10.10.203 Configure SVI Interface 24
2020-08-13 05:21:23,126--__main__--DEBUG---> 10.10.10.202 Configure SVI Interface 23
2020-08-13 05:21:23,224--__main__--DEBUG---> 10.10.10.201 Configure SVI Interface 28
2020-08-13 05:21:23,227--__main__--DEBUG---> 10.10.10.204 Configure SVI Interface 24
2020-08-13 05:21:23,275--__main__--DEBUG---> 10.10.10.203 Configure SVI Interface 25
2020-08-13 05:21:23,280--__main__--DEBUG---> 10.10.10.202 Configure SVI Interface 24
2020-08-13 05:21:23,377--__main__--DEBUG---> 10.10.10.201 Configure SVI Interface 29
2020-08-13 05:21:23,380--__main__--DEBUG---> 10.10.10.204 Configure SVI Interface 25
2020-08-13 05:21:23,428--__main__--DEBUG---> 10.10.10.203 Configure SVI Interface 26
2020-08-13 05:21:23,434--__main__--DEBUG---> 10.10.10.202 Configure SVI Interface 25
2020-08-13 05:21:23,531--__main__--DEBUG---> 10.10.10.201 Configure SVI Interface 30
2020-08-13 05:21:23,533--__main__--DEBUG---> 10.10.10.204 Configure SVI Interface 26
2020-08-13 05:21:23,581--__main__--DEBUG---> 10.10.10.203 Configure SVI Interface 27
2020-08-13 05:21:23,588--__main__--DEBUG---> 10.10.10.202 Configure SVI Interface 26
2020-08-13 05:21:23,684--__main__--DEBUG---> 10.10.10.201 Configure SVI Interface 31
2020-08-13 05:21:23,684--__main__--DEBUG---> 10.10.10.204 Configure SVI Interface 27
2020-08-13 05:21:23,737--__main__--DEBUG---> 10.10.10.203 Configure SVI Interface 28
2020-08-13 05:21:23,742--__main__--DEBUG---> 10.10.10.202 Configure SVI Interface 27
2020-08-13 05:21:23,839--__main__--DEBUG---> 10.10.10.204 Configure SVI Interface 28
2020-08-13 05:21:23,839--__main__--DEBUG---> 10.10.10.201 Configure SVI Interface 32
2020-08-13 05:21:23,891--__main__--DEBUG---> 10.10.10.203 Configure SVI Interface 29
2020-08-13 05:21:23,896--__main__--DEBUG---> 10.10.10.202 Configure SVI Interface 28
2020-08-13 05:21:23,995--__main__--DEBUG---> 10.10.10.201 Configure SVI Interface 33
2020-08-13 05:21:23,995--__main__--DEBUG---> 10.10.10.204 Configure SVI Interface 29
2020-08-13 05:21:24,048--__main__--DEBUG---> 10.10.10.203 Configure SVI Interface 30
2020-08-13 05:21:24,049--__main__--DEBUG---> 10.10.10.202 Configure SVI Interface 29
2020-08-13 05:21:24,150--__main__--DEBUG---> 10.10.10.201 Configure SVI Interface 34
2020-08-13 05:21:24,150--__main__--DEBUG---> 10.10.10.204 Configure SVI Interface 30
2020-08-13 05:21:24,207--__main__--DEBUG---> 10.10.10.203 Configure SVI Interface 31
2020-08-13 05:21:24,208--__main__--DEBUG---> 10.10.10.202 Configure SVI Interface 30
2020-08-13 05:21:24,311--__main__--DEBUG---> 10.10.10.204 Configure SVI Interface 31
2020-08-13 05:21:24,312--__main__--DEBUG---> 10.10.10.201 Configure SVI Interface 35
2020-08-13 05:21:24,363--__main__--DEBUG---> 10.10.10.202 Configure SVI Interface 31
2020-08-13 05:21:24,364--__main__--DEBUG---> 10.10.10.203 Configure SVI Interface 32
2020-08-13 05:21:24,481--__main__--DEBUG---> 10.10.10.204 Configure SVI Interface 32
2020-08-13 05:21:24,482--__main__--DEBUG---> 10.10.10.201 Configure SVI Interface 36
2020-08-13 05:21:24,536--__main__--DEBUG---> 10.10.10.203 Configure SVI Interface 33
2020-08-13 05:21:24,537--__main__--DEBUG---> 10.10.10.202 Configure SVI Interface 32
2020-08-13 05:21:24,639--__main__--DEBUG---> 10.10.10.204 Configure SVI Interface 33
2020-08-13 05:21:24,640--__main__--DEBUG---> 10.10.10.201 Configure SVI Interface 37
2020-08-13 05:21:24,691--__main__--DEBUG---> 10.10.10.203 Configure SVI Interface 34
2020-08-13 05:21:24,691--__main__--DEBUG---> 10.10.10.202 Configure SVI Interface 33
2020-08-13 05:21:24,803--__main__--DEBUG---> 10.10.10.204 Configure SVI Interface 34
2020-08-13 05:21:24,803--__main__--DEBUG---> 10.10.10.201 Configure SVI Interface 38
2020-08-13 05:21:24,855--__main__--DEBUG---> 10.10.10.202 Configure SVI Interface 34
2020-08-13 05:21:24,860--__main__--DEBUG---> 10.10.10.203 Configure SVI Interface 35
2020-08-13 05:21:24,959--__main__--DEBUG---> 10.10.10.204 Configure SVI Interface 35
2020-08-13 05:21:24,959--__main__--DEBUG---> 10.10.10.201 Configure SVI Interface 39
2020-08-13 05:21:25,010--__main__--DEBUG---> 10.10.10.202 Configure SVI Interface 35
2020-08-13 05:21:25,015--__main__--DEBUG---> 10.10.10.203 Configure SVI Interface 36
2020-08-13 05:21:25,115--__main__--DEBUG---> 10.10.10.204 Configure SVI Interface 36
2020-08-13 05:21:25,115--__main__--DEBUG---> 10.10.10.201 Configure SVI Interface 40
2020-08-13 05:21:25,176--__main__--DEBUG---> 10.10.10.202 Configure SVI Interface 36
2020-08-13 05:21:25,177--__main__--DEBUG---> 10.10.10.203 Configure SVI Interface 37
2020-08-13 05:21:25,299--__main__--DEBUG---> 10.10.10.204 Configure SVI Interface 37
2020-08-13 05:21:25,303--__main__--DEBUG---> 10.10.10.201 Configure SVI Interface 41
2020-08-13 05:21:25,370--__main__--DEBUG---> 10.10.10.203 Configure SVI Interface 38
2020-08-13 05:21:25,371--__main__--DEBUG---> 10.10.10.202 Configure SVI Interface 37
2020-08-13 05:21:25,476--__main__--DEBUG---> 10.10.10.201 Configure SVI Interface 42
2020-08-13 05:21:25,481--__main__--DEBUG---> 10.10.10.204 Configure SVI Interface 38
2020-08-13 05:21:25,530--__main__--DEBUG---> 10.10.10.203 Configure SVI Interface 39
2020-08-13 05:21:25,530--__main__--DEBUG---> 10.10.10.202 Configure SVI Interface 38
2020-08-13 05:21:25,637--__main__--DEBUG---> 10.10.10.201 Configure SVI Interface 43
2020-08-13 05:21:25,640--__main__--DEBUG---> 10.10.10.204 Configure SVI Interface 39
2020-08-13 05:21:25,692--__main__--DEBUG---> 10.10.10.202 Configure SVI Interface 39
2020-08-13 05:21:25,693--__main__--DEBUG---> 10.10.10.203 Configure SVI Interface 40
2020-08-13 05:21:25,793--__main__--DEBUG---> 10.10.10.204 Configure SVI Interface 40
2020-08-13 05:21:25,793--__main__--DEBUG---> 10.10.10.201 Configure SVI Interface 44
2020-08-13 05:21:25,844--__main__--DEBUG---> 10.10.10.202 Configure SVI Interface 40
2020-08-13 05:21:25,848--__main__--DEBUG---> 10.10.10.203 Configure SVI Interface 41
2020-08-13 05:21:25,947--__main__--DEBUG---> 10.10.10.204 Configure SVI Interface 41
2020-08-13 05:21:25,948--__main__--DEBUG---> 10.10.10.201 Configure SVI Interface 45
2020-08-13 05:21:26,000--__main__--DEBUG---> 10.10.10.202 Configure SVI Interface 41
2020-08-13 05:21:26,001--__main__--DEBUG---> 10.10.10.203 Configure SVI Interface 42
2020-08-13 05:21:26,101--__main__--DEBUG---> 10.10.10.204 Configure SVI Interface 42
2020-08-13 05:21:26,102--__main__--DEBUG---> 10.10.10.201 Configure SVI Interface 46
2020-08-13 05:21:26,154--__main__--DEBUG---> 10.10.10.202 Configure SVI Interface 42
2020-08-13 05:21:26,155--__main__--DEBUG---> 10.10.10.203 Configure SVI Interface 43
2020-08-13 05:21:26,256--__main__--DEBUG---> 10.10.10.201 Configure SVI Interface 47
2020-08-13 05:21:26,292--__main__--DEBUG---> 10.10.10.204 Configure SVI Interface 43
2020-08-13 05:21:26,308--__main__--DEBUG---> 10.10.10.202 Configure SVI Interface 43
2020-08-13 05:21:26,313--__main__--DEBUG---> 10.10.10.203 Configure SVI Interface 44
2020-08-13 05:21:26,409--__main__--DEBUG---> 10.10.10.201 Configure SVI Interface 48
2020-08-13 05:21:26,445--__main__--DEBUG---> 10.10.10.204 Configure SVI Interface 44
2020-08-13 05:21:26,461--__main__--DEBUG---> 10.10.10.202 Configure SVI Interface 44
2020-08-13 05:21:26,468--__main__--DEBUG---> 10.10.10.203 Configure SVI Interface 45
2020-08-13 05:21:26,565--__main__--DEBUG---> 10.10.10.201 Configure SVI Interface 49
2020-08-13 05:21:26,612--__main__--DEBUG---> 10.10.10.204 Configure SVI Interface 45
2020-08-13 05:21:26,617--__main__--DEBUG---> 10.10.10.202 Configure SVI Interface 45
2020-08-13 05:21:26,622--__main__--DEBUG---> 10.10.10.203 Configure SVI Interface 46
2020-08-13 05:21:26,717--__main__--DEBUG---> 10.10.10.201 Configure SVI Interface 50
2020-08-13 05:21:26,768--__main__--DEBUG---> 10.10.10.204 Configure SVI Interface 46
2020-08-13 05:21:26,773--__main__--DEBUG---> 10.10.10.202 Configure SVI Interface 46
2020-08-13 05:21:26,777--__main__--DEBUG---> 10.10.10.203 Configure SVI Interface 47
2020-08-13 05:21:26,871--__main__--DEBUG---> 10.10.10.201 Configure SVI Interface 51
2020-08-13 05:21:26,923--__main__--DEBUG---> 10.10.10.204 Configure SVI Interface 47
2020-08-13 05:21:26,927--__main__--DEBUG---> 10.10.10.202 Configure SVI Interface 47
2020-08-13 05:21:26,933--__main__--DEBUG---> 10.10.10.203 Configure SVI Interface 48
2020-08-13 05:21:27,028--__main__--DEBUG---> 10.10.10.201 Configure SVI Interface 52
2020-08-13 05:21:27,080--__main__--DEBUG---> 10.10.10.202 Configure SVI Interface 48
2020-08-13 05:21:27,080--__main__--DEBUG---> 10.10.10.204 Configure SVI Interface 48
2020-08-13 05:21:27,087--__main__--DEBUG---> 10.10.10.203 Configure SVI Interface 49
2020-08-13 05:21:27,182--__main__--DEBUG---> 10.10.10.201 Configure SVI Interface 53
2020-08-13 05:21:27,233--__main__--DEBUG---> 10.10.10.202 Configure SVI Interface 49
2020-08-13 05:21:27,233--__main__--DEBUG---> 10.10.10.204 Configure SVI Interface 49
2020-08-13 05:21:27,240--__main__--DEBUG---> 10.10.10.203 Configure SVI Interface 50
2020-08-13 05:21:27,336--__main__--DEBUG---> 10.10.10.201 Configure SVI Interface 54
2020-08-13 05:21:27,387--__main__--DEBUG---> 10.10.10.202 Configure SVI Interface 50
2020-08-13 05:21:27,387--__main__--DEBUG---> 10.10.10.204 Configure SVI Interface 50
2020-08-13 05:21:27,398--__main__--DEBUG---> 10.10.10.203 Configure SVI Interface 51
2020-08-13 05:21:27,491--__main__--DEBUG---> 10.10.10.201 Configure SVI Interface 55
2020-08-13 05:21:27,542--__main__--DEBUG---> 10.10.10.202 Configure SVI Interface 51
2020-08-13 05:21:27,544--__main__--DEBUG---> 10.10.10.204 Configure SVI Interface 51
2020-08-13 05:21:27,551--__main__--DEBUG---> 10.10.10.203 Configure SVI Interface 52
2020-08-13 05:21:27,647--__main__--DEBUG---> 10.10.10.201 Configure SVI Interface 56
2020-08-13 05:21:27,707--__main__--DEBUG---> 10.10.10.202 Configure SVI Interface 52
2020-08-13 05:21:27,707--__main__--DEBUG---> 10.10.10.204 Configure SVI Interface 52
2020-08-13 05:21:27,708--__main__--DEBUG---> 10.10.10.203 Configure SVI Interface 53
2020-08-13 05:21:27,810--__main__--DEBUG---> 10.10.10.201 Configure SVI Interface 57
2020-08-13 05:21:27,861--__main__--DEBUG---> 10.10.10.204 Configure SVI Interface 53
2020-08-13 05:21:27,861--__main__--DEBUG---> 10.10.10.203 Configure SVI Interface 54
2020-08-13 05:21:27,862--__main__--DEBUG---> 10.10.10.202 Configure SVI Interface 53
2020-08-13 05:21:27,964--__main__--DEBUG---> 10.10.10.201 Configure SVI Interface 58
2020-08-13 05:21:28,017--__main__--DEBUG---> 10.10.10.204 Configure SVI Interface 54
2020-08-13 05:21:28,018--__main__--DEBUG---> 10.10.10.202 Configure SVI Interface 54
2020-08-13 05:21:28,020--__main__--DEBUG---> 10.10.10.203 Configure SVI Interface 55
2020-08-13 05:21:28,119--__main__--DEBUG---> 10.10.10.201 Configure SVI Interface 59
2020-08-13 05:21:28,171--__main__--DEBUG---> 10.10.10.202 Configure SVI Interface 55
2020-08-13 05:21:28,171--__main__--DEBUG---> 10.10.10.204 Configure SVI Interface 55
2020-08-13 05:21:28,173--__main__--DEBUG---> 10.10.10.203 Configure SVI Interface 56
2020-08-13 05:21:28,275--__main__--DEBUG---> 10.10.10.201 Configure SVI Interface 60
2020-08-13 05:21:28,327--__main__--DEBUG---> 10.10.10.203 Configure SVI Interface 57
2020-08-13 05:21:28,327--__main__--DEBUG---> 10.10.10.202 Configure SVI Interface 56
2020-08-13 05:21:28,328--__main__--DEBUG---> 10.10.10.204 Configure SVI Interface 56
2020-08-13 05:21:28,430--__main__--DEBUG---> 10.10.10.201 Configure SVI Interface 61
2020-08-13 05:21:28,481--__main__--DEBUG---> 10.10.10.203 Configure SVI Interface 58
2020-08-13 05:21:28,481--__main__--DEBUG---> 10.10.10.202 Configure SVI Interface 57
2020-08-13 05:21:28,482--__main__--DEBUG---> 10.10.10.204 Configure SVI Interface 57
2020-08-13 05:21:28,594--__main__--DEBUG---> 10.10.10.201 Configure SVI Interface 62
2020-08-13 05:21:28,646--__main__--DEBUG---> 10.10.10.203 Configure SVI Interface 59
2020-08-13 05:21:28,646--__main__--DEBUG---> 10.10.10.204 Configure SVI Interface 58
2020-08-13 05:21:28,647--__main__--DEBUG---> 10.10.10.202 Configure SVI Interface 58
2020-08-13 05:21:28,748--__main__--DEBUG---> 10.10.10.201 Configure SVI Interface 63
2020-08-13 05:21:28,800--__main__--DEBUG---> 10.10.10.203 Configure SVI Interface 60
2020-08-13 05:21:28,801--__main__--DEBUG---> 10.10.10.202 Configure SVI Interface 59
2020-08-13 05:21:28,807--__main__--DEBUG---> 10.10.10.204 Configure SVI Interface 59
2020-08-13 05:21:28,904--__main__--DEBUG---> 10.10.10.201 Configure SVI Interface 64
2020-08-13 05:21:29,000--__main__--DEBUG---> 10.10.10.203 Configure SVI Interface 61
2020-08-13 05:21:29,000--__main__--DEBUG---> 10.10.10.202 Configure SVI Interface 60
2020-08-13 05:21:29,001--__main__--DEBUG---> 10.10.10.204 Configure SVI Interface 60
2020-08-13 05:21:29,103--__main__--DEBUG---> 10.10.10.201 Configure SVI Interface 65
2020-08-13 05:21:29,156--__main__--DEBUG---> 10.10.10.202 Configure SVI Interface 61
2020-08-13 05:21:29,157--__main__--DEBUG---> 10.10.10.203 Configure SVI Interface 62
2020-08-13 05:21:29,159--__main__--DEBUG---> 10.10.10.204 Configure SVI Interface 61
2020-08-13 05:21:29,264--__main__--DEBUG---> 10.10.10.201 Configure SVI Interface 66
2020-08-13 05:21:29,316--__main__--DEBUG---> 10.10.10.203 Configure SVI Interface 63
2020-08-13 05:21:29,316--__main__--DEBUG---> 10.10.10.204 Configure SVI Interface 62
2020-08-13 05:21:29,316--__main__--DEBUG---> 10.10.10.202 Configure SVI Interface 62
2020-08-13 05:21:29,419--__main__--DEBUG---> 10.10.10.201 Configure SVI Interface 67
2020-08-13 05:21:29,473--__main__--DEBUG---> 10.10.10.202 Configure SVI Interface 63
2020-08-13 05:21:29,474--__main__--DEBUG---> 10.10.10.204 Configure SVI Interface 63
2020-08-13 05:21:29,475--__main__--DEBUG---> 10.10.10.203 Configure SVI Interface 64
2020-08-13 05:21:29,584--__main__--DEBUG---> 10.10.10.201 Configure SVI Interface 68
2020-08-13 05:21:29,635--__main__--DEBUG---> 10.10.10.202 Configure SVI Interface 64
2020-08-13 05:21:29,635--__main__--DEBUG---> 10.10.10.203 Configure SVI Interface 65
2020-08-13 05:21:29,636--__main__--DEBUG---> 10.10.10.204 Configure SVI Interface 64
2020-08-13 05:21:29,738--__main__--DEBUG---> 10.10.10.201 Configure SVI Interface 69
2020-08-13 05:21:29,790--__main__--DEBUG---> 10.10.10.203 Configure SVI Interface 66
2020-08-13 05:21:29,793--__main__--DEBUG---> 10.10.10.202 Configure SVI Interface 65
2020-08-13 05:21:29,796--__main__--DEBUG---> 10.10.10.204 Configure SVI Interface 65
2020-08-13 05:21:29,894--__main__--DEBUG---> 10.10.10.201 Configure SVI Interface 70
2020-08-13 05:21:29,946--__main__--DEBUG---> 10.10.10.203 Configure SVI Interface 67
2020-08-13 05:21:29,947--__main__--DEBUG---> 10.10.10.202 Configure SVI Interface 66
2020-08-13 05:21:29,951--__main__--DEBUG---> 10.10.10.204 Configure SVI Interface 66
2020-08-13 05:21:30,050--__main__--DEBUG---> 10.10.10.201 Configure SVI Interface 71
2020-08-13 05:21:30,102--__main__--DEBUG---> 10.10.10.203 Configure SVI Interface 68
2020-08-13 05:21:30,103--__main__--DEBUG---> 10.10.10.202 Configure SVI Interface 67
2020-08-13 05:21:30,105--__main__--DEBUG---> 10.10.10.204 Configure SVI Interface 67
2020-08-13 05:21:30,205--__main__--DEBUG---> 10.10.10.201 Configure SVI Interface 72
2020-08-13 05:21:30,258--__main__--DEBUG---> 10.10.10.202 Configure SVI Interface 68
2020-08-13 05:21:30,258--__main__--DEBUG---> 10.10.10.203 Configure SVI Interface 69
2020-08-13 05:21:30,260--__main__--DEBUG---> 10.10.10.204 Configure SVI Interface 68
2020-08-13 05:21:30,375--__main__--DEBUG---> 10.10.10.201 Configure SVI Interface 73
2020-08-13 05:21:30,434--__main__--DEBUG---> 10.10.10.202 Configure SVI Interface 69
2020-08-13 05:21:30,435--__main__--DEBUG---> 10.10.10.203 Configure SVI Interface 70
2020-08-13 05:21:30,435--__main__--DEBUG---> 10.10.10.204 Configure SVI Interface 69
2020-08-13 05:21:30,538--__main__--DEBUG---> 10.10.10.201 Configure SVI Interface 74
2020-08-13 05:21:30,588--__main__--DEBUG---> 10.10.10.204 Configure SVI Interface 70
2020-08-13 05:21:30,592--__main__--DEBUG---> 10.10.10.202 Configure SVI Interface 70
2020-08-13 05:21:30,594--__main__--DEBUG---> 10.10.10.203 Configure SVI Interface 71
2020-08-13 05:21:30,708--__main__--DEBUG---> 10.10.10.201 Configure SVI Interface 75
2020-08-13 05:21:30,767--__main__--DEBUG---> 10.10.10.203 Configure SVI Interface 72
2020-08-13 05:21:30,767--__main__--DEBUG---> 10.10.10.204 Configure SVI Interface 71
2020-08-13 05:21:30,767--__main__--DEBUG---> 10.10.10.202 Configure SVI Interface 71
2020-08-13 05:21:30,870--__main__--DEBUG---> 10.10.10.201 Configure SVI Interface 76
2020-08-13 05:21:30,922--__main__--DEBUG---> 10.10.10.203 Configure SVI Interface 73
2020-08-13 05:21:30,924--__main__--DEBUG---> 10.10.10.202 Configure SVI Interface 72
2020-08-13 05:21:30,924--__main__--DEBUG---> 10.10.10.204 Configure SVI Interface 72
2020-08-13 05:21:31,027--__main__--DEBUG---> 10.10.10.201 Configure SVI Interface 77
2020-08-13 05:21:31,097--__main__--DEBUG---> 10.10.10.202 Configure SVI Interface 73
2020-08-13 05:21:31,098--__main__--DEBUG---> 10.10.10.203 Configure SVI Interface 74
2020-08-13 05:21:31,098--__main__--DEBUG---> 10.10.10.204 Configure SVI Interface 73
2020-08-13 05:21:31,203--__main__--DEBUG---> 10.10.10.201 Configure SVI Interface 78
2020-08-13 05:21:31,259--__main__--DEBUG---> 10.10.10.203 Configure SVI Interface 75
2020-08-13 05:21:31,260--__main__--DEBUG---> 10.10.10.204 Configure SVI Interface 74
2020-08-13 05:21:31,266--__main__--DEBUG---> 10.10.10.202 Configure SVI Interface 74
2020-08-13 05:21:31,369--__main__--DEBUG---> 10.10.10.201 Configure SVI Interface 79
2020-08-13 05:21:31,423--__main__--DEBUG---> 10.10.10.202 Configure SVI Interface 75
2020-08-13 05:21:31,424--__main__--DEBUG---> 10.10.10.204 Configure SVI Interface 75
2020-08-13 05:21:31,424--__main__--DEBUG---> 10.10.10.203 Configure SVI Interface 76
2020-08-13 05:21:31,531--__main__--DEBUG---> 10.10.10.201 Configure SVI Interface 80
2020-08-13 05:21:31,584--__main__--DEBUG---> 10.10.10.204 Configure SVI Interface 76
2020-08-13 05:21:31,585--__main__--DEBUG---> 10.10.10.203 Configure SVI Interface 77
2020-08-13 05:21:31,585--__main__--DEBUG---> 10.10.10.202 Configure SVI Interface 76
2020-08-13 05:21:31,690--__main__--DEBUG---> 10.10.10.201 Configure SVI Interface 81
2020-08-13 05:21:31,752--__main__--DEBUG---> 10.10.10.203 Configure SVI Interface 78
2020-08-13 05:21:31,753--__main__--DEBUG---> 10.10.10.202 Configure SVI Interface 77
2020-08-13 05:21:31,755--__main__--DEBUG---> 10.10.10.204 Configure SVI Interface 77
2020-08-13 05:21:31,858--__main__--DEBUG---> 10.10.10.201 Configure SVI Interface 82
2020-08-13 05:21:31,908--__main__--DEBUG---> 10.10.10.202 Configure SVI Interface 78
2020-08-13 05:21:31,908--__main__--DEBUG---> 10.10.10.203 Configure SVI Interface 79
2020-08-13 05:21:31,911--__main__--DEBUG---> 10.10.10.204 Configure SVI Interface 78
2020-08-13 05:21:32,011--__main__--DEBUG---> 10.10.10.201 Configure SVI Interface 83
2020-08-13 05:21:32,080--__main__--DEBUG---> 10.10.10.204 Configure SVI Interface 79
2020-08-13 05:21:32,080--__main__--DEBUG---> 10.10.10.202 Configure SVI Interface 79
2020-08-13 05:21:32,080--__main__--DEBUG---> 10.10.10.203 Configure SVI Interface 80
2020-08-13 05:21:32,185--__main__--DEBUG---> 10.10.10.201 Configure SVI Interface 84
2020-08-13 05:21:32,236--__main__--DEBUG---> 10.10.10.202 Configure SVI Interface 80
2020-08-13 05:21:32,237--__main__--DEBUG---> 10.10.10.203 Configure SVI Interface 81
2020-08-13 05:21:32,237--__main__--DEBUG---> 10.10.10.204 Configure SVI Interface 80
2020-08-13 05:21:32,344--__main__--DEBUG---> 10.10.10.201 Configure SVI Interface 85
2020-08-13 05:21:32,399--__main__--DEBUG---> 10.10.10.204 Configure SVI Interface 81
2020-08-13 05:21:32,400--__main__--DEBUG---> 10.10.10.203 Configure SVI Interface 82
2020-08-13 05:21:32,401--__main__--DEBUG---> 10.10.10.202 Configure SVI Interface 81
2020-08-13 05:21:32,503--__main__--DEBUG---> 10.10.10.201 Configure SVI Interface 86
2020-08-13 05:21:32,552--__main__--DEBUG---> 10.10.10.204 Configure SVI Interface 82
2020-08-13 05:21:32,553--__main__--DEBUG---> 10.10.10.202 Configure SVI Interface 82
2020-08-13 05:21:32,553--__main__--DEBUG---> 10.10.10.203 Configure SVI Interface 83
2020-08-13 05:21:32,659--__main__--DEBUG---> 10.10.10.201 Configure SVI Interface 87
2020-08-13 05:21:32,704--__main__--DEBUG---> 10.10.10.204 Configure SVI Interface 83
2020-08-13 05:21:32,705--__main__--DEBUG---> 10.10.10.203 Configure SVI Interface 84
2020-08-13 05:21:32,705--__main__--DEBUG---> 10.10.10.202 Configure SVI Interface 83
2020-08-13 05:21:32,813--__main__--DEBUG---> 10.10.10.201 Configure SVI Interface 88
2020-08-13 05:21:32,862--__main__--DEBUG---> 10.10.10.204 Configure SVI Interface 84
2020-08-13 05:21:32,862--__main__--DEBUG---> 10.10.10.203 Configure SVI Interface 85
2020-08-13 05:21:32,863--__main__--DEBUG---> 10.10.10.202 Configure SVI Interface 84
2020-08-13 05:21:32,967--__main__--DEBUG---> 10.10.10.201 Configure SVI Interface 89
2020-08-13 05:21:33,018--__main__--DEBUG---> 10.10.10.203 Configure SVI Interface 86
2020-08-13 05:21:33,018--__main__--DEBUG---> 10.10.10.202 Configure SVI Interface 85
2020-08-13 05:21:33,019--__main__--DEBUG---> 10.10.10.204 Configure SVI Interface 85
2020-08-13 05:21:33,121--__main__--DEBUG---> 10.10.10.201 Configure SVI Interface 90
2020-08-13 05:21:33,172--__main__--DEBUG---> 10.10.10.202 Configure SVI Interface 86
2020-08-13 05:21:33,173--__main__--DEBUG---> 10.10.10.204 Configure SVI Interface 86
2020-08-13 05:21:33,173--__main__--DEBUG---> 10.10.10.203 Configure SVI Interface 87
2020-08-13 05:21:33,274--__main__--DEBUG---> 10.10.10.201 Configure SVI Interface 91
2020-08-13 05:21:33,326--__main__--DEBUG---> 10.10.10.202 Configure SVI Interface 87
2020-08-13 05:21:33,328--__main__--DEBUG---> 10.10.10.203 Configure SVI Interface 88
2020-08-13 05:21:33,329--__main__--DEBUG---> 10.10.10.204 Configure SVI Interface 87
2020-08-13 05:21:33,431--__main__--DEBUG---> 10.10.10.201 Configure SVI Interface 92
2020-08-13 05:21:33,481--__main__--DEBUG---> 10.10.10.203 Configure SVI Interface 89
2020-08-13 05:21:33,482--__main__--DEBUG---> 10.10.10.202 Configure SVI Interface 88
2020-08-13 05:21:33,482--__main__--DEBUG---> 10.10.10.204 Configure SVI Interface 88
2020-08-13 05:21:33,593--__main__--DEBUG---> 10.10.10.201 Configure SVI Interface 93
2020-08-13 05:21:33,644--__main__--DEBUG---> 10.10.10.203 Configure SVI Interface 90
2020-08-13 05:21:33,646--__main__--DEBUG---> 10.10.10.204 Configure SVI Interface 89
2020-08-13 05:21:33,647--__main__--DEBUG---> 10.10.10.202 Configure SVI Interface 89
2020-08-13 05:21:33,748--__main__--DEBUG---> 10.10.10.201 Configure SVI Interface 94
2020-08-13 05:21:33,801--__main__--DEBUG---> 10.10.10.203 Configure SVI Interface 91
2020-08-13 05:21:33,801--__main__--DEBUG---> 10.10.10.202 Configure SVI Interface 90
2020-08-13 05:21:33,803--__main__--DEBUG---> 10.10.10.204 Configure SVI Interface 90
2020-08-13 05:21:33,916--__main__--DEBUG---> 10.10.10.201 Configure SVI Interface 95
2020-08-13 05:21:33,971--__main__--DEBUG---> 10.10.10.203 Configure SVI Interface 92
2020-08-13 05:21:33,972--__main__--DEBUG---> 10.10.10.204 Configure SVI Interface 91
2020-08-13 05:21:33,973--__main__--DEBUG---> 10.10.10.202 Configure SVI Interface 91
2020-08-13 05:21:34,085--__main__--DEBUG---> 10.10.10.201 Configure SVI Interface 96
2020-08-13 05:21:34,135--__main__--DEBUG---> 10.10.10.202 Configure SVI Interface 92
2020-08-13 05:21:34,136--__main__--DEBUG---> 10.10.10.204 Configure SVI Interface 92
2020-08-13 05:21:34,136--__main__--DEBUG---> 10.10.10.203 Configure SVI Interface 93
2020-08-13 05:21:34,238--__main__--DEBUG---> 10.10.10.201 Configure SVI Interface 97
2020-08-13 05:21:34,296--__main__--DEBUG---> 10.10.10.204 Configure SVI Interface 93
2020-08-13 05:21:34,297--__main__--DEBUG---> 10.10.10.203 Configure SVI Interface 94
2020-08-13 05:21:34,302--__main__--DEBUG---> 10.10.10.202 Configure SVI Interface 93
2020-08-13 05:21:34,400--__main__--DEBUG---> 10.10.10.201 Configure SVI Interface 98
2020-08-13 05:21:34,453--__main__--DEBUG---> 10.10.10.203 Configure SVI Interface 95
2020-08-13 05:21:34,454--__main__--DEBUG---> 10.10.10.202 Configure SVI Interface 94
2020-08-13 05:21:34,456--__main__--DEBUG---> 10.10.10.204 Configure SVI Interface 94
2020-08-13 05:21:34,567--__main__--DEBUG---> 10.10.10.201 Configure SVI Interface 99
2020-08-13 05:21:34,634--__main__--DEBUG---> 10.10.10.202 Configure SVI Interface 95
2020-08-13 05:21:34,634--__main__--DEBUG---> 10.10.10.204 Configure SVI Interface 95
2020-08-13 05:21:34,634--__main__--DEBUG---> 10.10.10.203 Configure SVI Interface 96
2020-08-13 05:21:34,741--__main__--DEBUG---> 10.10.10.201 Configure SVI Interface 100
2020-08-13 05:21:34,808--__main__--DEBUG---> 10.10.10.202 Configure SVI Interface 96
2020-08-13 05:21:34,809--__main__--DEBUG---> 10.10.10.204 Configure SVI Interface 96
2020-08-13 05:21:34,809--__main__--DEBUG---> 10.10.10.203 Configure SVI Interface 97
2020-08-13 05:21:34,966--__main__--DEBUG---> 10.10.10.202 Configure SVI Interface 97
2020-08-13 05:21:34,967--__main__--DEBUG---> 10.10.10.204 Configure SVI Interface 97
2020-08-13 05:21:34,967--__main__--DEBUG---> 10.10.10.203 Configure SVI Interface 98
2020-08-13 05:21:35,120--__main__--DEBUG---> 10.10.10.202 Configure SVI Interface 98
2020-08-13 05:21:35,121--__main__--DEBUG---> 10.10.10.204 Configure SVI Interface 98
2020-08-13 05:21:35,121--__main__--DEBUG---> 10.10.10.203 Configure SVI Interface 99
2020-08-13 05:21:35,275--__main__--DEBUG---> 10.10.10.204 Configure SVI Interface 99
2020-08-13 05:21:35,275--__main__--DEBUG---> 10.10.10.202 Configure SVI Interface 99
2020-08-13 05:21:35,277--__main__--DEBUG---> 10.10.10.203 Configure SVI Interface 100
2020-08-13 05:21:35,429--__main__--DEBUG---> 10.10.10.202 Configure SVI Interface 100
2020-08-13 05:21:35,429--__main__--DEBUG---> 10.10.10.204 Configure SVI Interface 100
2020-08-13 05:21:36,874--__main__--DEBUG---> 10.10.10.201 Save Configuration
2020-08-13 05:21:37,379--__main__--DEBUG---> 10.10.10.203 Save Configuration
2020-08-13 05:21:37,555--__main__--DEBUG---> 10.10.10.204 Save Configuration
2020-08-13 05:21:37,555--__main__--DEBUG---> 10.10.10.202 Save Configuration
2020-08-13 05:21:37,926--__main__--DEBUG---> b'write mem\r\nCopy completed successfully.\r\nArista1'
2020-08-13 05:21:38,048--__main__--DEBUG---> 10.10.10.201 Close Connection
2020-08-13 05:21:38,432--__main__--DEBUG---> b'write mem\r\nCopy completed successfully.\r\nArista3'
2020-08-13 05:21:38,533--__main__--DEBUG---> 10.10.10.203 Close Connection
2020-08-13 05:21:38,606--__main__--DEBUG---> b'write mem\r\nCopy completed successfully.\r\nArista4'
2020-08-13 05:21:38,609--__main__--DEBUG---> b'write mem\r\nCopy completed successfully.\r\nArista2'
2020-08-13 05:21:38,708--__main__--DEBUG---> 10.10.10.204 Close Connection
2020-08-13 05:21:38,710--__main__--DEBUG---> 10.10.10.202 Close Connection
2020-08-13 05:21:38,710--__main__--DEBUG---> ############################ END CODE ############################
2020-08-14 06:13:02,697--__main__--DEBUG---> Connect to 10.10.10.201 via SSH
2020-08-14 06:13:04,743--__main__--DEBUG---> Connect to 10.10.10.203 via SSH
2020-08-14 06:13:04,802--__main__--ERROR---> 10.10.10.203 Encounter ERROR
Traceback (most recent call last):
  File "/usr/lib/python3/dist-packages/pexpect/spawnbase.py", line 166, in read_nonblocking
    s = os.read(self.child_fd, size)
OSError: [Errno 5] Input/output error

During handling of the above exception, another exception occurred:

Traceback (most recent call last):
  File "/usr/lib/python3/dist-packages/pexpect/expect.py", line 111, in expect_loop
    incoming = spawn.read_nonblocking(spawn.maxread, timeout)
  File "/usr/lib/python3/dist-packages/pexpect/pty_spawn.py", line 485, in read_nonblocking
    return super(spawn, self).read_nonblocking(size)
  File "/usr/lib/python3/dist-packages/pexpect/spawnbase.py", line 171, in read_nonblocking
    raise EOF('End Of File (EOF). Exception style platform.')
pexpect.exceptions.EOF: End Of File (EOF). Exception style platform.

During handling of the above exception, another exception occurred:

Traceback (most recent call last):
  File "/home/do/Desktop/Projects/DevOps/4_pexpect_multithread_logger.py", line 56, in connect_network_devices
    output = ssh.expect(read_mode)
  File "/usr/lib/python3/dist-packages/pexpect/spawnbase.py", line 340, in expect
    return self.expect_list(compiled_pattern_list,
  File "/usr/lib/python3/dist-packages/pexpect/spawnbase.py", line 369, in expect_list
    return exp.expect_loop(timeout)
  File "/usr/lib/python3/dist-packages/pexpect/expect.py", line 117, in expect_loop
    return self.eof(e)
  File "/usr/lib/python3/dist-packages/pexpect/expect.py", line 63, in eof
    raise EOF(msg)
pexpect.exceptions.EOF: End Of File (EOF). Exception style platform.
<pexpect.pty_spawn.spawn object at 0x7f2e4c0a6520>
command: /usr/bin/ssh
args: ['/usr/bin/ssh', 'admin@10.10.10.203']
buffer (last 100 chars): b''
before (last 100 chars): b'devops\r\n'
after: <class 'pexpect.exceptions.EOF'>
match: None
match_index: None
exitstatus: 255
flag_eof: True
pid: 4632
child_fd: 8
closed: False
timeout: 30
delimiter: <class 'pexpect.exceptions.EOF'>
logfile: None
logfile_read: None
logfile_send: None
maxread: 2000
ignorecase: False
searchwindowsize: None
delaybeforesend: 0.05
delayafterclose: 0.1
delayafterterminate: 0.1
searcher: searcher_re:
    0: re.compile(b'>')
2020-08-14 06:13:04,939--__main__--DEBUG---> 10.10.10.201 Password Accepted
2020-08-14 06:13:04,996--__main__--DEBUG---> Connect to 10.10.10.204 via SSH
2020-08-14 06:13:05,008--__main__--DEBUG---> 10.10.10.201 Disable Terminal Lenght
2020-08-14 06:13:05,035--__main__--DEBUG---> Connect to 10.10.10.202 via SSH
2020-08-14 06:13:05,049--__main__--ERROR---> 10.10.10.204 Encounter ERROR
Traceback (most recent call last):
  File "/usr/lib/python3/dist-packages/pexpect/spawnbase.py", line 166, in read_nonblocking
    s = os.read(self.child_fd, size)
OSError: [Errno 5] Input/output error

During handling of the above exception, another exception occurred:

Traceback (most recent call last):
  File "/usr/lib/python3/dist-packages/pexpect/expect.py", line 111, in expect_loop
    incoming = spawn.read_nonblocking(spawn.maxread, timeout)
  File "/usr/lib/python3/dist-packages/pexpect/pty_spawn.py", line 485, in read_nonblocking
    return super(spawn, self).read_nonblocking(size)
  File "/usr/lib/python3/dist-packages/pexpect/spawnbase.py", line 171, in read_nonblocking
    raise EOF('End Of File (EOF). Exception style platform.')
pexpect.exceptions.EOF: End Of File (EOF). Exception style platform.

During handling of the above exception, another exception occurred:

Traceback (most recent call last):
  File "/home/do/Desktop/Projects/DevOps/4_pexpect_multithread_logger.py", line 56, in connect_network_devices
    output = ssh.expect(read_mode)
  File "/usr/lib/python3/dist-packages/pexpect/spawnbase.py", line 340, in expect
    return self.expect_list(compiled_pattern_list,
  File "/usr/lib/python3/dist-packages/pexpect/spawnbase.py", line 369, in expect_list
    return exp.expect_loop(timeout)
  File "/usr/lib/python3/dist-packages/pexpect/expect.py", line 117, in expect_loop
    return self.eof(e)
  File "/usr/lib/python3/dist-packages/pexpect/expect.py", line 63, in eof
    raise EOF(msg)
pexpect.exceptions.EOF: End Of File (EOF). Exception style platform.
<pexpect.pty_spawn.spawn object at 0x7f2e4c0a6940>
command: /usr/bin/ssh
args: ['/usr/bin/ssh', 'admin@10.10.10.204']
buffer (last 100 chars): b''
before (last 100 chars): b'devops\r\n'
after: <class 'pexpect.exceptions.EOF'>
match: None
match_index: None
exitstatus: 255
flag_eof: True
pid: 4634
child_fd: 12
closed: False
timeout: 30
delimiter: <class 'pexpect.exceptions.EOF'>
logfile: None
logfile_read: None
logfile_send: None
maxread: 2000
ignorecase: False
searchwindowsize: None
delaybeforesend: 0.05
delayafterclose: 0.1
delayafterterminate: 0.1
searcher: searcher_re:
    0: re.compile(b'>')
2020-08-14 06:13:05,072--__main__--DEBUG---> 10.10.10.201 Enable Execution Mode
2020-08-14 06:13:05,091--__main__--ERROR---> 10.10.10.202 Encounter ERROR
Traceback (most recent call last):
  File "/usr/lib/python3/dist-packages/pexpect/spawnbase.py", line 166, in read_nonblocking
    s = os.read(self.child_fd, size)
OSError: [Errno 5] Input/output error

During handling of the above exception, another exception occurred:

Traceback (most recent call last):
  File "/usr/lib/python3/dist-packages/pexpect/expect.py", line 111, in expect_loop
    incoming = spawn.read_nonblocking(spawn.maxread, timeout)
  File "/usr/lib/python3/dist-packages/pexpect/pty_spawn.py", line 485, in read_nonblocking
    return super(spawn, self).read_nonblocking(size)
  File "/usr/lib/python3/dist-packages/pexpect/spawnbase.py", line 171, in read_nonblocking
    raise EOF('End Of File (EOF). Exception style platform.')
pexpect.exceptions.EOF: End Of File (EOF). Exception style platform.

During handling of the above exception, another exception occurred:

Traceback (most recent call last):
  File "/home/do/Desktop/Projects/DevOps/4_pexpect_multithread_logger.py", line 56, in connect_network_devices
    output = ssh.expect(read_mode)
  File "/usr/lib/python3/dist-packages/pexpect/spawnbase.py", line 340, in expect
    return self.expect_list(compiled_pattern_list,
  File "/usr/lib/python3/dist-packages/pexpect/spawnbase.py", line 369, in expect_list
    return exp.expect_loop(timeout)
  File "/usr/lib/python3/dist-packages/pexpect/expect.py", line 117, in expect_loop
    return self.eof(e)
  File "/usr/lib/python3/dist-packages/pexpect/expect.py", line 63, in eof
    raise EOF(msg)
pexpect.exceptions.EOF: End Of File (EOF). Exception style platform.
<pexpect.pty_spawn.spawn object at 0x7f2e4c0a6040>
command: /usr/bin/ssh
args: ['/usr/bin/ssh', 'admin@10.10.10.202']
buffer (last 100 chars): b''
before (last 100 chars): b'devops\r\n'
after: <class 'pexpect.exceptions.EOF'>
match: None
match_index: None
exitstatus: 255
flag_eof: True
pid: 4635
child_fd: 11
closed: False
timeout: 30
delimiter: <class 'pexpect.exceptions.EOF'>
logfile: None
logfile_read: None
logfile_send: None
maxread: 2000
ignorecase: False
searchwindowsize: None
delaybeforesend: 0.05
delayafterclose: 0.1
delayafterterminate: 0.1
searcher: searcher_re:
    0: re.compile(b'>')
2020-08-14 06:13:05,188--__main__--DEBUG---> 10.10.10.201 Enable Configuration Mode
2020-08-14 06:13:05,263--__main__--ERROR---> 10.10.10.201 Invalid Command b'interface vlan 0\r\n' b'% Incomplete command'
NoneType: None
2020-08-14 06:13:05,485--__main__--ERROR---> 10.10.10.201 Invalid Command b'description SVI_0\r\nip address 10.10.0.1 255.255.255.0\r\n' b'% Invalid input'
NoneType: None
2020-08-14 06:13:05,486--__main__--DEBUG---> 10.10.10.201 Configure SVI Interface 0
2020-08-14 06:13:05,667--__main__--ERROR---> 10.10.10.201 Invalid Command b'ip address 10.10.0.1 255.255.255.0\r\ninterface vlan 1\r\ndescription SVI_1\r\n' b'% Invalid input'
NoneType: None
2020-08-14 06:13:05,737--__main__--DEBUG---> 10.10.10.201 Configure SVI Interface 1
2020-08-14 06:13:05,893--__main__--DEBUG---> 10.10.10.201 Configure SVI Interface 2
2020-08-14 06:13:06,061--__main__--DEBUG---> 10.10.10.201 Configure SVI Interface 3
2020-08-14 06:13:06,244--__main__--DEBUG---> 10.10.10.201 Configure SVI Interface 4
2020-08-14 06:13:06,426--__main__--DEBUG---> 10.10.10.201 Configure SVI Interface 5
2020-08-14 06:13:06,610--__main__--DEBUG---> 10.10.10.201 Configure SVI Interface 6
2020-08-14 06:13:06,767--__main__--DEBUG---> 10.10.10.201 Configure SVI Interface 7
2020-08-14 06:13:06,922--__main__--DEBUG---> 10.10.10.201 Configure SVI Interface 8
2020-08-14 06:13:07,075--__main__--DEBUG---> 10.10.10.201 Configure SVI Interface 9
2020-08-14 06:13:07,233--__main__--DEBUG---> 10.10.10.201 Configure SVI Interface 10
2020-08-14 06:13:07,386--__main__--ERROR---> 10.10.10.201 Invalid Command b'ip address 10.10.10.1 255.255.255.0\r\n' b'% Subnet 10.10.10.0 overlaps with existing subnet 10.10.10.0 of interface Management1\r\nArista1(config-if-Vl10)#interface vlan 11\r\nArista1(config-if-Vl11)#description SVI_11\r\nArista1(config-if-Vl11)#'
NoneType: None
2020-08-14 06:13:07,386--__main__--DEBUG---> 10.10.10.201 Configure SVI Interface 11
2020-08-14 06:13:07,545--__main__--DEBUG---> 10.10.10.201 Configure SVI Interface 12
2020-08-14 06:13:07,701--__main__--DEBUG---> 10.10.10.201 Configure SVI Interface 13
2020-08-14 06:13:07,861--__main__--DEBUG---> 10.10.10.201 Configure SVI Interface 14
2020-08-14 06:13:08,028--__main__--DEBUG---> 10.10.10.201 Configure SVI Interface 15
2020-08-14 06:13:08,209--__main__--DEBUG---> 10.10.10.201 Configure SVI Interface 16
2020-08-14 06:13:08,379--__main__--DEBUG---> 10.10.10.201 Configure SVI Interface 17
2020-08-14 06:13:08,537--__main__--DEBUG---> 10.10.10.201 Configure SVI Interface 18
2020-08-14 06:13:08,712--__main__--DEBUG---> 10.10.10.201 Configure SVI Interface 19
2020-08-14 06:13:08,874--__main__--DEBUG---> 10.10.10.201 Configure SVI Interface 20
2020-08-14 06:13:09,033--__main__--DEBUG---> 10.10.10.201 Configure SVI Interface 21
2020-08-14 06:13:09,187--__main__--DEBUG---> 10.10.10.201 Configure SVI Interface 22
2020-08-14 06:13:09,359--__main__--DEBUG---> 10.10.10.201 Configure SVI Interface 23
2020-08-14 06:13:09,523--__main__--DEBUG---> 10.10.10.201 Configure SVI Interface 24
2020-08-14 06:13:09,684--__main__--DEBUG---> 10.10.10.201 Configure SVI Interface 25
2020-08-14 06:13:09,842--__main__--DEBUG---> 10.10.10.201 Configure SVI Interface 26
2020-08-14 06:13:09,999--__main__--DEBUG---> 10.10.10.201 Configure SVI Interface 27
2020-08-14 06:13:10,154--__main__--DEBUG---> 10.10.10.201 Configure SVI Interface 28
2020-08-14 06:13:10,326--__main__--DEBUG---> 10.10.10.201 Configure SVI Interface 29
2020-08-14 06:13:10,482--__main__--DEBUG---> 10.10.10.201 Configure SVI Interface 30
2020-08-14 06:13:10,676--__main__--DEBUG---> 10.10.10.201 Configure SVI Interface 31
2020-08-14 06:13:10,833--__main__--DEBUG---> 10.10.10.201 Configure SVI Interface 32
2020-08-14 06:13:11,007--__main__--DEBUG---> 10.10.10.201 Configure SVI Interface 33
2020-08-14 06:13:11,191--__main__--DEBUG---> 10.10.10.201 Configure SVI Interface 34
2020-08-14 06:13:11,344--__main__--DEBUG---> 10.10.10.201 Configure SVI Interface 35
2020-08-14 06:13:11,499--__main__--DEBUG---> 10.10.10.201 Configure SVI Interface 36
2020-08-14 06:13:11,660--__main__--DEBUG---> 10.10.10.201 Configure SVI Interface 37
2020-08-14 06:13:11,839--__main__--DEBUG---> 10.10.10.201 Configure SVI Interface 38
2020-08-14 06:13:12,013--__main__--DEBUG---> 10.10.10.201 Configure SVI Interface 39
2020-08-14 06:13:12,168--__main__--DEBUG---> 10.10.10.201 Configure SVI Interface 40
2020-08-14 06:13:12,324--__main__--DEBUG---> 10.10.10.201 Configure SVI Interface 41
2020-08-14 06:13:12,489--__main__--DEBUG---> 10.10.10.201 Configure SVI Interface 42
2020-08-14 06:13:12,665--__main__--DEBUG---> 10.10.10.201 Configure SVI Interface 43
2020-08-14 06:13:12,830--__main__--DEBUG---> 10.10.10.201 Configure SVI Interface 44
2020-08-14 06:13:13,001--__main__--DEBUG---> 10.10.10.201 Configure SVI Interface 45
2020-08-14 06:13:13,154--__main__--DEBUG---> 10.10.10.201 Configure SVI Interface 46
2020-08-14 06:13:13,309--__main__--DEBUG---> 10.10.10.201 Configure SVI Interface 47
2020-08-14 06:13:13,474--__main__--DEBUG---> 10.10.10.201 Configure SVI Interface 48
2020-08-14 06:13:13,651--__main__--DEBUG---> 10.10.10.201 Configure SVI Interface 49
2020-08-14 06:13:13,827--__main__--DEBUG---> 10.10.10.201 Configure SVI Interface 50
2020-08-14 06:13:14,013--__main__--DEBUG---> 10.10.10.201 Configure SVI Interface 51
2020-08-14 06:13:14,211--__main__--DEBUG---> 10.10.10.201 Configure SVI Interface 52
2020-08-14 06:13:14,368--__main__--DEBUG---> 10.10.10.201 Configure SVI Interface 53
2020-08-14 06:13:14,610--__main__--DEBUG---> 10.10.10.201 Configure SVI Interface 54
2020-08-14 06:13:14,766--__main__--DEBUG---> 10.10.10.201 Configure SVI Interface 55
2020-08-14 06:13:14,940--__main__--DEBUG---> 10.10.10.201 Configure SVI Interface 56
2020-08-14 06:13:15,135--__main__--DEBUG---> 10.10.10.201 Configure SVI Interface 57
2020-08-14 06:13:15,295--__main__--DEBUG---> 10.10.10.201 Configure SVI Interface 58
2020-08-14 06:13:15,456--__main__--DEBUG---> 10.10.10.201 Configure SVI Interface 59
2020-08-14 06:13:15,615--__main__--DEBUG---> 10.10.10.201 Configure SVI Interface 60
2020-08-14 06:13:15,769--__main__--DEBUG---> 10.10.10.201 Configure SVI Interface 61
2020-08-14 06:13:15,932--__main__--DEBUG---> 10.10.10.201 Configure SVI Interface 62
2020-08-14 06:13:16,085--__main__--DEBUG---> 10.10.10.201 Configure SVI Interface 63
2020-08-14 06:13:16,245--__main__--DEBUG---> 10.10.10.201 Configure SVI Interface 64
2020-08-14 06:13:16,409--__main__--DEBUG---> 10.10.10.201 Configure SVI Interface 65
2020-08-14 06:13:16,588--__main__--DEBUG---> 10.10.10.201 Configure SVI Interface 66
2020-08-14 06:13:16,740--__main__--DEBUG---> 10.10.10.201 Configure SVI Interface 67
2020-08-14 06:13:16,894--__main__--DEBUG---> 10.10.10.201 Configure SVI Interface 68
2020-08-14 06:13:17,048--__main__--DEBUG---> 10.10.10.201 Configure SVI Interface 69
2020-08-14 06:13:17,222--__main__--DEBUG---> 10.10.10.201 Configure SVI Interface 70
2020-08-14 06:13:17,376--__main__--DEBUG---> 10.10.10.201 Configure SVI Interface 71
2020-08-14 06:13:17,539--__main__--DEBUG---> 10.10.10.201 Configure SVI Interface 72
2020-08-14 06:13:17,692--__main__--DEBUG---> 10.10.10.201 Configure SVI Interface 73
2020-08-14 06:13:17,846--__main__--DEBUG---> 10.10.10.201 Configure SVI Interface 74
2020-08-14 06:13:18,024--__main__--DEBUG---> 10.10.10.201 Configure SVI Interface 75
2020-08-14 06:13:18,186--__main__--DEBUG---> 10.10.10.201 Configure SVI Interface 76
2020-08-14 06:13:18,360--__main__--DEBUG---> 10.10.10.201 Configure SVI Interface 77
2020-08-14 06:13:18,515--__main__--DEBUG---> 10.10.10.201 Configure SVI Interface 78
2020-08-14 06:13:18,667--__main__--DEBUG---> 10.10.10.201 Configure SVI Interface 79
2020-08-14 06:13:18,839--__main__--DEBUG---> 10.10.10.201 Configure SVI Interface 80
2020-08-14 06:13:18,992--__main__--DEBUG---> 10.10.10.201 Configure SVI Interface 81
2020-08-14 06:13:19,158--__main__--DEBUG---> 10.10.10.201 Configure SVI Interface 82
2020-08-14 06:13:19,327--__main__--DEBUG---> 10.10.10.201 Configure SVI Interface 83
2020-08-14 06:13:19,490--__main__--DEBUG---> 10.10.10.201 Configure SVI Interface 84
2020-08-14 06:13:19,654--__main__--DEBUG---> 10.10.10.201 Configure SVI Interface 85
2020-08-14 06:13:19,812--__main__--DEBUG---> 10.10.10.201 Configure SVI Interface 86
2020-08-14 06:13:19,968--__main__--DEBUG---> 10.10.10.201 Configure SVI Interface 87
2020-08-14 06:13:20,124--__main__--DEBUG---> 10.10.10.201 Configure SVI Interface 88
2020-08-14 06:13:20,286--__main__--DEBUG---> 10.10.10.201 Configure SVI Interface 89
2020-08-14 06:13:20,470--__main__--DEBUG---> 10.10.10.201 Configure SVI Interface 90
2020-08-14 06:13:20,636--__main__--DEBUG---> 10.10.10.201 Configure SVI Interface 91
2020-08-14 06:13:20,803--__main__--DEBUG---> 10.10.10.201 Configure SVI Interface 92
2020-08-14 06:13:20,959--__main__--DEBUG---> 10.10.10.201 Configure SVI Interface 93
2020-08-14 06:13:21,133--__main__--DEBUG---> 10.10.10.201 Configure SVI Interface 94
2020-08-14 06:13:21,292--__main__--DEBUG---> 10.10.10.201 Configure SVI Interface 95
2020-08-14 06:13:21,453--__main__--DEBUG---> 10.10.10.201 Configure SVI Interface 96
2020-08-14 06:13:21,618--__main__--DEBUG---> 10.10.10.201 Configure SVI Interface 97
2020-08-14 06:13:21,780--__main__--DEBUG---> 10.10.10.201 Configure SVI Interface 98
2020-08-14 06:13:21,936--__main__--DEBUG---> 10.10.10.201 Configure SVI Interface 99
2020-08-14 06:13:22,172--__main__--DEBUG---> 10.10.10.201 Configure SVI Interface 100
2020-08-14 06:13:22,407--__main__--ERROR---> 10.10.10.201 Invalid Command b'no interface vlan 0\r\nno interface vlan 1\r\n' b'% Incomplete command\r\n'
NoneType: None
2020-08-14 06:13:28,599--__main__--DEBUG---> 10.10.10.201 Remove all SVI Interfaces
2020-08-14 06:13:30,723--__main__--DEBUG---> 10.10.10.201 Save Configuration
2020-08-14 06:13:31,856--__main__--DEBUG---> b'end\r\nArista1'
2020-08-14 06:13:31,956--__main__--DEBUG---> 10.10.10.201 Close Connection
2020-08-14 06:13:31,957--__main__--DEBUG---> ############################ END CODE ############################
